<?xml version="1.0" encoding="UTF-8"?>
<robot generator="Robot 7.0 (Python 3.10.9 on win32)" generated="2024-05-15T15:18:37.986797" rpa="false" schemaversion="5">
<suite id="s1" name="Cart Page" source="D:\HK6\AutoTest\Automation-Test-Midterm\tests\cart_page.robot">
<test id="s1-t1" name="TC1:Access Cart Page And Verify" line="10">
<kw name="Opening my browser" owner="common" type="SETUP">
<kw name="Open Browser" owner="SeleniumLibrary">
<msg time="2024-05-15T15:18:38.139737" level="INFO">Opening browser 'Chrome' to base url 'https://dapper-pastelito-04ff24.netlify.app/'.</msg>
<arg>${URL_HOME}</arg>
<arg>${BROWSER}</arg>
<doc>Opens a new browser instance to the optional ``url``.</doc>
<status status="PASS" start="2024-05-15T15:18:38.139737" elapsed="3.899268"/>
</kw>
<kw name="Location Should Be" owner="SeleniumLibrary">
<msg time="2024-05-15T15:18:42.046032" level="INFO">Current location is 'https://dapper-pastelito-04ff24.netlify.app/'.</msg>
<arg>${URL_HOME}</arg>
<doc>Verifies that the current URL is exactly ``url``.</doc>
<status status="PASS" start="2024-05-15T15:18:42.039005" elapsed="0.008042"/>
</kw>
<kw name="Maximize Browser Window" owner="SeleniumLibrary">
<doc>Maximizes current browser window.</doc>
<status status="PASS" start="2024-05-15T15:18:42.047047" elapsed="0.042525"/>
</kw>
<status status="PASS" start="2024-05-15T15:18:38.138638" elapsed="3.950934"/>
</kw>
<kw name="Access Cart Page And Verify" owner="cart_page">
<kw name="Run Keyword" owner="BuiltIn">
<kw name="Enter cart page directly and verify UI" owner="cart_page">
<kw name="Go To" owner="SeleniumLibrary">
<msg time="2024-05-15T15:18:42.093568" level="INFO">Opening url 'https://dapper-pastelito-04ff24.netlify.app/cart'</msg>
<arg>${URL_CART}</arg>
<doc>Navigates the current browser window to the provided ``url``.</doc>
<status status="PASS" start="2024-05-15T15:18:42.092572" elapsed="0.456374"/>
</kw>
<kw name="Location Should Be" owner="SeleniumLibrary">
<msg time="2024-05-15T15:18:42.553946" level="INFO">Current location is 'https://dapper-pastelito-04ff24.netlify.app/cart'.</msg>
<arg>${URL_CART}</arg>
<doc>Verifies that the current URL is exactly ``url``.</doc>
<status status="PASS" start="2024-05-15T15:18:42.548946" elapsed="0.005000"/>
</kw>
<kw name="Wait Until Page Contains Element" owner="SeleniumLibrary">
<arg>${cart_icon}</arg>
<doc>Waits until the element ``locator`` appears on the current page.</doc>
<status status="PASS" start="2024-05-15T15:18:42.553946" elapsed="0.012514"/>
</kw>
<kw name="Page Should Contain Element" owner="SeleniumLibrary">
<msg time="2024-05-15T15:18:42.573459" level="INFO">Current page contains element '//*[@id="root"]/div/div[2]/div/img'.</msg>
<arg>${cart_icon}</arg>
<doc>Verifies that element ``locator`` is found on the current page.</doc>
<status status="PASS" start="2024-05-15T15:18:42.566460" elapsed="0.006999"/>
</kw>
<kw name="Page Should Contain" owner="SeleniumLibrary">
<msg time="2024-05-15T15:18:42.584721" level="INFO">Current page contains text 'Your cart is empty'.</msg>
<arg>Your cart is empty</arg>
<doc>Verifies that current page contains ``text``.</doc>
<status status="PASS" start="2024-05-15T15:18:42.573459" elapsed="0.011262"/>
</kw>
<status status="PASS" start="2024-05-15T15:18:42.092572" elapsed="0.492149"/>
</kw>
<arg>${access_method}</arg>
<doc>Executes the given keyword with the given arguments.</doc>
<status status="PASS" start="2024-05-15T15:18:42.090578" elapsed="0.494143"/>
</kw>
<arg>Enter cart page directly and verify UI</arg>
<status status="PASS" start="2024-05-15T15:18:42.089572" elapsed="0.495149"/>
</kw>
<kw name="Access Cart Page And Verify" owner="cart_page">
<kw name="Run Keyword" owner="BuiltIn">
<kw name="Enter cart page from tab link and verify UI" owner="cart_page">
<kw name="Click Element" owner="SeleniumLibrary">
<msg time="2024-05-15T15:18:42.586724" level="INFO">Clicking element '//*[@id="root"]/div/div[1]/div/div/div[4]/ul/li[2]'.</msg>
<arg>${button_cart}</arg>
<doc>Click the element identified by ``locator``.</doc>
<status status="PASS" start="2024-05-15T15:18:42.586724" elapsed="0.045679"/>
</kw>
<kw name="Location Should Be" owner="SeleniumLibrary">
<msg time="2024-05-15T15:18:42.637408" level="INFO">Current location is 'https://dapper-pastelito-04ff24.netlify.app/cart'.</msg>
<arg>${URL_CART}</arg>
<doc>Verifies that the current URL is exactly ``url``.</doc>
<status status="PASS" start="2024-05-15T15:18:42.633386" elapsed="0.004022"/>
</kw>
<kw name="Wait Until Page Contains Element" owner="SeleniumLibrary">
<arg>${cart_icon}</arg>
<doc>Waits until the element ``locator`` appears on the current page.</doc>
<status status="PASS" start="2024-05-15T15:18:42.637408" elapsed="0.006001"/>
</kw>
<kw name="Page Should Contain Element" owner="SeleniumLibrary">
<msg time="2024-05-15T15:18:42.650429" level="INFO">Current page contains element '//*[@id="root"]/div/div[2]/div/img'.</msg>
<arg>${cart_icon}</arg>
<doc>Verifies that element ``locator`` is found on the current page.</doc>
<status status="PASS" start="2024-05-15T15:18:42.644385" elapsed="0.007041"/>
</kw>
<kw name="Page Should Contain" owner="SeleniumLibrary">
<msg time="2024-05-15T15:18:42.659426" level="INFO">Current page contains text 'Your cart is empty'.</msg>
<arg>Your cart is empty</arg>
<doc>Verifies that current page contains ``text``.</doc>
<status status="PASS" start="2024-05-15T15:18:42.651426" elapsed="0.009013"/>
</kw>
<status status="PASS" start="2024-05-15T15:18:42.585724" elapsed="0.074715"/>
</kw>
<arg>${access_method}</arg>
<doc>Executes the given keyword with the given arguments.</doc>
<status status="PASS" start="2024-05-15T15:18:42.585724" elapsed="0.074715"/>
</kw>
<arg>Enter cart page from tab link and verify UI</arg>
<status status="PASS" start="2024-05-15T15:18:42.585724" elapsed="0.074715"/>
</kw>
<kw name="Closing my browser" owner="common" type="TEARDOWN">
<kw name="Close Browser" owner="SeleniumLibrary">
<doc>Closes the current browser.</doc>
<status status="PASS" start="2024-05-15T15:18:42.661448" elapsed="2.100572"/>
</kw>
<status status="PASS" start="2024-05-15T15:18:42.660439" elapsed="2.102511"/>
</kw>
<doc>Verify that the user can access the cart page</doc>
<status status="PASS" start="2024-05-15T15:18:38.137612" elapsed="6.625338"/>
</test>
<test id="s1-t2" name="TC2:Comeback Shop Page From Cart Page" line="15">
<kw name="Opening my browser" owner="common" type="SETUP">
<kw name="Open Browser" owner="SeleniumLibrary">
<msg time="2024-05-15T15:18:44.765907" level="INFO">Opening browser 'Chrome' to base url 'https://dapper-pastelito-04ff24.netlify.app/'.</msg>
<arg>${URL_HOME}</arg>
<arg>${BROWSER}</arg>
<doc>Opens a new browser instance to the optional ``url``.</doc>
<status status="PASS" start="2024-05-15T15:18:44.765009" elapsed="2.506853"/>
</kw>
<kw name="Location Should Be" owner="SeleniumLibrary">
<msg time="2024-05-15T15:18:47.280383" level="INFO">Current location is 'https://dapper-pastelito-04ff24.netlify.app/'.</msg>
<arg>${URL_HOME}</arg>
<doc>Verifies that the current URL is exactly ``url``.</doc>
<status status="PASS" start="2024-05-15T15:18:47.271862" elapsed="0.008521"/>
</kw>
<kw name="Maximize Browser Window" owner="SeleniumLibrary">
<doc>Maximizes current browser window.</doc>
<status status="PASS" start="2024-05-15T15:18:47.281378" elapsed="0.037299"/>
</kw>
<status status="PASS" start="2024-05-15T15:18:44.764004" elapsed="2.554673"/>
</kw>
<kw name="Comeback Shop Page From Cart Page" owner="cart_page">
<kw name="Run Keyword" owner="BuiltIn">
<kw name="Enter page shop from tab link and verify UI" owner="cart_page">
<kw name="Click Element" owner="SeleniumLibrary">
<msg time="2024-05-15T15:18:47.323670" level="INFO">Clicking element '//*[@id="root"]/div/div[1]/div/div/div[4]/ul/li[2]/a'.</msg>
<arg>${cart_tab_btn}</arg>
<doc>Click the element identified by ``locator``.</doc>
<status status="PASS" start="2024-05-15T15:18:47.323670" elapsed="0.064524"/>
</kw>
<kw name="Click Element" owner="SeleniumLibrary">
<msg time="2024-05-15T15:18:47.389196" level="INFO">Clicking element '//*[@id="root"]/div/div[1]/div/div/div[4]/ul/li[1]'.</msg>
<arg>${button_shop}</arg>
<doc>Click the element identified by ``locator``.</doc>
<status status="PASS" start="2024-05-15T15:18:47.388194" elapsed="0.062939"/>
</kw>
<kw name="Location Should Be" owner="SeleniumLibrary">
<msg time="2024-05-15T15:18:47.463150" level="INFO">Current location is 'https://dapper-pastelito-04ff24.netlify.app/shop'.</msg>
<arg>${URL_SHOP}</arg>
<doc>Verifies that the current URL is exactly ``url``.</doc>
<status status="PASS" start="2024-05-15T15:18:47.452124" elapsed="0.011026"/>
</kw>
<kw name="Wait Until Page Contains Element" owner="SeleniumLibrary">
<arg>${menu_bar}</arg>
<doc>Waits until the element ``locator`` appears on the current page.</doc>
<status status="PASS" start="2024-05-15T15:18:47.464146" elapsed="0.009502"/>
</kw>
<kw name="Wait Until Page Contains Element" owner="SeleniumLibrary">
<arg>${product_container}</arg>
<doc>Waits until the element ``locator`` appears on the current page.</doc>
<status status="PASS" start="2024-05-15T15:18:47.474660" elapsed="0.010002"/>
</kw>
<status status="PASS" start="2024-05-15T15:18:47.322671" elapsed="0.162990"/>
</kw>
<arg>${access_method}</arg>
<doc>Executes the given keyword with the given arguments.</doc>
<status status="PASS" start="2024-05-15T15:18:47.321671" elapsed="0.163990"/>
</kw>
<arg>Enter page shop from tab link and verify UI</arg>
<status status="PASS" start="2024-05-15T15:18:47.319675" elapsed="0.165986"/>
</kw>
<kw name="Comeback Shop Page From Cart Page" owner="cart_page">
<kw name="Run Keyword" owner="BuiltIn">
<kw name="Enter page shop from a link and verify UI" owner="cart_page">
<kw name="Click Element" owner="SeleniumLibrary">
<msg time="2024-05-15T15:18:47.488661" level="INFO">Clicking element '//*[@id="root"]/div/div[1]/div/div/div[4]/ul/li[2]/a'.</msg>
<arg>${cart_tab_btn}</arg>
<doc>Click the element identified by ``locator``.</doc>
<status status="PASS" start="2024-05-15T15:18:47.488661" elapsed="0.047007"/>
</kw>
<kw name="Click Element" owner="SeleniumLibrary">
<msg time="2024-05-15T15:18:47.536661" level="INFO">Clicking element '//*[@id="root"]/div/div[2]/div/a'.</msg>
<arg>${alink_shop}</arg>
<doc>Click the element identified by ``locator``.</doc>
<status status="PASS" start="2024-05-15T15:18:47.535668" elapsed="0.055229"/>
</kw>
<kw name="Location Should Be" owner="SeleniumLibrary">
<msg time="2024-05-15T15:18:47.598879" level="INFO">Current location is 'https://dapper-pastelito-04ff24.netlify.app/shop'.</msg>
<arg>${URL_SHOP}</arg>
<doc>Verifies that the current URL is exactly ``url``.</doc>
<status status="PASS" start="2024-05-15T15:18:47.590897" elapsed="0.007982"/>
</kw>
<kw name="Wait Until Page Contains Element" owner="SeleniumLibrary">
<arg>${menu_bar}</arg>
<doc>Waits until the element ``locator`` appears on the current page.</doc>
<status status="PASS" start="2024-05-15T15:18:47.599887" elapsed="0.005998"/>
</kw>
<kw name="Wait Until Page Contains Element" owner="SeleniumLibrary">
<arg>${product_container}</arg>
<doc>Waits until the element ``locator`` appears on the current page.</doc>
<status status="PASS" start="2024-05-15T15:18:47.606857" elapsed="0.008033"/>
</kw>
<status status="PASS" start="2024-05-15T15:18:47.487660" elapsed="0.128231"/>
</kw>
<arg>${access_method}</arg>
<doc>Executes the given keyword with the given arguments.</doc>
<status status="PASS" start="2024-05-15T15:18:47.486660" elapsed="0.129231"/>
</kw>
<arg>Enter page shop from a link and verify UI</arg>
<status status="PASS" start="2024-05-15T15:18:47.486660" elapsed="0.129231"/>
</kw>
<kw name="Closing my browser" owner="common" type="TEARDOWN">
<kw name="Close Browser" owner="SeleniumLibrary">
<doc>Closes the current browser.</doc>
<status status="PASS" start="2024-05-15T15:18:47.616898" elapsed="2.105912"/>
</kw>
<status status="PASS" start="2024-05-15T15:18:47.616898" elapsed="2.106820"/>
</kw>
<doc>Verify that the user can return to the shop page from the cart page</doc>
<status status="PASS" start="2024-05-15T15:18:44.764004" elapsed="4.960839"/>
</test>
<test id="s1-t3" name="TC3:Add Product To Cart And Verify" line="20">
<kw name="Opening my browser" owner="common" type="SETUP">
<kw name="Open Browser" owner="SeleniumLibrary">
<msg time="2024-05-15T15:18:49.726809" level="INFO">Opening browser 'Chrome' to base url 'https://dapper-pastelito-04ff24.netlify.app/'.</msg>
<arg>${URL_HOME}</arg>
<arg>${BROWSER}</arg>
<doc>Opens a new browser instance to the optional ``url``.</doc>
<status status="PASS" start="2024-05-15T15:18:49.726809" elapsed="2.209330"/>
</kw>
<kw name="Location Should Be" owner="SeleniumLibrary">
<msg time="2024-05-15T15:18:51.943138" level="INFO">Current location is 'https://dapper-pastelito-04ff24.netlify.app/'.</msg>
<arg>${URL_HOME}</arg>
<doc>Verifies that the current URL is exactly ``url``.</doc>
<status status="PASS" start="2024-05-15T15:18:51.937157" elapsed="0.005981"/>
</kw>
<kw name="Maximize Browser Window" owner="SeleniumLibrary">
<doc>Maximizes current browser window.</doc>
<status status="PASS" start="2024-05-15T15:18:51.943138" elapsed="0.024002"/>
</kw>
<status status="PASS" start="2024-05-15T15:18:49.725758" elapsed="2.242390"/>
</kw>
<kw name="Add Product To Cart And Verify" owner="cart_page">
<kw name="Run Keyword" owner="BuiltIn">
<kw name="Add product from a link from cart page and verify" owner="cart_page">
<kw name="Click Element" owner="SeleniumLibrary">
<msg time="2024-05-15T15:18:51.971150" level="INFO">Clicking element '//*[@id="root"]/div/div[1]/div/div/div[4]/ul/li[2]/a'.</msg>
<arg>${cart_tab_btn}</arg>
<doc>Click the element identified by ``locator``.</doc>
<status status="PASS" start="2024-05-15T15:18:51.971150" elapsed="0.077530"/>
</kw>
<kw name="Click Element" owner="SeleniumLibrary">
<msg time="2024-05-15T15:18:52.049680" level="INFO">Clicking element '//*[@id="root"]/div/div[2]/div/a'.</msg>
<arg>${alink_shop}</arg>
<doc>Click the element identified by ``locator``.</doc>
<status status="PASS" start="2024-05-15T15:18:52.049680" elapsed="0.062538"/>
</kw>
<kw name="Location Should Be" owner="SeleniumLibrary">
<msg time="2024-05-15T15:18:52.118197" level="INFO">Current location is 'https://dapper-pastelito-04ff24.netlify.app/shop'.</msg>
<arg>${URL_SHOP}</arg>
<doc>Verifies that the current URL is exactly ``url``.</doc>
<status status="PASS" start="2024-05-15T15:18:52.113243" elapsed="0.004954"/>
</kw>
<kw name="Wait Until Page Contains Element" owner="SeleniumLibrary">
<arg>${menu_bar}</arg>
<doc>Waits until the element ``locator`` appears on the current page.</doc>
<status status="PASS" start="2024-05-15T15:18:52.119196" elapsed="0.013033"/>
</kw>
<kw name="Wait Until Page Contains Element" owner="SeleniumLibrary">
<arg>${product_container}</arg>
<doc>Waits until the element ``locator`` appears on the current page.</doc>
<status status="PASS" start="2024-05-15T15:18:52.133214" elapsed="0.011988"/>
</kw>
<kw name="Wait Until Element Is Visible" owner="SeleniumLibrary">
<arg>xpath=/html/body/div/div/div[2]/div[2]/div[1]/div/div[2]/button</arg>
<doc>Waits until the element ``locator`` is visible.</doc>
<status status="PASS" start="2024-05-15T15:18:52.145202" elapsed="0.710491"/>
</kw>
<kw name="Click Element" owner="SeleniumLibrary">
<msg time="2024-05-15T15:18:52.856656" level="INFO">Clicking element 'xpath=/html/body/div/div/div[2]/div[2]/div[1]/div/div[2]/button'.</msg>
<arg>xpath=/html/body/div/div/div[2]/div[2]/div[1]/div/div[2]/button</arg>
<doc>Click the element identified by ``locator``.</doc>
<status status="PASS" start="2024-05-15T15:18:52.856656" elapsed="0.052510"/>
</kw>
<kw name="Wait Until Element Is Visible" owner="SeleniumLibrary">
<arg>xpath=/html/body/div[1]/div/div[1]/div/div/div[4]/ul/li[2]/a/div</arg>
<doc>Waits until the element ``locator`` is visible.</doc>
<status status="PASS" start="2024-05-15T15:18:52.910171" elapsed="0.715947"/>
</kw>
<kw name="Get Text" owner="SeleniumLibrary">
<msg time="2024-05-15T15:18:53.650439" level="INFO">${element_text} = 1</msg>
<var>${element_text}</var>
<arg>xpath=/html/body/div[1]/div/div[1]/div/div/div[4]/ul/li[2]/a/div</arg>
<doc>Returns the text value of the element identified by ``locator``.</doc>
<status status="PASS" start="2024-05-15T15:18:53.627139" elapsed="0.024338"/>
</kw>
<kw name="Should Be Equal As Strings" owner="BuiltIn">
<arg>${element_text}</arg>
<arg>1</arg>
<doc>Fails if objects are unequal after converting them to strings.</doc>
<status status="PASS" start="2024-05-15T15:18:53.652473" elapsed="0.001002"/>
</kw>
<kw name="Click Element" owner="SeleniumLibrary">
<msg time="2024-05-15T15:18:53.654473" level="INFO">Clicking element '//*[@id="root"]/div/div[1]/div/div/div[4]/ul/li[2]/a'.</msg>
<arg>${cart_tab_btn}</arg>
<doc>Click the element identified by ``locator``.</doc>
<status status="PASS" start="2024-05-15T15:18:53.653475" elapsed="0.073539"/>
</kw>
<kw name="Wait Until Page Contains Element" owner="SeleniumLibrary">
<arg>//*[@id="root"]/div/div[2]/div/div[1]/table</arg>
<doc>Waits until the element ``locator`` appears on the current page.</doc>
<status status="PASS" start="2024-05-15T15:18:53.728015" elapsed="0.014999"/>
</kw>
<kw name="Get Text" owner="SeleniumLibrary">
<msg time="2024-05-15T15:18:53.761010" level="INFO">${quantity_value} = 1</msg>
<var>${quantity_value}</var>
<arg>xpath=//*[@id="root"]/div/div[2]/div/div[1]/table/tbody/tr/td[4]/div/div/span</arg>
<doc>Returns the text value of the element identified by ``locator``.</doc>
<status status="PASS" start="2024-05-15T15:18:53.743014" elapsed="0.017996"/>
</kw>
<kw name="Should Be Equal As Strings" owner="BuiltIn">
<arg>${quantity_value}</arg>
<arg>1</arg>
<doc>Fails if objects are unequal after converting them to strings.</doc>
<status status="PASS" start="2024-05-15T15:18:53.761010" elapsed="0.001000"/>
</kw>
<kw name="Wait Until Page Contains Element" owner="SeleniumLibrary">
<arg>//*[@id="root"]/div/div[2]/div/div[4]/div</arg>
<doc>Waits until the element ``locator`` appears on the current page.</doc>
<status status="PASS" start="2024-05-15T15:18:53.762010" elapsed="0.014039"/>
</kw>
<kw name="Get Text" owner="SeleniumLibrary">
<msg time="2024-05-15T15:18:53.795193" level="INFO">${checkout_value} = Continue to checkout</msg>
<var>${checkout_value}</var>
<arg>//*[@id="root"]/div/div[2]/div/div[4]/div/button</arg>
<doc>Returns the text value of the element identified by ``locator``.</doc>
<status status="PASS" start="2024-05-15T15:18:53.777053" elapsed="0.019030"/>
</kw>
<kw name="Should Be Equal As Strings" owner="BuiltIn">
<arg>${checkout_value}</arg>
<arg>Continue to checkout</arg>
<doc>Fails if objects are unequal after converting them to strings.</doc>
<status status="PASS" start="2024-05-15T15:18:53.796083" elapsed="0.000000"/>
</kw>
<status status="PASS" start="2024-05-15T15:18:51.970151" elapsed="1.826932"/>
</kw>
<arg>${access_method}</arg>
<doc>Executes the given keyword with the given arguments.</doc>
<status status="PASS" start="2024-05-15T15:18:51.969148" elapsed="1.827935"/>
</kw>
<arg>Add product from a link from cart page and verify</arg>
<status status="PASS" start="2024-05-15T15:18:51.968148" elapsed="1.828935"/>
</kw>
<kw name="Add Product To Cart And Verify" owner="cart_page">
<kw name="Run Keyword" owner="BuiltIn">
<kw name="Add product from tab link shop from cart page and verify" owner="cart_page">
<kw name="Click Element" owner="SeleniumLibrary">
<msg time="2024-05-15T15:18:53.802087" level="INFO">Clicking element '//*[@id="root"]/div/div[1]/div/div/div[4]/ul/li[1]'.</msg>
<arg>${button_shop}</arg>
<doc>Click the element identified by ``locator``.</doc>
<status status="PASS" start="2024-05-15T15:18:53.801088" elapsed="0.050847"/>
</kw>
<kw name="Location Should Be" owner="SeleniumLibrary">
<msg time="2024-05-15T15:18:53.858929" level="INFO">Current location is 'https://dapper-pastelito-04ff24.netlify.app/shop'.</msg>
<arg>${URL_SHOP}</arg>
<doc>Verifies that the current URL is exactly ``url``.</doc>
<status status="PASS" start="2024-05-15T15:18:53.852929" elapsed="0.007005"/>
</kw>
<kw name="Wait Until Page Contains Element" owner="SeleniumLibrary">
<arg>${menu_bar}</arg>
<doc>Waits until the element ``locator`` appears on the current page.</doc>
<status status="PASS" start="2024-05-15T15:18:53.859934" elapsed="0.009994"/>
</kw>
<kw name="Wait Until Page Contains Element" owner="SeleniumLibrary">
<arg>${product_container}</arg>
<doc>Waits until the element ``locator`` appears on the current page.</doc>
<status status="PASS" start="2024-05-15T15:18:53.870948" elapsed="0.011035"/>
</kw>
<kw name="Wait Until Element Is Visible" owner="SeleniumLibrary">
<arg>xpath=/html/body/div/div/div[2]/div[2]/div[1]/div/div[2]/button</arg>
<doc>Waits until the element ``locator`` is visible.</doc>
<status status="PASS" start="2024-05-15T15:18:53.881983" elapsed="0.786766"/>
</kw>
<kw name="Click Element" owner="SeleniumLibrary">
<msg time="2024-05-15T15:18:54.669764" level="INFO">Clicking element 'xpath=/html/body/div/div/div[2]/div[2]/div[1]/div/div[2]/button'.</msg>
<arg>xpath=/html/body/div/div/div[2]/div[2]/div[1]/div/div[2]/button</arg>
<doc>Click the element identified by ``locator``.</doc>
<status status="PASS" start="2024-05-15T15:18:54.668749" elapsed="0.069964"/>
</kw>
<kw name="Wait Until Element Is Visible" owner="SeleniumLibrary">
<arg>xpath=/html/body/div[1]/div/div[1]/div/div/div[4]/ul/li[2]/a/div</arg>
<doc>Waits until the element ``locator`` is visible.</doc>
<status status="PASS" start="2024-05-15T15:18:54.739779" elapsed="0.024148"/>
</kw>
<kw name="Get Text" owner="SeleniumLibrary">
<msg time="2024-05-15T15:18:54.789614" level="INFO">${element_text} = 1</msg>
<var>${element_text}</var>
<arg>xpath=/html/body/div[1]/div/div[1]/div/div/div[4]/ul/li[2]/a/div</arg>
<doc>Returns the text value of the element identified by ``locator``.</doc>
<status status="PASS" start="2024-05-15T15:18:54.763927" elapsed="0.026964"/>
</kw>
<kw name="Should Be Equal As Strings" owner="BuiltIn">
<arg>${element_text}</arg>
<arg>1</arg>
<doc>Fails if objects are unequal after converting them to strings.</doc>
<status status="PASS" start="2024-05-15T15:18:54.790891" elapsed="0.001044"/>
</kw>
<kw name="Click Element" owner="SeleniumLibrary">
<msg time="2024-05-15T15:18:54.791935" level="INFO">Clicking element '//*[@id="root"]/div/div[1]/div/div/div[4]/ul/li[2]/a'.</msg>
<arg>${cart_tab_btn}</arg>
<doc>Click the element identified by ``locator``.</doc>
<status status="PASS" start="2024-05-15T15:18:54.791935" elapsed="0.074424"/>
</kw>
<kw name="Wait Until Page Contains Element" owner="SeleniumLibrary">
<arg>//*[@id="root"]/div/div[2]/div/div[1]/table</arg>
<doc>Waits until the element ``locator`` appears on the current page.</doc>
<status status="PASS" start="2024-05-15T15:18:54.867375" elapsed="0.010322"/>
</kw>
<kw name="Get Text" owner="SeleniumLibrary">
<msg time="2024-05-15T15:18:54.907740" level="INFO">${quantity_value} = 1</msg>
<var>${quantity_value}</var>
<arg>xpath=//*[@id="root"]/div/div[2]/div/div[1]/table/tbody/tr/td[4]/div/div/span</arg>
<doc>Returns the text value of the element identified by ``locator``.</doc>
<status status="PASS" start="2024-05-15T15:18:54.878697" elapsed="0.029043"/>
</kw>
<kw name="Should Be Equal As Strings" owner="BuiltIn">
<arg>${quantity_value}</arg>
<arg>1</arg>
<doc>Fails if objects are unequal after converting them to strings.</doc>
<status status="PASS" start="2024-05-15T15:18:54.908699" elapsed="0.000000"/>
</kw>
<kw name="Wait Until Page Contains Element" owner="SeleniumLibrary">
<arg>//*[@id="root"]/div/div[2]/div/div[4]/div</arg>
<doc>Waits until the element ``locator`` appears on the current page.</doc>
<status status="PASS" start="2024-05-15T15:18:54.908699" elapsed="0.009654"/>
</kw>
<kw name="Get Text" owner="SeleniumLibrary">
<msg time="2024-05-15T15:18:54.940281" level="INFO">${checkout_value} = Continue to checkout</msg>
<var>${checkout_value}</var>
<arg>//*[@id="root"]/div/div[2]/div/div[4]/div/button</arg>
<doc>Returns the text value of the element identified by ``locator``.</doc>
<status status="PASS" start="2024-05-15T15:18:54.919421" elapsed="0.020860"/>
</kw>
<kw name="Should Be Equal As Strings" owner="BuiltIn">
<arg>${checkout_value}</arg>
<arg>Continue to checkout</arg>
<doc>Fails if objects are unequal after converting them to strings.</doc>
<status status="PASS" start="2024-05-15T15:18:54.941303" elapsed="0.000000"/>
</kw>
<kw name="Click Element" owner="SeleniumLibrary">
<msg time="2024-05-15T15:18:54.942298" level="INFO">Clicking element '//*[@id="root"]/div/div[1]/div/div/div[4]/ul/li[1]'.</msg>
<arg>${button_shop}</arg>
<doc>Click the element identified by ``locator``.</doc>
<status status="PASS" start="2024-05-15T15:18:54.942298" elapsed="0.063575"/>
</kw>
<kw name="Wait Until Element Is Visible" owner="SeleniumLibrary">
<arg>xpath=/html/body/div/div/div[2]/div[2]/div[2]/div/div[2]/button</arg>
<doc>Waits until the element ``locator`` is visible.</doc>
<status status="PASS" start="2024-05-15T15:18:55.006812" elapsed="1.664842"/>
</kw>
<kw name="Click Element" owner="SeleniumLibrary">
<msg time="2024-05-15T15:18:56.672653" level="INFO">Clicking element 'xpath=/html/body/div/div/div[2]/div[2]/div[2]/div/div[2]/button'.</msg>
<arg>xpath=/html/body/div/div/div[2]/div[2]/div[2]/div/div[2]/button</arg>
<doc>Click the element identified by ``locator``.</doc>
<status status="PASS" start="2024-05-15T15:18:56.672653" elapsed="0.070298"/>
</kw>
<kw name="Wait Until Element Is Enabled" owner="SeleniumLibrary">
<arg>xpath=/html/body/div/div/div[2]/div[2]/div[2]/div/div[2]/button</arg>
<doc>Waits until the element ``locator`` is enabled.</doc>
<status status="PASS" start="2024-05-15T15:18:56.743924" elapsed="0.791287"/>
</kw>
<kw name="Wait Until Element Is Visible" owner="SeleniumLibrary">
<arg>xpath=/html/body/div[1]/div/div[1]/div/div/div[4]/ul/li[2]/a/div</arg>
<doc>Waits until the element ``locator`` is visible.</doc>
<status status="PASS" start="2024-05-15T15:18:57.535211" elapsed="0.026001"/>
</kw>
<kw name="Get Text" owner="SeleniumLibrary">
<msg time="2024-05-15T15:18:57.586219" level="INFO">${element_text} = 2</msg>
<var>${element_text}</var>
<arg>xpath=/html/body/div[1]/div/div[1]/div/div/div[4]/ul/li[2]/a/div</arg>
<doc>Returns the text value of the element identified by ``locator``.</doc>
<status status="PASS" start="2024-05-15T15:18:57.562212" elapsed="0.025029"/>
</kw>
<kw name="Should Be Equal As Strings" owner="BuiltIn">
<arg>${element_text}</arg>
<arg>2</arg>
<doc>Fails if objects are unequal after converting them to strings.</doc>
<status status="PASS" start="2024-05-15T15:18:57.587241" elapsed="0.000976"/>
</kw>
<status status="PASS" start="2024-05-15T15:18:53.800091" elapsed="3.789128"/>
</kw>
<arg>${access_method}</arg>
<doc>Executes the given keyword with the given arguments.</doc>
<status status="PASS" start="2024-05-15T15:18:53.798087" elapsed="3.791132"/>
</kw>
<arg>Add product from tab link shop from cart page and verify</arg>
<status status="PASS" start="2024-05-15T15:18:53.797083" elapsed="3.792136"/>
</kw>
<kw name="Closing my browser" owner="common" type="TEARDOWN">
<kw name="Close Browser" owner="SeleniumLibrary">
<doc>Closes the current browser.</doc>
<status status="PASS" start="2024-05-15T15:18:57.590729" elapsed="2.121901"/>
</kw>
<status status="PASS" start="2024-05-15T15:18:57.590729" elapsed="2.122794"/>
</kw>
<doc>Verify that the user can add a product to the cart and see it in the cart</doc>
<status status="PASS" start="2024-05-15T15:18:49.724843" elapsed="9.988680"/>
</test>
<test id="s1-t4" name="TC4:Remove Product From Cart And Verify" line="25">
<kw name="Opening my browser" owner="common" type="SETUP">
<kw name="Open Browser" owner="SeleniumLibrary">
<msg time="2024-05-15T15:18:59.718519" level="INFO">Opening browser 'Chrome' to base url 'https://dapper-pastelito-04ff24.netlify.app/'.</msg>
<arg>${URL_HOME}</arg>
<arg>${BROWSER}</arg>
<doc>Opens a new browser instance to the optional ``url``.</doc>
<status status="PASS" start="2024-05-15T15:18:59.717519" elapsed="2.338065"/>
</kw>
<kw name="Location Should Be" owner="SeleniumLibrary">
<msg time="2024-05-15T15:19:02.063585" level="INFO">Current location is 'https://dapper-pastelito-04ff24.netlify.app/'.</msg>
<arg>${URL_HOME}</arg>
<doc>Verifies that the current URL is exactly ``url``.</doc>
<status status="PASS" start="2024-05-15T15:19:02.055584" elapsed="0.009003"/>
</kw>
<kw name="Maximize Browser Window" owner="SeleniumLibrary">
<doc>Maximizes current browser window.</doc>
<status status="PASS" start="2024-05-15T15:19:02.064587" elapsed="0.055391"/>
</kw>
<status status="PASS" start="2024-05-15T15:18:59.716518" elapsed="2.404452"/>
</kw>
<kw name="Remove Product From Cart And Verify" owner="cart_page">
<kw name="Run Keyword" owner="BuiltIn">
<kw name="Remove product and verify products by minus sign" owner="cart_page">
<kw name="Click Element" owner="SeleniumLibrary">
<msg time="2024-05-15T15:19:02.124971" level="INFO">Clicking element '//*[@id="root"]/div/div[1]/div/div/div[4]/ul/li[1]'.</msg>
<arg>${button_shop}</arg>
<doc>Click the element identified by ``locator``.</doc>
<status status="PASS" start="2024-05-15T15:19:02.123979" elapsed="0.076872"/>
</kw>
<kw name="Location Should Be" owner="SeleniumLibrary">
<msg time="2024-05-15T15:19:02.214844" level="INFO">Current location is 'https://dapper-pastelito-04ff24.netlify.app/shop'.</msg>
<arg>${URL_SHOP}</arg>
<doc>Verifies that the current URL is exactly ``url``.</doc>
<status status="PASS" start="2024-05-15T15:19:02.201861" elapsed="0.013989"/>
</kw>
<kw name="Wait Until Page Contains Element" owner="SeleniumLibrary">
<arg>${menu_bar}</arg>
<doc>Waits until the element ``locator`` appears on the current page.</doc>
<status status="PASS" start="2024-05-15T15:19:02.216854" elapsed="0.011993"/>
</kw>
<kw name="Wait Until Page Contains Element" owner="SeleniumLibrary">
<arg>${product_container}</arg>
<doc>Waits until the element ``locator`` appears on the current page.</doc>
<status status="PASS" start="2024-05-15T15:19:02.229846" elapsed="0.010004"/>
</kw>
<kw name="Wait Until Element Is Visible" owner="SeleniumLibrary">
<arg>xpath=/html/body/div/div/div[2]/div[2]/div[1]/div/div[2]/button</arg>
<doc>Waits until the element ``locator`` is visible.</doc>
<status status="PASS" start="2024-05-15T15:19:02.240845" elapsed="0.924740"/>
</kw>
<kw name="Click Element" owner="SeleniumLibrary">
<msg time="2024-05-15T15:19:03.166584" level="INFO">Clicking element 'xpath=/html/body/div/div/div[2]/div[2]/div[1]/div/div[2]/button'.</msg>
<arg>xpath=/html/body/div/div/div[2]/div[2]/div[1]/div/div[2]/button</arg>
<doc>Click the element identified by ``locator``.</doc>
<status status="PASS" start="2024-05-15T15:19:03.165585" elapsed="0.084532"/>
</kw>
<kw name="Wait Until Element Is Visible" owner="SeleniumLibrary">
<arg>xpath=/html/body/div[1]/div/div[1]/div/div/div[4]/ul/li[2]/a/div</arg>
<doc>Waits until the element ``locator`` is visible.</doc>
<status status="PASS" start="2024-05-15T15:19:03.251115" elapsed="0.683105"/>
</kw>
<kw name="Get Text" owner="SeleniumLibrary">
<msg time="2024-05-15T15:19:03.952256" level="INFO">${element_text} = 1</msg>
<var>${element_text}</var>
<arg>xpath=/html/body/div[1]/div/div[1]/div/div/div[4]/ul/li[2]/a/div</arg>
<doc>Returns the text value of the element identified by ``locator``.</doc>
<status status="PASS" start="2024-05-15T15:19:03.935219" elapsed="0.017037"/>
</kw>
<kw name="Should Be Equal As Strings" owner="BuiltIn">
<arg>${element_text}</arg>
<arg>1</arg>
<doc>Fails if objects are unequal after converting them to strings.</doc>
<status status="PASS" start="2024-05-15T15:19:03.953260" elapsed="0.000000"/>
</kw>
<kw name="Click Element" owner="SeleniumLibrary">
<msg time="2024-05-15T15:19:03.954270" level="INFO">Clicking element '//*[@id="root"]/div/div[1]/div/div/div[4]/ul/li[2]/a'.</msg>
<arg>${cart_tab_btn}</arg>
<doc>Click the element identified by ``locator``.</doc>
<status status="PASS" start="2024-05-15T15:19:03.954270" elapsed="0.051405"/>
</kw>
<kw name="Wait Until Page Contains Element" owner="SeleniumLibrary">
<arg>//*[@id="root"]/div/div[2]/div/div[1]/table</arg>
<doc>Waits until the element ``locator`` appears on the current page.</doc>
<status status="PASS" start="2024-05-15T15:19:04.006675" elapsed="0.015974"/>
</kw>
<kw name="Get Text" owner="SeleniumLibrary">
<msg time="2024-05-15T15:19:04.046642" level="INFO">${quantity_value} = 1</msg>
<var>${quantity_value}</var>
<arg>xpath=//*[@id="root"]/div/div[2]/div/div[1]/table/tbody/tr/td[4]/div/div/span</arg>
<doc>Returns the text value of the element identified by ``locator``.</doc>
<status status="PASS" start="2024-05-15T15:19:04.023640" elapsed="0.024006"/>
</kw>
<kw name="Should Be Equal As Strings" owner="BuiltIn">
<arg>${quantity_value}</arg>
<arg>1</arg>
<doc>Fails if objects are unequal after converting them to strings.</doc>
<status status="PASS" start="2024-05-15T15:19:04.047646" elapsed="0.000996"/>
</kw>
<kw name="Wait Until Page Contains Element" owner="SeleniumLibrary">
<arg>//*[@id="root"]/div/div[2]/div/div[4]/div</arg>
<doc>Waits until the element ``locator`` appears on the current page.</doc>
<status status="PASS" start="2024-05-15T15:19:04.049641" elapsed="0.013279"/>
</kw>
<kw name="Get Text" owner="SeleniumLibrary">
<msg time="2024-05-15T15:19:04.083433" level="INFO">${checkout_value} = Continue to checkout</msg>
<var>${checkout_value}</var>
<arg>//*[@id="root"]/div/div[2]/div/div[4]/div/button</arg>
<doc>Returns the text value of the element identified by ``locator``.</doc>
<status status="PASS" start="2024-05-15T15:19:04.062920" elapsed="0.020513"/>
</kw>
<kw name="Should Be Equal As Strings" owner="BuiltIn">
<arg>${checkout_value}</arg>
<arg>Continue to checkout</arg>
<doc>Fails if objects are unequal after converting them to strings.</doc>
<status status="PASS" start="2024-05-15T15:19:04.084434" elapsed="0.000000"/>
</kw>
<kw name="Wait Until Element Is Visible" owner="SeleniumLibrary">
<arg>xpath=//*[@id="root"]/div/div[2]/div/div[1]/table/tbody/tr/td[4]/div/div/button[1]</arg>
<doc>Waits until the element ``locator`` is visible.</doc>
<status status="PASS" start="2024-05-15T15:19:04.084434" elapsed="0.017148"/>
</kw>
<kw name="Click Element" owner="SeleniumLibrary">
<msg time="2024-05-15T15:19:04.102095" level="INFO">Clicking element 'xpath=//*[@id="root"]/div/div[2]/div/div[1]/table/tbody/tr/td[4]/div/div/button[1]'.</msg>
<arg>xpath=//*[@id="root"]/div/div[2]/div/div[1]/table/tbody/tr/td[4]/div/div/button[1]</arg>
<doc>Click the element identified by ``locator``.</doc>
<status status="PASS" start="2024-05-15T15:19:04.101582" elapsed="0.034798"/>
</kw>
<kw name="Wait Until Page Contains Element" owner="SeleniumLibrary">
<arg>${cart_icon}</arg>
<doc>Waits until the element ``locator`` appears on the current page.</doc>
<status status="PASS" start="2024-05-15T15:19:04.137335" elapsed="0.013994"/>
</kw>
<kw name="Page Should Contain Element" owner="SeleniumLibrary">
<msg time="2024-05-15T15:19:04.161332" level="INFO">Current page contains element '//*[@id="root"]/div/div[2]/div/img'.</msg>
<arg>${cart_icon}</arg>
<doc>Verifies that element ``locator`` is found on the current page.</doc>
<status status="PASS" start="2024-05-15T15:19:04.152329" elapsed="0.009003"/>
</kw>
<kw name="Page Should Contain" owner="SeleniumLibrary">
<msg time="2024-05-15T15:19:04.174329" level="INFO">Current page contains text 'Your cart is empty'.</msg>
<arg>Your cart is empty</arg>
<doc>Verifies that current page contains ``text``.</doc>
<status status="PASS" start="2024-05-15T15:19:04.162330" elapsed="0.012998"/>
</kw>
<status status="PASS" start="2024-05-15T15:19:02.122972" elapsed="2.052356"/>
</kw>
<arg>${access_method}</arg>
<doc>Executes the given keyword with the given arguments.</doc>
<status status="PASS" start="2024-05-15T15:19:02.121976" elapsed="2.053352"/>
</kw>
<arg>Remove product and verify products by minus sign</arg>
<status status="PASS" start="2024-05-15T15:19:02.120970" elapsed="2.054358"/>
</kw>
<kw name="Remove Product From Cart And Verify" owner="cart_page">
<kw name="Run Keyword" owner="BuiltIn">
<kw name="Remove product and verify products by remove link" owner="cart_page">
<kw name="Click Element" owner="SeleniumLibrary">
<msg time="2024-05-15T15:19:04.177365" level="INFO">Clicking element '//*[@id="root"]/div/div[1]/div/div/div[4]/ul/li[1]'.</msg>
<arg>${button_shop}</arg>
<doc>Click the element identified by ``locator``.</doc>
<status status="PASS" start="2024-05-15T15:19:04.177365" elapsed="0.043980"/>
</kw>
<kw name="Location Should Be" owner="SeleniumLibrary">
<msg time="2024-05-15T15:19:04.231352" level="INFO">Current location is 'https://dapper-pastelito-04ff24.netlify.app/shop'.</msg>
<arg>${URL_SHOP}</arg>
<doc>Verifies that the current URL is exactly ``url``.</doc>
<status status="PASS" start="2024-05-15T15:19:04.222385" elapsed="0.008967"/>
</kw>
<kw name="Wait Until Page Contains Element" owner="SeleniumLibrary">
<arg>${menu_bar}</arg>
<doc>Waits until the element ``locator`` appears on the current page.</doc>
<status status="PASS" start="2024-05-15T15:19:04.232350" elapsed="0.009999"/>
</kw>
<kw name="Wait Until Page Contains Element" owner="SeleniumLibrary">
<arg>${product_container}</arg>
<doc>Waits until the element ``locator`` appears on the current page.</doc>
<status status="PASS" start="2024-05-15T15:19:04.243400" elapsed="0.007060"/>
</kw>
<kw name="Wait Until Element Is Visible" owner="SeleniumLibrary">
<arg>xpath=/html/body/div/div/div[2]/div[2]/div[1]/div/div[2]/button</arg>
<doc>Waits until the element ``locator`` is visible.</doc>
<status status="PASS" start="2024-05-15T15:19:04.251412" elapsed="0.705444"/>
</kw>
<kw name="Click Element" owner="SeleniumLibrary">
<msg time="2024-05-15T15:19:04.957852" level="INFO">Clicking element 'xpath=/html/body/div/div/div[2]/div[2]/div[1]/div/div[2]/button'.</msg>
<arg>xpath=/html/body/div/div/div[2]/div[2]/div[1]/div/div[2]/button</arg>
<doc>Click the element identified by ``locator``.</doc>
<status status="PASS" start="2024-05-15T15:19:04.957852" elapsed="0.029419"/>
</kw>
<kw name="Wait Until Element Is Visible" owner="SeleniumLibrary">
<arg>xpath=/html/body/div[1]/div/div[1]/div/div/div[4]/ul/li[2]/a/div</arg>
<doc>Waits until the element ``locator`` is visible.</doc>
<status status="PASS" start="2024-05-15T15:19:04.988276" elapsed="0.672013"/>
</kw>
<kw name="Get Text" owner="SeleniumLibrary">
<msg time="2024-05-15T15:19:05.678272" level="INFO">${element_text} = 1</msg>
<var>${element_text}</var>
<arg>xpath=/html/body/div[1]/div/div[1]/div/div/div[4]/ul/li[2]/a/div</arg>
<doc>Returns the text value of the element identified by ``locator``.</doc>
<status status="PASS" start="2024-05-15T15:19:05.660289" elapsed="0.017983"/>
</kw>
<kw name="Should Be Equal As Strings" owner="BuiltIn">
<arg>${element_text}</arg>
<arg>1</arg>
<doc>Fails if objects are unequal after converting them to strings.</doc>
<status status="PASS" start="2024-05-15T15:19:05.679288" elapsed="0.000000"/>
</kw>
<kw name="Click Element" owner="SeleniumLibrary">
<msg time="2024-05-15T15:19:05.680288" level="INFO">Clicking element '//*[@id="root"]/div/div[1]/div/div/div[4]/ul/li[2]/a'.</msg>
<arg>${cart_tab_btn}</arg>
<doc>Click the element identified by ``locator``.</doc>
<status status="PASS" start="2024-05-15T15:19:05.679288" elapsed="0.034464"/>
</kw>
<kw name="Wait Until Page Contains Element" owner="SeleniumLibrary">
<arg>//*[@id="root"]/div/div[2]/div/div[1]/table</arg>
<doc>Waits until the element ``locator`` appears on the current page.</doc>
<status status="PASS" start="2024-05-15T15:19:05.713752" elapsed="0.008019"/>
</kw>
<kw name="Get Text" owner="SeleniumLibrary">
<msg time="2024-05-15T15:19:05.742769" level="INFO">${quantity_value} = 1</msg>
<var>${quantity_value}</var>
<arg>xpath=//*[@id="root"]/div/div[2]/div/div[1]/table/tbody/tr/td[4]/div/div/span</arg>
<doc>Returns the text value of the element identified by ``locator``.</doc>
<status status="PASS" start="2024-05-15T15:19:05.721771" elapsed="0.020998"/>
</kw>
<kw name="Should Be Equal As Strings" owner="BuiltIn">
<arg>${quantity_value}</arg>
<arg>1</arg>
<doc>Fails if objects are unequal after converting them to strings.</doc>
<status status="PASS" start="2024-05-15T15:19:05.743750" elapsed="0.001025"/>
</kw>
<kw name="Wait Until Page Contains Element" owner="SeleniumLibrary">
<arg>//*[@id="root"]/div/div[2]/div/div[4]/div</arg>
<doc>Waits until the element ``locator`` appears on the current page.</doc>
<status status="PASS" start="2024-05-15T15:19:05.744775" elapsed="0.007995"/>
</kw>
<kw name="Get Text" owner="SeleniumLibrary">
<msg time="2024-05-15T15:19:05.768750" level="INFO">${checkout_value} = Continue to checkout</msg>
<var>${checkout_value}</var>
<arg>//*[@id="root"]/div/div[2]/div/div[4]/div/button</arg>
<doc>Returns the text value of the element identified by ``locator``.</doc>
<status status="PASS" start="2024-05-15T15:19:05.752770" elapsed="0.015980"/>
</kw>
<kw name="Should Be Equal As Strings" owner="BuiltIn">
<arg>${checkout_value}</arg>
<arg>Continue to checkout</arg>
<doc>Fails if objects are unequal after converting them to strings.</doc>
<status status="PASS" start="2024-05-15T15:19:05.769765" elapsed="0.000000"/>
</kw>
<kw name="Wait Until Element Is Visible" owner="SeleniumLibrary">
<arg>xpath=/html/body/div[1]/div/div[2]/div/div[1]/table/tbody/tr/td[4]/div/button</arg>
<doc>Waits until the element ``locator`` is visible.</doc>
<status status="PASS" start="2024-05-15T15:19:05.769765" elapsed="0.017985"/>
</kw>
<kw name="Click Element" owner="SeleniumLibrary">
<msg time="2024-05-15T15:19:05.788770" level="INFO">Clicking element 'xpath=/html/body/div[1]/div/div[2]/div/div[1]/table/tbody/tr/td[4]/div/button'.</msg>
<arg>xpath=/html/body/div[1]/div/div[2]/div/div[1]/table/tbody/tr/td[4]/div/button</arg>
<doc>Click the element identified by ``locator``.</doc>
<status status="PASS" start="2024-05-15T15:19:05.788770" elapsed="0.041058"/>
</kw>
<kw name="Wait Until Page Contains Element" owner="SeleniumLibrary">
<arg>${cart_icon}</arg>
<doc>Waits until the element ``locator`` appears on the current page.</doc>
<status status="PASS" start="2024-05-15T15:19:05.830843" elapsed="0.007757"/>
</kw>
<kw name="Page Should Contain Element" owner="SeleniumLibrary">
<msg time="2024-05-15T15:19:05.847591" level="INFO">Current page contains element '//*[@id="root"]/div/div[2]/div/img'.</msg>
<arg>${cart_icon}</arg>
<doc>Verifies that element ``locator`` is found on the current page.</doc>
<status status="PASS" start="2024-05-15T15:19:05.839598" elapsed="0.007993"/>
</kw>
<kw name="Page Should Contain" owner="SeleniumLibrary">
<msg time="2024-05-15T15:19:05.858629" level="INFO">Current page contains text 'Your cart is empty'.</msg>
<arg>Your cart is empty</arg>
<doc>Verifies that current page contains ``text``.</doc>
<status status="PASS" start="2024-05-15T15:19:05.847591" elapsed="0.011038"/>
</kw>
<status status="PASS" start="2024-05-15T15:19:04.176325" elapsed="1.683269"/>
</kw>
<arg>${access_method}</arg>
<doc>Executes the given keyword with the given arguments.</doc>
<status status="PASS" start="2024-05-15T15:19:04.176325" elapsed="1.683269"/>
</kw>
<arg>Remove product and verify products by remove link</arg>
<status status="PASS" start="2024-05-15T15:19:04.175328" elapsed="1.684266"/>
</kw>
<kw name="Remove Product From Cart And Verify" owner="cart_page">
<kw name="Run Keyword" owner="BuiltIn">
<kw name="Remove product and verify products by remove all link" owner="cart_page">
<kw name="Click Element" owner="SeleniumLibrary">
<msg time="2024-05-15T15:19:05.863594" level="INFO">Clicking element '//*[@id="root"]/div/div[1]/div/div/div[4]/ul/li[1]'.</msg>
<arg>${button_shop}</arg>
<doc>Click the element identified by ``locator``.</doc>
<status status="PASS" start="2024-05-15T15:19:05.862596" elapsed="0.042427"/>
</kw>
<kw name="Location Should Be" owner="SeleniumLibrary">
<msg time="2024-05-15T15:19:05.912028" level="INFO">Current location is 'https://dapper-pastelito-04ff24.netlify.app/shop'.</msg>
<arg>${URL_SHOP}</arg>
<doc>Verifies that the current URL is exactly ``url``.</doc>
<status status="PASS" start="2024-05-15T15:19:05.906024" elapsed="0.006998"/>
</kw>
<kw name="Wait Until Page Contains Element" owner="SeleniumLibrary">
<arg>${menu_bar}</arg>
<doc>Waits until the element ``locator`` appears on the current page.</doc>
<status status="PASS" start="2024-05-15T15:19:05.913022" elapsed="0.008528"/>
</kw>
<kw name="Wait Until Page Contains Element" owner="SeleniumLibrary">
<arg>${product_container}</arg>
<doc>Waits until the element ``locator`` appears on the current page.</doc>
<status status="PASS" start="2024-05-15T15:19:05.921550" elapsed="0.010965"/>
</kw>
<kw name="Wait Until Element Is Visible" owner="SeleniumLibrary">
<arg>xpath=/html/body/div/div/div[2]/div[2]/div[1]/div/div[2]/button</arg>
<doc>Waits until the element ``locator`` is visible.</doc>
<status status="PASS" start="2024-05-15T15:19:05.932515" elapsed="0.707946"/>
</kw>
<kw name="Click Element" owner="SeleniumLibrary">
<msg time="2024-05-15T15:19:06.641571" level="INFO">Clicking element 'xpath=/html/body/div/div/div[2]/div[2]/div[1]/div/div[2]/button'.</msg>
<arg>xpath=/html/body/div/div/div[2]/div[2]/div[1]/div/div[2]/button</arg>
<doc>Click the element identified by ``locator``.</doc>
<status status="PASS" start="2024-05-15T15:19:06.641571" elapsed="0.037511"/>
</kw>
<kw name="Wait Until Element Is Visible" owner="SeleniumLibrary">
<arg>xpath=/html/body/div[1]/div/div[1]/div/div/div[4]/ul/li[2]/a/div</arg>
<doc>Waits until the element ``locator`` is visible.</doc>
<status status="PASS" start="2024-05-15T15:19:06.679082" elapsed="0.669665"/>
</kw>
<kw name="Get Text" owner="SeleniumLibrary">
<msg time="2024-05-15T15:19:07.363661" level="INFO">${element_text} = 1</msg>
<var>${element_text}</var>
<arg>xpath=/html/body/div[1]/div/div[1]/div/div/div[4]/ul/li[2]/a/div</arg>
<doc>Returns the text value of the element identified by ``locator``.</doc>
<status status="PASS" start="2024-05-15T15:19:07.348747" elapsed="0.014914"/>
</kw>
<kw name="Should Be Equal As Strings" owner="BuiltIn">
<arg>${element_text}</arg>
<arg>1</arg>
<doc>Fails if objects are unequal after converting them to strings.</doc>
<status status="PASS" start="2024-05-15T15:19:07.363661" elapsed="0.000996"/>
</kw>
<kw name="Click Element" owner="SeleniumLibrary">
<msg time="2024-05-15T15:19:07.365662" level="INFO">Clicking element '//*[@id="root"]/div/div[1]/div/div/div[4]/ul/li[2]/a'.</msg>
<arg>${cart_tab_btn}</arg>
<doc>Click the element identified by ``locator``.</doc>
<status status="PASS" start="2024-05-15T15:19:07.364657" elapsed="0.037063"/>
</kw>
<kw name="Wait Until Page Contains Element" owner="SeleniumLibrary">
<arg>//*[@id="root"]/div/div[2]/div/div[1]/table</arg>
<doc>Waits until the element ``locator`` appears on the current page.</doc>
<status status="PASS" start="2024-05-15T15:19:07.402736" elapsed="0.017208"/>
</kw>
<kw name="Get Text" owner="SeleniumLibrary">
<msg time="2024-05-15T15:19:07.439887" level="INFO">${quantity_value} = 1</msg>
<var>${quantity_value}</var>
<arg>xpath=//*[@id="root"]/div/div[2]/div/div[1]/table/tbody/tr/td[4]/div/div/span</arg>
<doc>Returns the text value of the element identified by ``locator``.</doc>
<status status="PASS" start="2024-05-15T15:19:07.420849" elapsed="0.019038"/>
</kw>
<kw name="Should Be Equal As Strings" owner="BuiltIn">
<arg>${quantity_value}</arg>
<arg>1</arg>
<doc>Fails if objects are unequal after converting them to strings.</doc>
<status status="PASS" start="2024-05-15T15:19:07.439887" elapsed="0.000982"/>
</kw>
<kw name="Wait Until Page Contains Element" owner="SeleniumLibrary">
<arg>//*[@id="root"]/div/div[2]/div/div[4]/div</arg>
<doc>Waits until the element ``locator`` appears on the current page.</doc>
<status status="PASS" start="2024-05-15T15:19:07.440869" elapsed="0.007067"/>
</kw>
<kw name="Get Text" owner="SeleniumLibrary">
<msg time="2024-05-15T15:19:07.463288" level="INFO">${checkout_value} = Continue to checkout</msg>
<var>${checkout_value}</var>
<arg>//*[@id="root"]/div/div[2]/div/div[4]/div/button</arg>
<doc>Returns the text value of the element identified by ``locator``.</doc>
<status status="PASS" start="2024-05-15T15:19:07.448892" elapsed="0.015402"/>
</kw>
<kw name="Should Be Equal As Strings" owner="BuiltIn">
<arg>${checkout_value}</arg>
<arg>Continue to checkout</arg>
<doc>Fails if objects are unequal after converting them to strings.</doc>
<status status="PASS" start="2024-05-15T15:19:07.464294" elapsed="0.001007"/>
</kw>
<kw name="Wait Until Element Is Visible" owner="SeleniumLibrary">
<arg>xpath=/html/body/div/div/div[2]/div/div[1]/table/tfoot/tr/th[1]/button</arg>
<doc>Waits until the element ``locator`` is visible.</doc>
<status status="PASS" start="2024-05-15T15:19:07.465301" elapsed="0.017045"/>
</kw>
<kw name="Click Element" owner="SeleniumLibrary">
<msg time="2024-05-15T15:19:07.484255" level="INFO">Clicking element 'xpath=/html/body/div/div/div[2]/div/div[1]/table/tfoot/tr/th[1]/button'.</msg>
<arg>xpath=/html/body/div/div/div[2]/div/div[1]/table/tfoot/tr/th[1]/button</arg>
<doc>Click the element identified by ``locator``.</doc>
<status status="PASS" start="2024-05-15T15:19:07.483258" elapsed="0.035235"/>
</kw>
<kw name="Wait Until Page Contains Element" owner="SeleniumLibrary">
<arg>${cart_icon}</arg>
<doc>Waits until the element ``locator`` appears on the current page.</doc>
<status status="PASS" start="2024-05-15T15:19:07.518493" elapsed="0.007045"/>
</kw>
<kw name="Page Should Contain Element" owner="SeleniumLibrary">
<msg time="2024-05-15T15:19:07.531581" level="INFO">Current page contains element '//*[@id="root"]/div/div[2]/div/img'.</msg>
<arg>${cart_icon}</arg>
<doc>Verifies that element ``locator`` is found on the current page.</doc>
<status status="PASS" start="2024-05-15T15:19:07.526522" elapsed="0.006011"/>
</kw>
<kw name="Page Should Contain" owner="SeleniumLibrary">
<msg time="2024-05-15T15:19:07.539679" level="INFO">Current page contains text 'Your cart is empty'.</msg>
<arg>Your cart is empty</arg>
<doc>Verifies that current page contains ``text``.</doc>
<status status="PASS" start="2024-05-15T15:19:07.532533" elapsed="0.007146"/>
</kw>
<status status="PASS" start="2024-05-15T15:19:05.861602" elapsed="1.678077"/>
</kw>
<arg>${access_method}</arg>
<doc>Executes the given keyword with the given arguments.</doc>
<status status="PASS" start="2024-05-15T15:19:05.860595" elapsed="1.680086"/>
</kw>
<arg>Remove product and verify products by remove all link</arg>
<status status="PASS" start="2024-05-15T15:19:05.859594" elapsed="1.681087"/>
</kw>
<kw name="Closing my browser" owner="common" type="TEARDOWN">
<kw name="Close Browser" owner="SeleniumLibrary">
<doc>Closes the current browser.</doc>
<status status="PASS" start="2024-05-15T15:19:07.541684" elapsed="2.134214"/>
</kw>
<status status="PASS" start="2024-05-15T15:19:07.540681" elapsed="2.136185"/>
</kw>
<doc>Verify that the user can remove a product from the cart</doc>
<status status="PASS" start="2024-05-15T15:18:59.715519" elapsed="9.961347"/>
</test>
<test id="s1-t5" name="TC5:Update Quantity of Products in Cart" line="31">
<kw name="Opening my browser" owner="common" type="SETUP">
<kw name="Open Browser" owner="SeleniumLibrary">
<msg time="2024-05-15T15:19:09.680795" level="INFO">Opening browser 'Chrome' to base url 'https://dapper-pastelito-04ff24.netlify.app/'.</msg>
<arg>${URL_HOME}</arg>
<arg>${BROWSER}</arg>
<doc>Opens a new browser instance to the optional ``url``.</doc>
<status status="PASS" start="2024-05-15T15:19:09.680795" elapsed="2.224307"/>
</kw>
<kw name="Location Should Be" owner="SeleniumLibrary">
<msg time="2024-05-15T15:19:11.912108" level="INFO">Current location is 'https://dapper-pastelito-04ff24.netlify.app/'.</msg>
<arg>${URL_HOME}</arg>
<doc>Verifies that the current URL is exactly ``url``.</doc>
<status status="PASS" start="2024-05-15T15:19:11.906106" elapsed="0.006999"/>
</kw>
<kw name="Maximize Browser Window" owner="SeleniumLibrary">
<doc>Maximizes current browser window.</doc>
<status status="PASS" start="2024-05-15T15:19:11.913105" elapsed="0.035003"/>
</kw>
<status status="PASS" start="2024-05-15T15:19:09.679866" elapsed="2.268242"/>
</kw>
<kw name="Update Quantity of Products in Cart" owner="cart_page">
<kw name="Run Keyword" owner="BuiltIn">
<kw name="Add product many times and verify products by comeback shop" owner="cart_page">
<for flavor="IN RANGE">
<iter>
<kw name="Click Element" owner="SeleniumLibrary">
<msg time="2024-05-15T15:19:11.955111" level="INFO">Clicking element '//*[@id="root"]/div/div[1]/div/div/div[4]/ul/li[1]'.</msg>
<arg>${button_shop}</arg>
<doc>Click the element identified by ``locator``.</doc>
<status status="PASS" start="2024-05-15T15:19:11.954106" elapsed="0.076826"/>
</kw>
<kw name="Location Should Be" owner="SeleniumLibrary">
<msg time="2024-05-15T15:19:12.044965" level="INFO">Current location is 'https://dapper-pastelito-04ff24.netlify.app/shop'.</msg>
<arg>${URL_SHOP}</arg>
<doc>Verifies that the current URL is exactly ``url``.</doc>
<status status="PASS" start="2024-05-15T15:19:12.031898" elapsed="0.013997"/>
</kw>
<kw name="Wait Until Page Contains Element" owner="SeleniumLibrary">
<arg>${menu_bar}</arg>
<doc>Waits until the element ``locator`` appears on the current page.</doc>
<status status="PASS" start="2024-05-15T15:19:12.045895" elapsed="0.013996"/>
</kw>
<kw name="Wait Until Page Contains Element" owner="SeleniumLibrary">
<arg>${product_container}</arg>
<doc>Waits until the element ``locator`` appears on the current page.</doc>
<status status="PASS" start="2024-05-15T15:19:12.060889" elapsed="0.009999"/>
</kw>
<kw name="Wait Until Element Is Visible" owner="SeleniumLibrary">
<arg>xpath=/html/body/div/div/div[2]/div[2]/div[1]/div/div[2]/button</arg>
<doc>Waits until the element ``locator`` is visible.</doc>
<status status="PASS" start="2024-05-15T15:19:12.070888" elapsed="0.753692"/>
</kw>
<kw name="Click Element" owner="SeleniumLibrary">
<msg time="2024-05-15T15:19:12.825579" level="INFO">Clicking element 'xpath=/html/body/div/div/div[2]/div[2]/div[1]/div/div[2]/button'.</msg>
<arg>xpath=/html/body/div/div/div[2]/div[2]/div[1]/div/div[2]/button</arg>
<doc>Click the element identified by ``locator``.</doc>
<status status="PASS" start="2024-05-15T15:19:12.825579" elapsed="0.057280"/>
</kw>
<kw name="Wait Until Element Is Enabled" owner="SeleniumLibrary">
<arg>xpath=/html/body/div/div/div[2]/div[2]/div[1]/div/div[2]/button</arg>
<doc>Waits until the element ``locator`` is enabled.</doc>
<status status="PASS" start="2024-05-15T15:19:12.883969" elapsed="0.698601"/>
</kw>
<kw name="Wait Until Element Is Visible" owner="SeleniumLibrary">
<arg>xpath=/html/body/div[1]/div/div[1]/div/div/div[4]/ul/li[2]/a/div</arg>
<doc>Waits until the element ``locator`` is visible.</doc>
<status status="PASS" start="2024-05-15T15:19:13.583588" elapsed="0.034774"/>
</kw>
<kw name="Execute Javascript" owner="SeleniumLibrary">
<msg time="2024-05-15T15:19:13.620371" level="INFO">Executing JavaScript:
return document.evaluate('/html/body/div[1]/div/div[1]/div/div/div[4]/ul/li[2]/a/div', document, null, XPathResult.FIRST_ORDERED_NODE_TYPE, null).singleNodeValue.textContent
Without any arguments.</msg>
<msg time="2024-05-15T15:19:13.628316" level="INFO">${element_text} = 1</msg>
<var>${element_text}</var>
<arg>return document.evaluate('/html/body/div[1]/div/div[1]/div/div/div[4]/ul/li[2]/a/div', document, null, XPathResult.FIRST_ORDERED_NODE_TYPE, null).singleNodeValue.textContent</arg>
<doc>Executes the given JavaScript code with possible arguments.</doc>
<status status="PASS" start="2024-05-15T15:19:13.619370" elapsed="0.009978"/>
</kw>
<kw name="Replace String" owner="String">
<msg time="2024-05-15T15:19:13.630314" level="INFO">${element_text} = 1</msg>
<var>${element_text}</var>
<arg>${element_text}</arg>
<arg>\s*$</arg>
<arg>${EMPTY}</arg>
<doc>Replaces ``search_for`` in the given ``string`` with ``replace_with``.</doc>
<status status="PASS" start="2024-05-15T15:19:13.629348" elapsed="0.002048"/>
</kw>
<kw name="Replace String" owner="String">
<msg time="2024-05-15T15:19:13.633357" level="INFO">${element_text} = 1</msg>
<var>${element_text}</var>
<arg>${element_text}</arg>
<arg>^\s*</arg>
<arg>${EMPTY}</arg>
<doc>Replaces ``search_for`` in the given ``string`` with ``replace_with``.</doc>
<status status="PASS" start="2024-05-15T15:19:13.631396" elapsed="0.001961"/>
</kw>
<kw name="Should Be Equal As Strings" owner="BuiltIn">
<msg time="2024-05-15T15:19:13.634316" level="INFO">Argument types are:
&lt;class 'str'&gt;
&lt;class 'int'&gt;</msg>
<arg>${element_text}</arg>
<arg>${index}</arg>
<doc>Fails if objects are unequal after converting them to strings.</doc>
<status status="PASS" start="2024-05-15T15:19:13.633357" elapsed="0.000959"/>
</kw>
<kw name="Click Element" owner="SeleniumLibrary">
<msg time="2024-05-15T15:19:13.635357" level="INFO">Clicking element '//*[@id="root"]/div/div[1]/div/div/div[4]/ul/li[2]/a'.</msg>
<arg>${cart_tab_btn}</arg>
<doc>Click the element identified by ``locator``.</doc>
<status status="PASS" start="2024-05-15T15:19:13.635357" elapsed="0.049894"/>
</kw>
<kw name="Wait Until Page Contains Element" owner="SeleniumLibrary">
<arg>xpath=//*[@id="root"]/div/div[2]/div/div[1]/table/tbody/tr/td[4]/div/div/span</arg>
<doc>Waits until the element ``locator`` appears on the current page.</doc>
<status status="PASS" start="2024-05-15T15:19:13.686251" elapsed="0.018004"/>
</kw>
<kw name="Get Text" owner="SeleniumLibrary">
<msg time="2024-05-15T15:19:13.727697" level="INFO">${quantity_value} = 1</msg>
<var>${quantity_value}</var>
<arg>xpath=//*[@id="root"]/div/div[2]/div/div[1]/table/tbody/tr/td[4]/div/div/span</arg>
<doc>Returns the text value of the element identified by ``locator``.</doc>
<status status="PASS" start="2024-05-15T15:19:13.705261" elapsed="0.022436"/>
</kw>
<kw name="Should Be Equal As Strings" owner="BuiltIn">
<msg time="2024-05-15T15:19:13.728699" level="INFO">Argument types are:
&lt;class 'str'&gt;
&lt;class 'int'&gt;</msg>
<arg>${quantity_value}</arg>
<arg>${index}</arg>
<doc>Fails if objects are unequal after converting them to strings.</doc>
<status status="PASS" start="2024-05-15T15:19:13.728699" elapsed="0.000999"/>
</kw>
<kw name="Wait Until Page Contains Element" owner="SeleniumLibrary">
<arg>//*[@id="root"]/div/div[2]/div/div[4]/div</arg>
<doc>Waits until the element ``locator`` appears on the current page.</doc>
<status status="PASS" start="2024-05-15T15:19:13.729698" elapsed="0.010995"/>
</kw>
<kw name="Get Text" owner="SeleniumLibrary">
<msg time="2024-05-15T15:19:13.763156" level="INFO">${checkout_value} = Continue to checkout</msg>
<var>${checkout_value}</var>
<arg>//*[@id="root"]/div/div[2]/div/div[4]/div/button</arg>
<doc>Returns the text value of the element identified by ``locator``.</doc>
<status status="PASS" start="2024-05-15T15:19:13.740693" elapsed="0.022463"/>
</kw>
<kw name="Should Be Equal As Strings" owner="BuiltIn">
<arg>${checkout_value}</arg>
<arg>Continue to checkout</arg>
<doc>Fails if objects are unequal after converting them to strings.</doc>
<status status="PASS" start="2024-05-15T15:19:13.763156" elapsed="0.001007"/>
</kw>
<var name="${index}">1</var>
<status status="PASS" start="2024-05-15T15:19:11.954106" elapsed="1.810057"/>
</iter>
<iter>
<kw name="Click Element" owner="SeleniumLibrary">
<msg time="2024-05-15T15:19:13.766161" level="INFO">Clicking element '//*[@id="root"]/div/div[1]/div/div/div[4]/ul/li[1]'.</msg>
<arg>${button_shop}</arg>
<doc>Click the element identified by ``locator``.</doc>
<status status="PASS" start="2024-05-15T15:19:13.766161" elapsed="0.040439"/>
</kw>
<kw name="Location Should Be" owner="SeleniumLibrary">
<msg time="2024-05-15T15:19:13.812917" level="INFO">Current location is 'https://dapper-pastelito-04ff24.netlify.app/shop'.</msg>
<arg>${URL_SHOP}</arg>
<doc>Verifies that the current URL is exactly ``url``.</doc>
<status status="PASS" start="2024-05-15T15:19:13.807562" elapsed="0.006377"/>
</kw>
<kw name="Wait Until Page Contains Element" owner="SeleniumLibrary">
<arg>${menu_bar}</arg>
<doc>Waits until the element ``locator`` appears on the current page.</doc>
<status status="PASS" start="2024-05-15T15:19:13.814938" elapsed="0.006663"/>
</kw>
<kw name="Wait Until Page Contains Element" owner="SeleniumLibrary">
<arg>${product_container}</arg>
<doc>Waits until the element ``locator`` appears on the current page.</doc>
<status status="PASS" start="2024-05-15T15:19:13.821601" elapsed="0.010999"/>
</kw>
<kw name="Wait Until Element Is Visible" owner="SeleniumLibrary">
<arg>xpath=/html/body/div/div/div[2]/div[2]/div[1]/div/div[2]/button</arg>
<doc>Waits until the element ``locator`` is visible.</doc>
<status status="PASS" start="2024-05-15T15:19:13.833600" elapsed="0.679056"/>
</kw>
<kw name="Click Element" owner="SeleniumLibrary">
<msg time="2024-05-15T15:19:14.513656" level="INFO">Clicking element 'xpath=/html/body/div/div/div[2]/div[2]/div[1]/div/div[2]/button'.</msg>
<arg>xpath=/html/body/div/div/div[2]/div[2]/div[1]/div/div[2]/button</arg>
<doc>Click the element identified by ``locator``.</doc>
<status status="PASS" start="2024-05-15T15:19:14.512656" elapsed="0.034299"/>
</kw>
<kw name="Wait Until Element Is Enabled" owner="SeleniumLibrary">
<arg>xpath=/html/body/div/div/div[2]/div[2]/div[1]/div/div[2]/button</arg>
<doc>Waits until the element ``locator`` is enabled.</doc>
<status status="PASS" start="2024-05-15T15:19:14.547947" elapsed="0.690320"/>
</kw>
<kw name="Wait Until Element Is Visible" owner="SeleniumLibrary">
<arg>xpath=/html/body/div[1]/div/div[1]/div/div/div[4]/ul/li[2]/a/div</arg>
<doc>Waits until the element ``locator`` is visible.</doc>
<status status="PASS" start="2024-05-15T15:19:15.239302" elapsed="0.014902"/>
</kw>
<kw name="Execute Javascript" owner="SeleniumLibrary">
<msg time="2024-05-15T15:19:15.255203" level="INFO">Executing JavaScript:
return document.evaluate('/html/body/div[1]/div/div[1]/div/div/div[4]/ul/li[2]/a/div', document, null, XPathResult.FIRST_ORDERED_NODE_TYPE, null).singleNodeValue.textContent
Without any arguments.</msg>
<msg time="2024-05-15T15:19:15.259244" level="INFO">${element_text} = 2</msg>
<var>${element_text}</var>
<arg>return document.evaluate('/html/body/div[1]/div/div[1]/div/div/div[4]/ul/li[2]/a/div', document, null, XPathResult.FIRST_ORDERED_NODE_TYPE, null).singleNodeValue.textContent</arg>
<doc>Executes the given JavaScript code with possible arguments.</doc>
<status status="PASS" start="2024-05-15T15:19:15.254204" elapsed="0.005040"/>
</kw>
<kw name="Replace String" owner="String">
<msg time="2024-05-15T15:19:15.261203" level="INFO">${element_text} = 2</msg>
<var>${element_text}</var>
<arg>${element_text}</arg>
<arg>\s*$</arg>
<arg>${EMPTY}</arg>
<doc>Replaces ``search_for`` in the given ``string`` with ``replace_with``.</doc>
<status status="PASS" start="2024-05-15T15:19:15.260204" elapsed="0.000999"/>
</kw>
<kw name="Replace String" owner="String">
<msg time="2024-05-15T15:19:15.263203" level="INFO">${element_text} = 2</msg>
<var>${element_text}</var>
<arg>${element_text}</arg>
<arg>^\s*</arg>
<arg>${EMPTY}</arg>
<doc>Replaces ``search_for`` in the given ``string`` with ``replace_with``.</doc>
<status status="PASS" start="2024-05-15T15:19:15.261203" elapsed="0.002000"/>
</kw>
<kw name="Should Be Equal As Strings" owner="BuiltIn">
<msg time="2024-05-15T15:19:15.264202" level="INFO">Argument types are:
&lt;class 'str'&gt;
&lt;class 'int'&gt;</msg>
<arg>${element_text}</arg>
<arg>${index}</arg>
<doc>Fails if objects are unequal after converting them to strings.</doc>
<status status="PASS" start="2024-05-15T15:19:15.263203" elapsed="0.000999"/>
</kw>
<kw name="Click Element" owner="SeleniumLibrary">
<msg time="2024-05-15T15:19:15.265203" level="INFO">Clicking element '//*[@id="root"]/div/div[1]/div/div/div[4]/ul/li[2]/a'.</msg>
<arg>${cart_tab_btn}</arg>
<doc>Click the element identified by ``locator``.</doc>
<status status="PASS" start="2024-05-15T15:19:15.265203" elapsed="0.035114"/>
</kw>
<kw name="Wait Until Page Contains Element" owner="SeleniumLibrary">
<arg>xpath=//*[@id="root"]/div/div[2]/div/div[1]/table/tbody/tr/td[4]/div/div/span</arg>
<doc>Waits until the element ``locator`` appears on the current page.</doc>
<status status="PASS" start="2024-05-15T15:19:15.301327" elapsed="0.014022"/>
</kw>
<kw name="Get Text" owner="SeleniumLibrary">
<msg time="2024-05-15T15:19:15.334600" level="INFO">${quantity_value} = 2</msg>
<var>${quantity_value}</var>
<arg>xpath=//*[@id="root"]/div/div[2]/div/div[1]/table/tbody/tr/td[4]/div/div/span</arg>
<doc>Returns the text value of the element identified by ``locator``.</doc>
<status status="PASS" start="2024-05-15T15:19:15.316356" elapsed="0.019254"/>
</kw>
<kw name="Should Be Equal As Strings" owner="BuiltIn">
<msg time="2024-05-15T15:19:15.336562" level="INFO">Argument types are:
&lt;class 'str'&gt;
&lt;class 'int'&gt;</msg>
<arg>${quantity_value}</arg>
<arg>${index}</arg>
<doc>Fails if objects are unequal after converting them to strings.</doc>
<status status="PASS" start="2024-05-15T15:19:15.335610" elapsed="0.000952"/>
</kw>
<kw name="Wait Until Page Contains Element" owner="SeleniumLibrary">
<arg>//*[@id="root"]/div/div[2]/div/div[4]/div</arg>
<doc>Waits until the element ``locator`` appears on the current page.</doc>
<status status="PASS" start="2024-05-15T15:19:15.336562" elapsed="0.007992"/>
</kw>
<kw name="Get Text" owner="SeleniumLibrary">
<msg time="2024-05-15T15:19:15.359550" level="INFO">${checkout_value} = Continue to checkout</msg>
<var>${checkout_value}</var>
<arg>//*[@id="root"]/div/div[2]/div/div[4]/div/button</arg>
<doc>Returns the text value of the element identified by ``locator``.</doc>
<status status="PASS" start="2024-05-15T15:19:15.344554" elapsed="0.014996"/>
</kw>
<kw name="Should Be Equal As Strings" owner="BuiltIn">
<arg>${checkout_value}</arg>
<arg>Continue to checkout</arg>
<doc>Fails if objects are unequal after converting them to strings.</doc>
<status status="PASS" start="2024-05-15T15:19:15.359550" elapsed="0.001000"/>
</kw>
<var name="${index}">2</var>
<status status="PASS" start="2024-05-15T15:19:13.765161" elapsed="1.595389"/>
</iter>
<iter>
<kw name="Click Element" owner="SeleniumLibrary">
<msg time="2024-05-15T15:19:15.361551" level="INFO">Clicking element '//*[@id="root"]/div/div[1]/div/div/div[4]/ul/li[1]'.</msg>
<arg>${button_shop}</arg>
<doc>Click the element identified by ``locator``.</doc>
<status status="PASS" start="2024-05-15T15:19:15.360550" elapsed="0.038003"/>
</kw>
<kw name="Location Should Be" owner="SeleniumLibrary">
<msg time="2024-05-15T15:19:15.404995" level="INFO">Current location is 'https://dapper-pastelito-04ff24.netlify.app/shop'.</msg>
<arg>${URL_SHOP}</arg>
<doc>Verifies that the current URL is exactly ``url``.</doc>
<status status="PASS" start="2024-05-15T15:19:15.399464" elapsed="0.005531"/>
</kw>
<kw name="Wait Until Page Contains Element" owner="SeleniumLibrary">
<arg>${menu_bar}</arg>
<doc>Waits until the element ``locator`` appears on the current page.</doc>
<status status="PASS" start="2024-05-15T15:19:15.405941" elapsed="0.013461"/>
</kw>
<kw name="Wait Until Page Contains Element" owner="SeleniumLibrary">
<arg>${product_container}</arg>
<doc>Waits until the element ``locator`` appears on the current page.</doc>
<status status="PASS" start="2024-05-15T15:19:15.420405" elapsed="0.009694"/>
</kw>
<kw name="Wait Until Element Is Visible" owner="SeleniumLibrary">
<arg>xpath=/html/body/div/div/div[2]/div[2]/div[1]/div/div[2]/button</arg>
<doc>Waits until the element ``locator`` is visible.</doc>
<status status="PASS" start="2024-05-15T15:19:15.431079" elapsed="0.666314"/>
</kw>
<kw name="Click Element" owner="SeleniumLibrary">
<msg time="2024-05-15T15:19:16.097393" level="INFO">Clicking element 'xpath=/html/body/div/div/div[2]/div[2]/div[1]/div/div[2]/button'.</msg>
<arg>xpath=/html/body/div/div/div[2]/div[2]/div[1]/div/div[2]/button</arg>
<doc>Click the element identified by ``locator``.</doc>
<status status="PASS" start="2024-05-15T15:19:16.097393" elapsed="0.032419"/>
</kw>
<kw name="Wait Until Element Is Enabled" owner="SeleniumLibrary">
<arg>xpath=/html/body/div/div/div[2]/div[2]/div[1]/div/div[2]/button</arg>
<doc>Waits until the element ``locator`` is enabled.</doc>
<status status="PASS" start="2024-05-15T15:19:16.130809" elapsed="0.697005"/>
</kw>
<kw name="Wait Until Element Is Visible" owner="SeleniumLibrary">
<arg>xpath=/html/body/div[1]/div/div[1]/div/div/div[4]/ul/li[2]/a/div</arg>
<doc>Waits until the element ``locator`` is visible.</doc>
<status status="PASS" start="2024-05-15T15:19:16.828774" elapsed="0.013636"/>
</kw>
<kw name="Execute Javascript" owner="SeleniumLibrary">
<msg time="2024-05-15T15:19:16.843368" level="INFO">Executing JavaScript:
return document.evaluate('/html/body/div[1]/div/div[1]/div/div/div[4]/ul/li[2]/a/div', document, null, XPathResult.FIRST_ORDERED_NODE_TYPE, null).singleNodeValue.textContent
Without any arguments.</msg>
<msg time="2024-05-15T15:19:16.848412" level="INFO">${element_text} = 3</msg>
<var>${element_text}</var>
<arg>return document.evaluate('/html/body/div[1]/div/div[1]/div/div/div[4]/ul/li[2]/a/div', document, null, XPathResult.FIRST_ORDERED_NODE_TYPE, null).singleNodeValue.textContent</arg>
<doc>Executes the given JavaScript code with possible arguments.</doc>
<status status="PASS" start="2024-05-15T15:19:16.842410" elapsed="0.006002"/>
</kw>
<kw name="Replace String" owner="String">
<msg time="2024-05-15T15:19:16.851371" level="INFO">${element_text} = 3</msg>
<var>${element_text}</var>
<arg>${element_text}</arg>
<arg>\s*$</arg>
<arg>${EMPTY}</arg>
<doc>Replaces ``search_for`` in the given ``string`` with ``replace_with``.</doc>
<status status="PASS" start="2024-05-15T15:19:16.849420" elapsed="0.001951"/>
</kw>
<kw name="Replace String" owner="String">
<msg time="2024-05-15T15:19:16.853368" level="INFO">${element_text} = 3</msg>
<var>${element_text}</var>
<arg>${element_text}</arg>
<arg>^\s*</arg>
<arg>${EMPTY}</arg>
<doc>Replaces ``search_for`` in the given ``string`` with ``replace_with``.</doc>
<status status="PASS" start="2024-05-15T15:19:16.852372" elapsed="0.000996"/>
</kw>
<kw name="Should Be Equal As Strings" owner="BuiltIn">
<msg time="2024-05-15T15:19:16.855421" level="INFO">Argument types are:
&lt;class 'str'&gt;
&lt;class 'int'&gt;</msg>
<arg>${element_text}</arg>
<arg>${index}</arg>
<doc>Fails if objects are unequal after converting them to strings.</doc>
<status status="PASS" start="2024-05-15T15:19:16.854418" elapsed="0.001003"/>
</kw>
<kw name="Click Element" owner="SeleniumLibrary">
<msg time="2024-05-15T15:19:16.856464" level="INFO">Clicking element '//*[@id="root"]/div/div[1]/div/div/div[4]/ul/li[2]/a'.</msg>
<arg>${cart_tab_btn}</arg>
<doc>Click the element identified by ``locator``.</doc>
<status status="PASS" start="2024-05-15T15:19:16.856464" elapsed="0.041963"/>
</kw>
<kw name="Wait Until Page Contains Element" owner="SeleniumLibrary">
<arg>xpath=//*[@id="root"]/div/div[2]/div/div[1]/table/tbody/tr/td[4]/div/div/span</arg>
<doc>Waits until the element ``locator`` appears on the current page.</doc>
<status status="PASS" start="2024-05-15T15:19:16.899426" elapsed="0.012149"/>
</kw>
<kw name="Get Text" owner="SeleniumLibrary">
<msg time="2024-05-15T15:19:16.934691" level="INFO">${quantity_value} = 3</msg>
<var>${quantity_value}</var>
<arg>xpath=//*[@id="root"]/div/div[2]/div/div[1]/table/tbody/tr/td[4]/div/div/span</arg>
<doc>Returns the text value of the element identified by ``locator``.</doc>
<status status="PASS" start="2024-05-15T15:19:16.912676" elapsed="0.022015"/>
</kw>
<kw name="Should Be Equal As Strings" owner="BuiltIn">
<msg time="2024-05-15T15:19:16.935689" level="INFO">Argument types are:
&lt;class 'str'&gt;
&lt;class 'int'&gt;</msg>
<arg>${quantity_value}</arg>
<arg>${index}</arg>
<doc>Fails if objects are unequal after converting them to strings.</doc>
<status status="PASS" start="2024-05-15T15:19:16.934691" elapsed="0.000998"/>
</kw>
<kw name="Wait Until Page Contains Element" owner="SeleniumLibrary">
<arg>//*[@id="root"]/div/div[2]/div/div[4]/div</arg>
<doc>Waits until the element ``locator`` appears on the current page.</doc>
<status status="PASS" start="2024-05-15T15:19:16.935689" elapsed="0.014055"/>
</kw>
<kw name="Get Text" owner="SeleniumLibrary">
<msg time="2024-05-15T15:19:16.967738" level="INFO">${checkout_value} = Continue to checkout</msg>
<var>${checkout_value}</var>
<arg>//*[@id="root"]/div/div[2]/div/div[4]/div/button</arg>
<doc>Returns the text value of the element identified by ``locator``.</doc>
<status status="PASS" start="2024-05-15T15:19:16.950736" elapsed="0.017002"/>
</kw>
<kw name="Should Be Equal As Strings" owner="BuiltIn">
<arg>${checkout_value}</arg>
<arg>Continue to checkout</arg>
<doc>Fails if objects are unequal after converting them to strings.</doc>
<status status="PASS" start="2024-05-15T15:19:16.967738" elapsed="0.001005"/>
</kw>
<var name="${index}">3</var>
<status status="PASS" start="2024-05-15T15:19:15.360550" elapsed="1.609144"/>
</iter>
<iter>
<kw name="Click Element" owner="SeleniumLibrary">
<msg time="2024-05-15T15:19:16.971694" level="INFO">Clicking element '//*[@id="root"]/div/div[1]/div/div/div[4]/ul/li[1]'.</msg>
<arg>${button_shop}</arg>
<doc>Click the element identified by ``locator``.</doc>
<status status="PASS" start="2024-05-15T15:19:16.970691" elapsed="0.044938"/>
</kw>
<kw name="Location Should Be" owner="SeleniumLibrary">
<msg time="2024-05-15T15:19:17.022168" level="INFO">Current location is 'https://dapper-pastelito-04ff24.netlify.app/shop'.</msg>
<arg>${URL_SHOP}</arg>
<doc>Verifies that the current URL is exactly ``url``.</doc>
<status status="PASS" start="2024-05-15T15:19:17.016636" elapsed="0.006539"/>
</kw>
<kw name="Wait Until Page Contains Element" owner="SeleniumLibrary">
<arg>${menu_bar}</arg>
<doc>Waits until the element ``locator`` appears on the current page.</doc>
<status status="PASS" start="2024-05-15T15:19:17.024171" elapsed="0.011000"/>
</kw>
<kw name="Wait Until Page Contains Element" owner="SeleniumLibrary">
<arg>${product_container}</arg>
<doc>Waits until the element ``locator`` appears on the current page.</doc>
<status status="PASS" start="2024-05-15T15:19:17.036171" elapsed="0.010024"/>
</kw>
<kw name="Wait Until Element Is Visible" owner="SeleniumLibrary">
<arg>xpath=/html/body/div/div/div[2]/div[2]/div[1]/div/div[2]/button</arg>
<doc>Waits until the element ``locator`` is visible.</doc>
<status status="PASS" start="2024-05-15T15:19:17.046195" elapsed="0.685507"/>
</kw>
<kw name="Click Element" owner="SeleniumLibrary">
<msg time="2024-05-15T15:19:17.731702" level="INFO">Clicking element 'xpath=/html/body/div/div/div[2]/div[2]/div[1]/div/div[2]/button'.</msg>
<arg>xpath=/html/body/div/div/div[2]/div[2]/div[1]/div/div[2]/button</arg>
<doc>Click the element identified by ``locator``.</doc>
<status status="PASS" start="2024-05-15T15:19:17.731702" elapsed="0.032973"/>
</kw>
<kw name="Wait Until Element Is Enabled" owner="SeleniumLibrary">
<arg>xpath=/html/body/div/div/div[2]/div[2]/div[1]/div/div[2]/button</arg>
<doc>Waits until the element ``locator`` is enabled.</doc>
<status status="PASS" start="2024-05-15T15:19:17.765673" elapsed="0.728199"/>
</kw>
<kw name="Wait Until Element Is Visible" owner="SeleniumLibrary">
<arg>xpath=/html/body/div[1]/div/div[1]/div/div/div[4]/ul/li[2]/a/div</arg>
<doc>Waits until the element ``locator`` is visible.</doc>
<status status="PASS" start="2024-05-15T15:19:18.494874" elapsed="0.036411"/>
</kw>
<kw name="Execute Javascript" owner="SeleniumLibrary">
<msg time="2024-05-15T15:19:18.532290" level="INFO">Executing JavaScript:
return document.evaluate('/html/body/div[1]/div/div[1]/div/div/div[4]/ul/li[2]/a/div', document, null, XPathResult.FIRST_ORDERED_NODE_TYPE, null).singleNodeValue.textContent
Without any arguments.</msg>
<msg time="2024-05-15T15:19:18.544739" level="INFO">${element_text} = 4</msg>
<var>${element_text}</var>
<arg>return document.evaluate('/html/body/div[1]/div/div[1]/div/div/div[4]/ul/li[2]/a/div', document, null, XPathResult.FIRST_ORDERED_NODE_TYPE, null).singleNodeValue.textContent</arg>
<doc>Executes the given JavaScript code with possible arguments.</doc>
<status status="PASS" start="2024-05-15T15:19:18.531285" elapsed="0.013454"/>
</kw>
<kw name="Replace String" owner="String">
<msg time="2024-05-15T15:19:18.547287" level="INFO">${element_text} = 4</msg>
<var>${element_text}</var>
<arg>${element_text}</arg>
<arg>\s*$</arg>
<arg>${EMPTY}</arg>
<doc>Replaces ``search_for`` in the given ``string`` with ``replace_with``.</doc>
<status status="PASS" start="2024-05-15T15:19:18.544739" elapsed="0.002548"/>
</kw>
<kw name="Replace String" owner="String">
<msg time="2024-05-15T15:19:18.549300" level="INFO">${element_text} = 4</msg>
<var>${element_text}</var>
<arg>${element_text}</arg>
<arg>^\s*</arg>
<arg>${EMPTY}</arg>
<doc>Replaces ``search_for`` in the given ``string`` with ``replace_with``.</doc>
<status status="PASS" start="2024-05-15T15:19:18.547287" elapsed="0.002013"/>
</kw>
<kw name="Should Be Equal As Strings" owner="BuiltIn">
<msg time="2024-05-15T15:19:18.550385" level="INFO">Argument types are:
&lt;class 'str'&gt;
&lt;class 'int'&gt;</msg>
<arg>${element_text}</arg>
<arg>${index}</arg>
<doc>Fails if objects are unequal after converting them to strings.</doc>
<status status="PASS" start="2024-05-15T15:19:18.549300" elapsed="0.001085"/>
</kw>
<kw name="Click Element" owner="SeleniumLibrary">
<msg time="2024-05-15T15:19:18.551390" level="INFO">Clicking element '//*[@id="root"]/div/div[1]/div/div/div[4]/ul/li[2]/a'.</msg>
<arg>${cart_tab_btn}</arg>
<doc>Click the element identified by ``locator``.</doc>
<status status="PASS" start="2024-05-15T15:19:18.550385" elapsed="0.066736"/>
</kw>
<kw name="Wait Until Page Contains Element" owner="SeleniumLibrary">
<arg>xpath=//*[@id="root"]/div/div[2]/div/div[1]/table/tbody/tr/td[4]/div/div/span</arg>
<doc>Waits until the element ``locator`` appears on the current page.</doc>
<status status="PASS" start="2024-05-15T15:19:18.618136" elapsed="0.015046"/>
</kw>
<kw name="Get Text" owner="SeleniumLibrary">
<msg time="2024-05-15T15:19:18.662278" level="INFO">${quantity_value} = 4</msg>
<var>${quantity_value}</var>
<arg>xpath=//*[@id="root"]/div/div[2]/div/div[1]/table/tbody/tr/td[4]/div/div/span</arg>
<doc>Returns the text value of the element identified by ``locator``.</doc>
<status status="PASS" start="2024-05-15T15:19:18.634195" elapsed="0.028083"/>
</kw>
<kw name="Should Be Equal As Strings" owner="BuiltIn">
<msg time="2024-05-15T15:19:18.663281" level="INFO">Argument types are:
&lt;class 'str'&gt;
&lt;class 'int'&gt;</msg>
<arg>${quantity_value}</arg>
<arg>${index}</arg>
<doc>Fails if objects are unequal after converting them to strings.</doc>
<status status="PASS" start="2024-05-15T15:19:18.663281" elapsed="0.000997"/>
</kw>
<kw name="Wait Until Page Contains Element" owner="SeleniumLibrary">
<arg>//*[@id="root"]/div/div[2]/div/div[4]/div</arg>
<doc>Waits until the element ``locator`` appears on the current page.</doc>
<status status="PASS" start="2024-05-15T15:19:18.664278" elapsed="0.013048"/>
</kw>
<kw name="Get Text" owner="SeleniumLibrary">
<msg time="2024-05-15T15:19:18.706550" level="INFO">${checkout_value} = Continue to checkout</msg>
<var>${checkout_value}</var>
<arg>//*[@id="root"]/div/div[2]/div/div[4]/div/button</arg>
<doc>Returns the text value of the element identified by ``locator``.</doc>
<status status="PASS" start="2024-05-15T15:19:18.678280" elapsed="0.028270"/>
</kw>
<kw name="Should Be Equal As Strings" owner="BuiltIn">
[...]
<arg>${cart_tab_btn}</arg>
<doc>Click the element identified by ``locator``.</doc>
<status status="PASS" start="2024-05-15T15:20:34.107286" elapsed="0.041727"/>
</kw>
<kw name="Click Element" owner="SeleniumLibrary">
<msg time="2024-05-15T15:20:34.150016" level="INFO">Clicking element 'xpath=//*[@id="root"]/div/div[2]/div/div[1]/table/tbody[1]/tr/td[4]/div/div/button[2]'.</msg>
<arg>xpath=//*[@id="root"]/div/div[2]/div/div[1]/table/tbody[1]/tr/td[4]/div/div/button[2]</arg>
<doc>Click the element identified by ``locator``.</doc>
<status status="PASS" start="2024-05-15T15:20:34.150016" elapsed="0.051706"/>
</kw>
<kw name="Wait Until Element Is Visible" owner="SeleniumLibrary">
<arg>xpath=/html/body/div[1]/div/div[1]/div/div/div[4]/ul/li[2]/a/div</arg>
<doc>Waits until the element ``locator`` is visible.</doc>
<status status="PASS" start="2024-05-15T15:20:34.202769" elapsed="0.023029"/>
</kw>
<kw name="Get Text" owner="SeleniumLibrary">
<msg time="2024-05-15T15:20:34.240780" level="INFO">${element_text} = 4</msg>
<var>${element_text}</var>
<arg>xpath=/html/body/div[1]/div/div[1]/div/div/div[4]/ul/li[2]/a/div</arg>
<doc>Returns the text value of the element identified by ``locator``.</doc>
<status status="PASS" start="2024-05-15T15:20:34.226792" elapsed="0.013988"/>
</kw>
<kw name="Should Be Equal As Strings" owner="BuiltIn">
<arg>${element_text}</arg>
<arg>4</arg>
<doc>Fails if objects are unequal after converting them to strings.</doc>
<status status="PASS" start="2024-05-15T15:20:34.241781" elapsed="0.001000"/>
</kw>
<kw name="Click Element" owner="SeleniumLibrary">
<msg time="2024-05-15T15:20:34.243780" level="INFO">Clicking element 'xpath=//*[@id="root"]/div/div[2]/div/div[1]/table/tbody[2]/tr/td[4]/div/div/button[2]'.</msg>
<arg>xpath=//*[@id="root"]/div/div[2]/div/div[1]/table/tbody[2]/tr/td[4]/div/div/button[2]</arg>
<doc>Click the element identified by ``locator``.</doc>
<status status="PASS" start="2024-05-15T15:20:34.242781" elapsed="0.070074"/>
</kw>
<kw name="Wait Until Element Is Visible" owner="SeleniumLibrary">
<arg>xpath=/html/body/div[1]/div/div[1]/div/div/div[4]/ul/li[2]/a/div</arg>
<doc>Waits until the element ``locator`` is visible.</doc>
<status status="PASS" start="2024-05-15T15:20:34.312855" elapsed="0.032573"/>
</kw>
<kw name="Get Text" owner="SeleniumLibrary">
<msg time="2024-05-15T15:20:34.372430" level="INFO">${element_text} = 5</msg>
<var>${element_text}</var>
<arg>xpath=/html/body/div[1]/div/div[1]/div/div/div[4]/ul/li[2]/a/div</arg>
<doc>Returns the text value of the element identified by ``locator``.</doc>
<status status="PASS" start="2024-05-15T15:20:34.345428" elapsed="0.027002"/>
</kw>
<kw name="Should Be Equal As Strings" owner="BuiltIn">
<arg>${element_text}</arg>
<arg>5</arg>
<doc>Fails if objects are unequal after converting them to strings.</doc>
<status status="PASS" start="2024-05-15T15:20:34.373426" elapsed="0.000000"/>
</kw>
<kw name="Click Element" owner="SeleniumLibrary">
<msg time="2024-05-15T15:20:34.374427" level="INFO">Clicking element 'xpath=//*[@id="root"]/div/div[2]/div/div[1]/table/tbody[2]/tr/td[4]/div/div/button[2]'.</msg>
<arg>xpath=//*[@id="root"]/div/div[2]/div/div[1]/table/tbody[2]/tr/td[4]/div/div/button[2]</arg>
<doc>Click the element identified by ``locator``.</doc>
<status status="PASS" start="2024-05-15T15:20:34.374427" elapsed="0.064905"/>
</kw>
<kw name="Wait Until Element Is Visible" owner="SeleniumLibrary">
<arg>xpath=/html/body/div[1]/div/div[1]/div/div/div[4]/ul/li[2]/a/div</arg>
<doc>Waits until the element ``locator`` is visible.</doc>
<status status="PASS" start="2024-05-15T15:20:34.440330" elapsed="0.025049"/>
</kw>
<kw name="Get Text" owner="SeleniumLibrary">
<msg time="2024-05-15T15:20:34.490324" level="INFO">${element_text} = 6</msg>
<var>${element_text}</var>
<arg>xpath=/html/body/div[1]/div/div[1]/div/div/div[4]/ul/li[2]/a/div</arg>
<doc>Returns the text value of the element identified by ``locator``.</doc>
<status status="PASS" start="2024-05-15T15:20:34.466384" elapsed="0.023940"/>
</kw>
<kw name="Should Be Equal As Strings" owner="BuiltIn">
<arg>${element_text}</arg>
<arg>6</arg>
<doc>Fails if objects are unequal after converting them to strings.</doc>
<status status="PASS" start="2024-05-15T15:20:34.491363" elapsed="0.000000"/>
</kw>
<kw name="Wait Until Element Is Visible" owner="SeleniumLibrary">
<arg>xpath=//*[@id="root"]/div/div[2]/div/div[1]/table/tbody[2]/tr/td[4]/div/div/button[1]</arg>
<doc>Waits until the element ``locator`` is visible.</doc>
<status status="PASS" start="2024-05-15T15:20:34.492382" elapsed="0.029657"/>
</kw>
<kw name="Click Element" owner="SeleniumLibrary">
<msg time="2024-05-15T15:20:34.523039" level="INFO">Clicking element 'xpath=//*[@id="root"]/div/div[2]/div/div[1]/table/tbody[2]/tr/td[4]/div/div/button[1]'.</msg>
<arg>xpath=//*[@id="root"]/div/div[2]/div/div[1]/table/tbody[2]/tr/td[4]/div/div/button[1]</arg>
<doc>Click the element identified by ``locator``.</doc>
<status status="PASS" start="2024-05-15T15:20:34.522039" elapsed="0.060999"/>
</kw>
<kw name="Wait Until Element Is Visible" owner="SeleniumLibrary">
<arg>xpath=/html/body/div[1]/div/div[1]/div/div/div[4]/ul/li[2]/a/div</arg>
<doc>Waits until the element ``locator`` is visible.</doc>
<status status="PASS" start="2024-05-15T15:20:34.583038" elapsed="0.027260"/>
</kw>
<kw name="Get Text" owner="SeleniumLibrary">
<msg time="2024-05-15T15:20:34.637314" level="INFO">${element_text} = 5</msg>
<var>${element_text}</var>
<arg>xpath=/html/body/div[1]/div/div[1]/div/div/div[4]/ul/li[2]/a/div</arg>
<doc>Returns the text value of the element identified by ``locator``.</doc>
<status status="PASS" start="2024-05-15T15:20:34.611319" elapsed="0.027013"/>
</kw>
<kw name="Should Be Equal As Strings" owner="BuiltIn">
<arg>${element_text}</arg>
<arg>5</arg>
<doc>Fails if objects are unequal after converting them to strings.</doc>
<status status="PASS" start="2024-05-15T15:20:34.638332" elapsed="0.001006"/>
</kw>
<kw name="Get Text" owner="SeleniumLibrary">
<msg time="2024-05-15T15:20:34.664357" level="INFO">${totalprice} = $193.07</msg>
<var>${totalprice}</var>
<arg>//*[@id="root"]/div/div[2]/div/div[4]/div/dl[2]/dd/strong</arg>
<doc>Returns the text value of the element identified by ``locator``.</doc>
<status status="PASS" start="2024-05-15T15:20:34.639338" elapsed="0.025019"/>
</kw>
<kw name="Get Text" owner="SeleniumLibrary">
<msg time="2024-05-15T15:20:34.689314" level="INFO">${price1} = $63.71</msg>
<var>${price1}</var>
<arg>//*[@id="root"]/div/div[2]/div/div[1]/table/tbody[1]/tr/td[5]</arg>
<doc>Returns the text value of the element identified by ``locator``.</doc>
<status status="PASS" start="2024-05-15T15:20:34.665357" elapsed="0.024956"/>
</kw>
<kw name="Get Text" owner="SeleniumLibrary">
<msg time="2024-05-15T15:20:34.719902" level="INFO">${price2} = $77.5</msg>
<var>${price2}</var>
<arg>//*[@id="root"]/div/div[2]/div/div[1]/table/tbody[2]/tr/td[5]</arg>
<doc>Returns the text value of the element identified by ``locator``.</doc>
<status status="PASS" start="2024-05-15T15:20:34.690313" elapsed="0.030586"/>
</kw>
<kw name="Get Text" owner="SeleniumLibrary">
<msg time="2024-05-15T15:20:34.744904" level="INFO">${price3} = $51.85</msg>
<var>${price3}</var>
<arg>//*[@id="root"]/div/div[2]/div/div[1]/table/tbody[3]/tr/td[5]</arg>
<doc>Returns the text value of the element identified by ``locator``.</doc>
<status status="PASS" start="2024-05-15T15:20:34.720899" elapsed="0.024005"/>
</kw>
<kw name="Replace String" owner="String">
<msg time="2024-05-15T15:20:34.746903" level="INFO">${value1} = 63.71</msg>
<var>${value1}</var>
<arg>${price1}</arg>
<arg>\$</arg>
<arg>${EMPTY}</arg>
<doc>Replaces ``search_for`` in the given ``string`` with ``replace_with``.</doc>
<status status="PASS" start="2024-05-15T15:20:34.745901" elapsed="0.002001"/>
</kw>
<kw name="Replace String" owner="String">
<msg time="2024-05-15T15:20:34.749906" level="INFO">${value2} = 77.5</msg>
<var>${value2}</var>
<arg>${price2}</arg>
<arg>\$</arg>
<arg>${EMPTY}</arg>
<doc>Replaces ``search_for`` in the given ``string`` with ``replace_with``.</doc>
<status status="PASS" start="2024-05-15T15:20:34.747902" elapsed="0.002004"/>
</kw>
<kw name="Replace String" owner="String">
<msg time="2024-05-15T15:20:34.751908" level="INFO">${value3} = 51.85</msg>
<var>${value3}</var>
<arg>${price3}</arg>
<arg>\$</arg>
<arg>${EMPTY}</arg>
<doc>Replaces ``search_for`` in the given ``string`` with ``replace_with``.</doc>
<status status="PASS" start="2024-05-15T15:20:34.749906" elapsed="0.002002"/>
</kw>
<kw name="Replace String" owner="String">
<msg time="2024-05-15T15:20:34.753900" level="INFO">${totalprice} = 193.07</msg>
<var>${totalprice}</var>
<arg>${totalprice}</arg>
<arg>\$</arg>
<arg>${EMPTY}</arg>
<doc>Replaces ``search_for`` in the given ``string`` with ``replace_with``.</doc>
<status status="PASS" start="2024-05-15T15:20:34.751908" elapsed="0.001992"/>
</kw>
<kw name="Set Variable" owner="BuiltIn">
<msg time="2024-05-15T15:20:34.754900" level="INFO">${value1} = 63.71</msg>
<var>${value1}</var>
<arg>${value1}</arg>
<doc>Returns the given values which can then be assigned to a variables.</doc>
<status status="PASS" start="2024-05-15T15:20:34.754900" elapsed="0.000000"/>
</kw>
<kw name="Set Variable" owner="BuiltIn">
<msg time="2024-05-15T15:20:34.755935" level="INFO">${value2} = 77.5</msg>
<var>${value2}</var>
<arg>${value2}</arg>
<doc>Returns the given values which can then be assigned to a variables.</doc>
<status status="PASS" start="2024-05-15T15:20:34.755935" elapsed="0.000000"/>
</kw>
<kw name="Set Variable" owner="BuiltIn">
<msg time="2024-05-15T15:20:34.756933" level="INFO">${value3} = 51.85</msg>
<var>${value3}</var>
<arg>${value3}</arg>
<doc>Returns the given values which can then be assigned to a variables.</doc>
<status status="PASS" start="2024-05-15T15:20:34.756933" elapsed="0.000000"/>
</kw>
<kw name="Evaluate" owner="BuiltIn">
<msg time="2024-05-15T15:20:34.757946" level="INFO">${myresult} = 193.06</msg>
<var>${myresult}</var>
<arg>${value1} + ${value2} + ${value3}</arg>
<doc>Evaluates the given expression in Python and returns the result.</doc>
<status status="PASS" start="2024-05-15T15:20:34.757946" elapsed="0.000991"/>
</kw>
<kw name="Should Be Equal As Strings" owner="BuiltIn">
<msg time="2024-05-15T15:20:34.759933" level="INFO">Argument types are:
&lt;class 'float'&gt;
&lt;class 'str'&gt;</msg>
<msg time="2024-05-15T15:20:34.759933" level="FAIL">193.06 != 193.07</msg>
<arg>${myresult}</arg>
<arg>${totalprice}</arg>
<doc>Fails if objects are unequal after converting them to strings.</doc>
<status status="FAIL" start="2024-05-15T15:20:34.758937" elapsed="0.000996">193.06 != 193.07</status>
</kw>
<status status="FAIL" start="2024-05-15T15:20:30.792844" elapsed="3.968100">193.06 != 193.07</status>
</kw>
<kw name="Closing my browser" owner="common" type="TEARDOWN">
<kw name="Close Browser" owner="SeleniumLibrary">
<doc>Closes the current browser.</doc>
<status status="PASS" start="2024-05-15T15:20:34.761940" elapsed="2.203081"/>
</kw>
<status status="PASS" start="2024-05-15T15:20:34.761940" elapsed="2.203081"/>
</kw>
<status status="FAIL" start="2024-05-15T15:20:28.073628" elapsed="8.892419">193.06 != 193.07</status>
</test>
<test id="s1-t8" name="TC8: Check Out" line="47">
<kw name="Opening my browser" owner="common" type="SETUP">
<kw name="Open Browser" owner="SeleniumLibrary">
<msg time="2024-05-15T15:20:36.968043" level="INFO">Opening browser 'Chrome' to base url 'https://dapper-pastelito-04ff24.netlify.app/'.</msg>
<arg>${URL_HOME}</arg>
<arg>${BROWSER}</arg>
<doc>Opens a new browser instance to the optional ``url``.</doc>
<status status="PASS" start="2024-05-15T15:20:36.968043" elapsed="2.430273"/>
</kw>
<kw name="Location Should Be" owner="SeleniumLibrary">
<msg time="2024-05-15T15:20:39.405301" level="INFO">Current location is 'https://dapper-pastelito-04ff24.netlify.app/'.</msg>
<arg>${URL_HOME}</arg>
<doc>Verifies that the current URL is exactly ``url``.</doc>
<status status="PASS" start="2024-05-15T15:20:39.398316" elapsed="0.006985"/>
</kw>
<kw name="Maximize Browser Window" owner="SeleniumLibrary">
<doc>Maximizes current browser window.</doc>
<status status="PASS" start="2024-05-15T15:20:39.406301" elapsed="0.024522"/>
</kw>
<status status="PASS" start="2024-05-15T15:20:36.967070" elapsed="2.463753"/>
</kw>
<kw name="Check Out" owner="cart_page">
<kw name="Click Element" owner="SeleniumLibrary">
<msg time="2024-05-15T15:20:39.432824" level="INFO">Clicking element '//*[@id="root"]/div/div[1]/div/div/div[4]/ul/li[2]/a'.</msg>
<arg>${cart_tab_btn}</arg>
<doc>Click the element identified by ``locator``.</doc>
<status status="PASS" start="2024-05-15T15:20:39.432824" elapsed="0.067680"/>
</kw>
<kw name="Click Element" owner="SeleniumLibrary">
<msg time="2024-05-15T15:20:39.502481" level="INFO">Clicking element '//*[@id="root"]/div/div[2]/div/a'.</msg>
<arg>${alink_shop}</arg>
<doc>Click the element identified by ``locator``.</doc>
<status status="PASS" start="2024-05-15T15:20:39.501473" elapsed="0.061590"/>
</kw>
<kw name="Location Should Be" owner="SeleniumLibrary">
<msg time="2024-05-15T15:20:39.568064" level="INFO">Current location is 'https://dapper-pastelito-04ff24.netlify.app/shop'.</msg>
<arg>${URL_SHOP}</arg>
<doc>Verifies that the current URL is exactly ``url``.</doc>
<status status="PASS" start="2024-05-15T15:20:39.564074" elapsed="0.004990"/>
</kw>
<kw name="Wait Until Page Contains Element" owner="SeleniumLibrary">
<arg>${menu_bar}</arg>
<doc>Waits until the element ``locator`` appears on the current page.</doc>
<status status="PASS" start="2024-05-15T15:20:39.569064" elapsed="0.014547"/>
</kw>
<kw name="Wait Until Page Contains Element" owner="SeleniumLibrary">
<arg>${product_container}</arg>
<doc>Waits until the element ``locator`` appears on the current page.</doc>
<status status="PASS" start="2024-05-15T15:20:39.584581" elapsed="0.010065"/>
</kw>
<kw name="Wait Until Element Is Visible" owner="SeleniumLibrary">
<arg>xpath=/html/body/div/div/div[2]/div[2]/div[1]/div/div[2]/button</arg>
<doc>Waits until the element ``locator`` is visible.</doc>
<status status="PASS" start="2024-05-15T15:20:39.594646" elapsed="0.680572"/>
</kw>
<kw name="Click Element" owner="SeleniumLibrary">
<msg time="2024-05-15T15:20:40.276234" level="INFO">Clicking element 'xpath=/html/body/div/div/div[2]/div[2]/div[1]/div/div[2]/button'.</msg>
<arg>xpath=/html/body/div/div/div[2]/div[2]/div[1]/div/div[2]/button</arg>
<doc>Click the element identified by ``locator``.</doc>
<status status="PASS" start="2024-05-15T15:20:40.276234" elapsed="0.067527"/>
</kw>
<kw name="Wait Until Element Is Visible" owner="SeleniumLibrary">
<arg>xpath=/html/body/div[1]/div/div[1]/div/div/div[4]/ul/li[2]/a/div</arg>
<doc>Waits until the element ``locator`` is visible.</doc>
<status status="PASS" start="2024-05-15T15:20:40.343761" elapsed="0.686387"/>
</kw>
<kw name="Get Text" owner="SeleniumLibrary">
<msg time="2024-05-15T15:20:41.054120" level="INFO">${element_text} = 1</msg>
<var>${element_text}</var>
<arg>xpath=/html/body/div[1]/div/div[1]/div/div/div[4]/ul/li[2]/a/div</arg>
<doc>Returns the text value of the element identified by ``locator``.</doc>
<status status="PASS" start="2024-05-15T15:20:41.031143" elapsed="0.022977"/>
</kw>
<kw name="Should Be Equal As Strings" owner="BuiltIn">
<arg>${element_text}</arg>
<arg>1</arg>
<doc>Fails if objects are unequal after converting them to strings.</doc>
<status status="PASS" start="2024-05-15T15:20:41.055122" elapsed="0.000000"/>
</kw>
<kw name="Click Element" owner="SeleniumLibrary">
<msg time="2024-05-15T15:20:41.056128" level="INFO">Clicking element '//*[@id="root"]/div/div[1]/div/div/div[4]/ul/li[2]/a'.</msg>
<arg>${cart_tab_btn}</arg>
<doc>Click the element identified by ``locator``.</doc>
<status status="PASS" start="2024-05-15T15:20:41.056128" elapsed="0.042686"/>
</kw>
<kw name="Wait Until Page Contains Element" owner="SeleniumLibrary">
<arg>//*[@id="root"]/div/div[2]/div/div[1]/table</arg>
<doc>Waits until the element ``locator`` appears on the current page.</doc>
<status status="PASS" start="2024-05-15T15:20:41.098814" elapsed="0.033544"/>
</kw>
<kw name="Get Text" owner="SeleniumLibrary">
<msg time="2024-05-15T15:20:41.152380" level="INFO">${quantity_value} = 1</msg>
<var>${quantity_value}</var>
<arg>xpath=//*[@id="root"]/div/div[2]/div/div[1]/table/tbody/tr/td[4]/div/div/span</arg>
<doc>Returns the text value of the element identified by ``locator``.</doc>
<status status="PASS" start="2024-05-15T15:20:41.133351" elapsed="0.019029"/>
</kw>
<kw name="Should Be Equal As Strings" owner="BuiltIn">
<arg>${quantity_value}</arg>
<arg>1</arg>
<doc>Fails if objects are unequal after converting them to strings.</doc>
<status status="PASS" start="2024-05-15T15:20:41.153406" elapsed="0.000000"/>
</kw>
<kw name="Wait Until Page Contains Element" owner="SeleniumLibrary">
<arg>//*[@id="root"]/div/div[2]/div/div[4]/div</arg>
<doc>Waits until the element ``locator`` appears on the current page.</doc>
<status status="PASS" start="2024-05-15T15:20:41.154407" elapsed="0.009983"/>
</kw>
<kw name="Get Text" owner="SeleniumLibrary">
<msg time="2024-05-15T15:20:41.184616" level="INFO">${checkout_value} = Continue to checkout</msg>
<var>${checkout_value}</var>
<arg>//*[@id="root"]/div/div[2]/div/div[4]/div/button</arg>
<doc>Returns the text value of the element identified by ``locator``.</doc>
<status status="PASS" start="2024-05-15T15:20:41.166413" elapsed="0.018493"/>
</kw>
<kw name="Should Be Equal As Strings" owner="BuiltIn">
<arg>${checkout_value}</arg>
<arg>Continue to checkout</arg>
<doc>Fails if objects are unequal after converting them to strings.</doc>
<status status="PASS" start="2024-05-15T15:20:41.185294" elapsed="0.001011"/>
</kw>
<kw name="Click Element" owner="SeleniumLibrary">
<msg time="2024-05-15T15:20:41.186305" level="INFO">Clicking element '//*[@id="root"]/div/div[2]/div/div[4]/div'.</msg>
<arg>//*[@id="root"]/div/div[2]/div/div[4]/div</arg>
<doc>Click the element identified by ``locator``.</doc>
<status status="PASS" start="2024-05-15T15:20:41.186305" elapsed="0.031049"/>
</kw>
<kw name="Page Should Not Contain Element" owner="SeleniumLibrary">
<msg time="2024-05-15T15:20:41.411523" level="INFO" html="true">&lt;/td&gt;&lt;/tr&gt;&lt;tr&gt;&lt;td colspan="3"&gt;&lt;a href="selenium-screenshot-1.png"&gt;&lt;img src="selenium-screenshot-1.png" width="800px"&gt;&lt;/a&gt;</msg>
<msg time="2024-05-15T15:20:41.411523" level="FAIL">Page should not have contained element '//*[@id="root"]/div/div[2]/div/div[4]/div'.</msg>
<arg>//*[@id="root"]/div/div[2]/div/div[4]/div</arg>
<doc>Verifies that element ``locator`` is not found on the current page.</doc>
<status status="FAIL" start="2024-05-15T15:20:41.218367" elapsed="0.196298">Page should not have contained element '//*[@id="root"]/div/div[2]/div/div[4]/div'.</status>
</kw>
<status status="FAIL" start="2024-05-15T15:20:39.431820" elapsed="1.983824">Page should not have contained element '//*[@id="root"]/div/div[2]/div/div[4]/div'.</status>
</kw>
<kw name="Closing my browser" owner="common" type="TEARDOWN">
<kw name="Close Browser" owner="SeleniumLibrary">
<doc>Closes the current browser.</doc>
<status status="PASS" start="2024-05-15T15:20:41.417535" elapsed="2.159712"/>
</kw>
<status status="PASS" start="2024-05-15T15:20:41.416521" elapsed="2.161816"/>
</kw>
<status status="FAIL" start="2024-05-15T15:20:36.966047" elapsed="6.612290">Page should not have contained element '//*[@id="root"]/div/div[2]/div/div[4]/div'.</status>
</test>
<doc>Module3 Cart page</doc>
<status status="FAIL" start="2024-05-15T15:18:37.998801" elapsed="125.581539"/>
</suite>
<statistics>
<total>
<stat pass="6" fail="2" skip="0">All Tests</stat>
</total>
<tag>
</tag>
<suite>
<stat pass="6" fail="2" skip="0" id="s1" name="Cart Page">Cart Page</stat>
</suite>
</statistics>
<errors>
</errors>
</robot>
