<?xml version="1.0" encoding="UTF-8"?>
<robot generator="Robot 7.0 (Python 3.10.9 on win32)" generated="2024-05-15T15:13:53.899561" rpa="false" schemaversion="5">
<suite id="s1" name="Product Detail Page" source="D:\HK6\AutoTest\Automation-Test-Midterm\tests\product_detail_page.robot">
<test id="s1-t1" name="TC1: Access to product page" line="10">
<kw name="Opening my browser" owner="common" type="SETUP">
<kw name="Open Browser" owner="SeleniumLibrary">
<msg time="2024-05-15T15:13:54.052037" level="INFO">Opening browser 'Chrome' to base url 'https://dapper-pastelito-04ff24.netlify.app/'.</msg>
<arg>${URL_HOME}</arg>
<arg>${BROWSER}</arg>
<doc>Opens a new browser instance to the optional ``url``.</doc>
<status status="PASS" start="2024-05-15T15:13:54.051047" elapsed="7.018443"/>
</kw>
<kw name="Location Should Be" owner="SeleniumLibrary">
<msg time="2024-05-15T15:14:01.077404" level="INFO">Current location is 'https://dapper-pastelito-04ff24.netlify.app/'.</msg>
<arg>${URL_HOME}</arg>
<doc>Verifies that the current URL is exactly ``url``.</doc>
<status status="PASS" start="2024-05-15T15:14:01.070485" elapsed="0.006919"/>
</kw>
<kw name="Maximize Browser Window" owner="SeleniumLibrary">
<doc>Maximizes current browser window.</doc>
<status status="PASS" start="2024-05-15T15:14:01.077404" elapsed="0.038953"/>
</kw>
<status status="PASS" start="2024-05-15T15:13:54.050034" elapsed="7.067323"/>
</kw>
<kw name="Enter product page from shop page and verify" owner="product_detail_page">
<kw name="Click Element" owner="SeleniumLibrary">
<msg time="2024-05-15T15:14:01.119357" level="INFO">Clicking element '//*[@id="root"]/div/div[1]/div/div/div[4]/ul/li[1]'.</msg>
<arg>${button_shop}</arg>
<doc>Click the element identified by ``locator``.</doc>
<status status="PASS" start="2024-05-15T15:14:01.118356" elapsed="0.106910"/>
</kw>
<kw name="Location Should Be" owner="SeleniumLibrary">
<msg time="2024-05-15T15:14:01.235254" level="INFO">Current location is 'https://dapper-pastelito-04ff24.netlify.app/shop'.</msg>
<arg>${URL_SHOP}</arg>
<doc>Verifies that the current URL is exactly ``url``.</doc>
<status status="PASS" start="2024-05-15T15:14:01.227263" elapsed="0.007991"/>
</kw>
<kw name="Wait Until Page Contains Element" owner="SeleniumLibrary">
<arg>${menu_bar}</arg>
<doc>Waits until the element ``locator`` appears on the current page.</doc>
<status status="PASS" start="2024-05-15T15:14:01.236271" elapsed="0.014134"/>
</kw>
<kw name="Wait Until Page Contains Element" owner="SeleniumLibrary">
<arg>${product_container}</arg>
<doc>Waits until the element ``locator`` appears on the current page.</doc>
<status status="PASS" start="2024-05-15T15:14:01.250405" elapsed="0.009021"/>
</kw>
<kw name="Wait Until Element Is Visible" owner="SeleniumLibrary">
<arg>xpath=/html/body/div/div/div[2]/div[2]/div[2]/div/div[2]/a/div</arg>
<doc>Waits until the element ``locator`` is visible.</doc>
<status status="PASS" start="2024-05-15T15:14:01.260431" elapsed="0.740072"/>
</kw>
<kw name="Get Text" owner="SeleniumLibrary">
<msg time="2024-05-15T15:14:02.018520" level="INFO">${value_head} = Golden Watch Pearls Bracelet Watch -</msg>
<var>${value_head}</var>
<arg>xpath=/html/body/div/div/div[2]/div[2]/div[2]/div/div[2]/a/div</arg>
<doc>Returns the text value of the element identified by ``locator``.</doc>
<status status="PASS" start="2024-05-15T15:14:02.000503" elapsed="0.018017"/>
</kw>
<kw name="Get Text" owner="SeleniumLibrary">
<msg time="2024-05-15T15:14:02.034619" level="INFO">${value_price} = $38.75</msg>
<var>${value_price}</var>
<arg>xpath=/html/body/div/div/div[2]/div[2]/div[2]/div/div[2]/span/p[1]</arg>
<doc>Returns the text value of the element identified by ``locator``.</doc>
<status status="PASS" start="2024-05-15T15:14:02.019522" elapsed="0.015097"/>
</kw>
<kw name="Click Element" owner="SeleniumLibrary">
<msg time="2024-05-15T15:14:02.035635" level="INFO">Clicking element 'xpath=/html/body/div/div/div[2]/div[2]/div[2]/div/div[2]/a/div'.</msg>
<arg>xpath=/html/body/div/div/div[2]/div[2]/div[2]/div/div[2]/a/div</arg>
<doc>Click the element identified by ``locator``.</doc>
<status status="PASS" start="2024-05-15T15:14:02.035635" elapsed="0.062625"/>
</kw>
<kw name="Get Text" owner="SeleniumLibrary">
<msg time="2024-05-15T15:14:02.128268" level="INFO">${value_head1} = Golden Watch Pearls Bracelet Watch</msg>
<var>${value_head1}</var>
<arg>xpath=/html/body/div/div/div[2]/div[1]/div[1]/div[2]/div/div[1]/h1</arg>
<doc>Returns the text value of the element identified by ``locator``.</doc>
<status status="PASS" start="2024-05-15T15:14:02.099255" elapsed="0.029013"/>
</kw>
<kw name="Page Should Contain" owner="SeleniumLibrary">
<msg time="2024-05-15T15:14:02.146304" level="INFO">Current page contains text 'Golden Watch Pearls Bracelet Watch'.</msg>
<arg>${value_head1}</arg>
<doc>Verifies that current page contains ``text``.</doc>
<status status="PASS" start="2024-05-15T15:14:02.129268" elapsed="0.017036"/>
</kw>
<kw name="Split String" owner="String">
<msg time="2024-05-15T15:14:02.147306" level="INFO">${value_head} = ['Golden Watch Pearls Bracelet Watch ', '']</msg>
<var>${value_head}</var>
<arg>${value_head}</arg>
<arg>-</arg>
<doc>Splits the ``string`` using ``separator`` as a delimiter string.</doc>
<status status="PASS" start="2024-05-15T15:14:02.147306" elapsed="0.001001"/>
</kw>
<kw name="Set Variable" owner="BuiltIn">
<msg time="2024-05-15T15:14:02.149304" level="INFO">${value_head} = Golden Watch Pearls Bracelet Watch </msg>
<var>${value_head}</var>
<arg>${value_head[0]}</arg>
<doc>Returns the given values which can then be assigned to a variables.</doc>
<status status="PASS" start="2024-05-15T15:14:02.148307" elapsed="0.000997"/>
</kw>
<kw name="Strip String" owner="String">
<msg time="2024-05-15T15:14:02.150303" level="INFO">${value_head} = Golden Watch Pearls Bracelet Watch</msg>
<var>${value_head}</var>
<arg>${value_head}</arg>
<doc>Remove leading and/or trailing whitespaces from the given string.</doc>
<status status="PASS" start="2024-05-15T15:14:02.150303" elapsed="0.000000"/>
</kw>
<kw name="Get Text" owner="SeleniumLibrary">
<msg time="2024-05-15T15:14:02.168914" level="INFO">${value_price1} = $38.75</msg>
<var>${value_price1}</var>
<arg>xpath=/html/body/div/div/div[2]/div[1]/div[1]/div[2]/div/div[3]/span</arg>
<doc>Returns the text value of the element identified by ``locator``.</doc>
<status status="PASS" start="2024-05-15T15:14:02.151306" elapsed="0.017608"/>
</kw>
<kw name="Page Should Contain" owner="SeleniumLibrary">
<msg time="2024-05-15T15:14:02.179444" level="INFO">Current page contains text '$38.75'.</msg>
<arg>${value_price1}</arg>
<doc>Verifies that current page contains ``text``.</doc>
<status status="PASS" start="2024-05-15T15:14:02.168914" elapsed="0.010530"/>
</kw>
<kw name="Should Be Equal As Strings" owner="BuiltIn">
<arg>${value_price}</arg>
<arg>${value_price1}</arg>
<doc>Fails if objects are unequal after converting them to strings.</doc>
<status status="PASS" start="2024-05-15T15:14:02.180469" elapsed="0.000000"/>
</kw>
<kw name="Should Be Equal As Strings" owner="BuiltIn">
<arg>${value_head}</arg>
<arg>${value_head1}</arg>
<doc>Fails if objects are unequal after converting them to strings.</doc>
<status status="PASS" start="2024-05-15T15:14:02.181462" elapsed="0.000000"/>
</kw>
<kw name="Wait Until Keyword Succeeds" owner="BuiltIn">
<kw name="Page Should Contain Element" owner="SeleniumLibrary">
<msg time="2024-05-15T15:14:02.191443" level="INFO">Current page contains element '//*[@id="root"]/div/div[2]/div[1]/div[1]'.</msg>
<arg>${product_infor}</arg>
<doc>Verifies that element ``locator`` is found on the current page.</doc>
<status status="PASS" start="2024-05-15T15:14:02.182462" elapsed="0.008981"/>
</kw>
<arg>10s</arg>
<arg>1s</arg>
<arg>Page Should Contain Element</arg>
<arg>${product_infor}</arg>
<doc>Runs the specified keyword and retries if it fails.</doc>
<status status="PASS" start="2024-05-15T15:14:02.182462" elapsed="0.008981"/>
</kw>
<kw name="Scroll Element Into View" owner="SeleniumLibrary">
<arg>${product_related}</arg>
<doc>Scrolls the element identified by ``locator`` into view.</doc>
<status status="PASS" start="2024-05-15T15:14:02.192464" elapsed="0.283411"/>
</kw>
<kw name="Wait Until Keyword Succeeds" owner="BuiltIn">
<kw name="Page Should Contain Element" owner="SeleniumLibrary">
<msg time="2024-05-15T15:14:02.485828" level="INFO">Current page contains element '//*[@id="root"]/div/div[2]/div[2]/div'.</msg>
<arg>${product_related}</arg>
<doc>Verifies that element ``locator`` is found on the current page.</doc>
<status status="PASS" start="2024-05-15T15:14:02.476876" elapsed="0.008952"/>
</kw>
<arg>10s</arg>
<arg>1s</arg>
<arg>Page Should Contain Element</arg>
<arg>${product_related}</arg>
<doc>Runs the specified keyword and retries if it fails.</doc>
<status status="PASS" start="2024-05-15T15:14:02.475875" elapsed="0.010948"/>
</kw>
<kw name="Get Element Count" owner="SeleniumLibrary">
<msg time="2024-05-15T15:14:02.500919" level="INFO">${count_item} = 5</msg>
<var>${count_item}</var>
<arg>locator=//*[contains(@class, "ui segment")]</arg>
<doc>Returns the number of elements matching ``locator``.</doc>
<status status="PASS" start="2024-05-15T15:14:02.486823" elapsed="0.014096"/>
</kw>
<kw name="Should Be True" owner="BuiltIn">
<arg>${count_item} &gt; 0</arg>
<doc>Fails if the given condition is not true.</doc>
<status status="PASS" start="2024-05-15T15:14:02.500919" elapsed="0.000000"/>
</kw>
<status status="PASS" start="2024-05-15T15:14:01.117357" elapsed="1.384564"/>
</kw>
<kw name="Enter another product page from shop and verify" owner="product_detail_page">
<kw name="Click Element" owner="SeleniumLibrary">
<msg time="2024-05-15T15:14:02.501921" level="INFO">Clicking element '//*[@id="root"]/div/div[1]/div/div/div[4]/ul/li[1]'.</msg>
<arg>${button_shop}</arg>
<doc>Click the element identified by ``locator``.</doc>
<status status="PASS" start="2024-05-15T15:14:02.501921" elapsed="0.046475"/>
</kw>
<kw name="Location Should Be" owner="SeleniumLibrary">
<msg time="2024-05-15T15:14:02.555401" level="INFO">Current location is 'https://dapper-pastelito-04ff24.netlify.app/shop'.</msg>
<arg>${URL_SHOP}</arg>
<doc>Verifies that the current URL is exactly ``url``.</doc>
<status status="PASS" start="2024-05-15T15:14:02.548396" elapsed="0.007005"/>
</kw>
<kw name="Wait Until Page Contains Element" owner="SeleniumLibrary">
<arg>${menu_bar}</arg>
<doc>Waits until the element ``locator`` appears on the current page.</doc>
<status status="PASS" start="2024-05-15T15:14:02.556396" elapsed="0.006265"/>
</kw>
<kw name="Wait Until Page Contains Element" owner="SeleniumLibrary">
<arg>${product_container}</arg>
<doc>Waits until the element ``locator`` appears on the current page.</doc>
<status status="PASS" start="2024-05-15T15:14:02.564065" elapsed="0.008010"/>
</kw>
<kw name="Wait Until Element Is Visible" owner="SeleniumLibrary">
<arg>xpath=/html/body/div/div/div[2]/div[2]/div[3]/div/div[2]/a/div</arg>
<doc>Waits until the element ``locator`` is visible.</doc>
<status status="PASS" start="2024-05-15T15:14:02.573098" elapsed="0.679525"/>
</kw>
<kw name="Get Text" owner="SeleniumLibrary">
<msg time="2024-05-15T15:14:03.269398" level="INFO">${valuehead} = Stylish Luxury Digital Watch -</msg>
<var>${valuehead}</var>
<arg>xpath=/html/body/div/div/div[2]/div[2]/div[3]/div/div[2]/a/div</arg>
<doc>Returns the text value of the element identified by ``locator``.</doc>
<status status="PASS" start="2024-05-15T15:14:03.252623" elapsed="0.017778"/>
</kw>
<kw name="Split String" owner="String">
<msg time="2024-05-15T15:14:03.271403" level="INFO">${valuehead} = ['Stylish Luxury Digital Watch ', '']</msg>
<var>${valuehead}</var>
<arg>${valuehead}</arg>
<arg>-</arg>
<doc>Splits the ``string`` using ``separator`` as a delimiter string.</doc>
<status status="PASS" start="2024-05-15T15:14:03.270401" elapsed="0.001002"/>
</kw>
<kw name="Set Variable" owner="BuiltIn">
<msg time="2024-05-15T15:14:03.273405" level="INFO">${valuehead} = Stylish Luxury Digital Watch </msg>
<var>${valuehead}</var>
<arg>${valuehead[0]}</arg>
<doc>Returns the given values which can then be assigned to a variables.</doc>
<status status="PASS" start="2024-05-15T15:14:03.272396" elapsed="0.001009"/>
</kw>
<kw name="Strip String" owner="String">
<msg time="2024-05-15T15:14:03.273405" level="INFO">${valuehead} = Stylish Luxury Digital Watch</msg>
<var>${valuehead}</var>
<arg>${valuehead}</arg>
<doc>Remove leading and/or trailing whitespaces from the given string.</doc>
<status status="PASS" start="2024-05-15T15:14:03.273405" elapsed="0.000000"/>
</kw>
<kw name="Get Text" owner="SeleniumLibrary">
<msg time="2024-05-15T15:14:03.292059" level="INFO">${valueprice} = $51.85</msg>
<var>${valueprice}</var>
<arg>xpath=/html/body/div/div/div[2]/div[2]/div[3]/div/div[2]/span/p[1]</arg>
<doc>Returns the text value of the element identified by ``locator``.</doc>
<status status="PASS" start="2024-05-15T15:14:03.274396" elapsed="0.017663"/>
</kw>
<kw name="Click Element" owner="SeleniumLibrary">
<msg time="2024-05-15T15:14:03.293064" level="INFO">Clicking element 'xpath=/html/body/div/div/div[2]/div[2]/div[3]/div/div[2]/a/div'.</msg>
<arg>xpath=/html/body/div/div/div[2]/div[2]/div[3]/div/div[2]/a/div</arg>
<doc>Click the element identified by ``locator``.</doc>
<status status="PASS" start="2024-05-15T15:14:03.292059" elapsed="0.041630"/>
</kw>
<kw name="Get Text" owner="SeleniumLibrary">
<msg time="2024-05-15T15:14:03.350756" level="INFO">${valuehead1} = Stylish Luxury Digital Watch</msg>
<var>${valuehead1}</var>
<arg>xpath=/html/body/div/div/div[2]/div[1]/div[1]/div[2]/div/div[1]/h1</arg>
<doc>Returns the text value of the element identified by ``locator``.</doc>
<status status="PASS" start="2024-05-15T15:14:03.334690" elapsed="0.016066"/>
</kw>
<kw name="Page Should Contain" owner="SeleniumLibrary">
<msg time="2024-05-15T15:14:03.364074" level="INFO">Current page contains text 'Stylish Luxury Digital Watch'.</msg>
<arg>${valuehead1}</arg>
<doc>Verifies that current page contains ``text``.</doc>
<status status="PASS" start="2024-05-15T15:14:03.350756" elapsed="0.013318"/>
</kw>
<kw name="Get Text" owner="SeleniumLibrary">
<msg time="2024-05-15T15:14:03.377069" level="INFO">${valueprice1} = $51.85</msg>
<var>${valueprice1}</var>
<arg>xpath=/html/body/div/div/div[2]/div[1]/div[1]/div[2]/div/div[3]/span</arg>
<doc>Returns the text value of the element identified by ``locator``.</doc>
<status status="PASS" start="2024-05-15T15:14:03.364074" elapsed="0.012995"/>
</kw>
<kw name="Page Should Contain" owner="SeleniumLibrary">
<msg time="2024-05-15T15:14:03.389312" level="INFO">Current page contains text '$51.85'.</msg>
<arg>${valueprice1}</arg>
<doc>Verifies that current page contains ``text``.</doc>
<status status="PASS" start="2024-05-15T15:14:03.377069" elapsed="0.012243"/>
</kw>
<kw name="Should Be Equal As Strings" owner="BuiltIn">
<arg>${valueprice}</arg>
<arg>${valueprice1}</arg>
<doc>Fails if objects are unequal after converting them to strings.</doc>
<status status="PASS" start="2024-05-15T15:14:03.390327" elapsed="0.000000"/>
</kw>
<kw name="Should Be Equal As Strings" owner="BuiltIn">
<arg>${valuehead}</arg>
<arg>${valuehead1}</arg>
<doc>Fails if objects are unequal after converting them to strings.</doc>
<status status="PASS" start="2024-05-15T15:14:03.390327" elapsed="0.000999"/>
</kw>
<kw name="Wait Until Keyword Succeeds" owner="BuiltIn">
<kw name="Page Should Contain Element" owner="SeleniumLibrary">
<msg time="2024-05-15T15:14:03.399861" level="INFO">Current page contains element '//*[@id="root"]/div/div[2]/div[1]/div[1]'.</msg>
<arg>${product_infor}</arg>
<doc>Verifies that element ``locator`` is found on the current page.</doc>
<status status="PASS" start="2024-05-15T15:14:03.391326" elapsed="0.008535"/>
</kw>
<arg>10s</arg>
<arg>1s</arg>
<arg>Page Should Contain Element</arg>
<arg>${product_infor}</arg>
<doc>Runs the specified keyword and retries if it fails.</doc>
<status status="PASS" start="2024-05-15T15:14:03.391326" elapsed="0.008535"/>
</kw>
<kw name="Wait Until Keyword Succeeds" owner="BuiltIn">
<kw name="Page Should Contain Element" owner="SeleniumLibrary">
<msg time="2024-05-15T15:14:03.408613" level="INFO">Current page contains element '//*[@id="root"]/div/div[2]/div[2]/div'.</msg>
<arg>${product_related}</arg>
<doc>Verifies that element ``locator`` is found on the current page.</doc>
<status status="PASS" start="2024-05-15T15:14:03.400928" elapsed="0.007685"/>
</kw>
<arg>10s</arg>
<arg>1s</arg>
<arg>Page Should Contain Element</arg>
<arg>${product_related}</arg>
<doc>Runs the specified keyword and retries if it fails.</doc>
<status status="PASS" start="2024-05-15T15:14:03.400928" elapsed="0.007685"/>
</kw>
<kw name="Get Element Count" owner="SeleniumLibrary">
<msg time="2024-05-15T15:14:03.416597" level="INFO">${count_item} = 5</msg>
<var>${count_item}</var>
<arg>locator=//*[contains(@class, "ui segment")]</arg>
<doc>Returns the number of elements matching ``locator``.</doc>
<status status="PASS" start="2024-05-15T15:14:03.409597" elapsed="0.007000"/>
</kw>
<kw name="Should Be True" owner="BuiltIn">
<arg>${count_item} &gt; 0</arg>
<doc>Fails if the given condition is not true.</doc>
<status status="PASS" start="2024-05-15T15:14:03.417600" elapsed="0.000000"/>
</kw>
<status status="PASS" start="2024-05-15T15:14:02.501921" elapsed="0.915679"/>
</kw>
<kw name="Closing my browser" owner="common" type="TEARDOWN">
<kw name="Close Browser" owner="SeleniumLibrary">
<doc>Closes the current browser.</doc>
<status status="PASS" start="2024-05-15T15:14:03.418601" elapsed="2.144808"/>
</kw>
<status status="PASS" start="2024-05-15T15:14:03.418601" elapsed="2.145988"/>
</kw>
<status status="PASS" start="2024-05-15T15:13:54.050034" elapsed="11.514555"/>
</test>
<test id="s1-t2" name="TC2: Check page and verify product" line="14">
<kw name="Opening my browser" owner="common" type="SETUP">
<kw name="Open Browser" owner="SeleniumLibrary">
<msg time="2024-05-15T15:14:05.568498" level="INFO">Opening browser 'Chrome' to base url 'https://dapper-pastelito-04ff24.netlify.app/'.</msg>
<arg>${URL_HOME}</arg>
<arg>${BROWSER}</arg>
<doc>Opens a new browser instance to the optional ``url``.</doc>
<status status="PASS" start="2024-05-15T15:14:05.567585" elapsed="2.874928"/>
</kw>
<kw name="Location Should Be" owner="SeleniumLibrary">
<msg time="2024-05-15T15:14:08.449509" level="INFO">Current location is 'https://dapper-pastelito-04ff24.netlify.app/'.</msg>
<arg>${URL_HOME}</arg>
<doc>Verifies that the current URL is exactly ``url``.</doc>
<status status="PASS" start="2024-05-15T15:14:08.443545" elapsed="0.005964"/>
</kw>
<kw name="Maximize Browser Window" owner="SeleniumLibrary">
<doc>Maximizes current browser window.</doc>
<status status="PASS" start="2024-05-15T15:14:08.449509" elapsed="0.037551"/>
</kw>
<status status="PASS" start="2024-05-15T15:14:05.566563" elapsed="2.921500"/>
</kw>
<kw name="Verify right name price product" owner="product_detail_page">
<kw name="Click Element" owner="SeleniumLibrary">
<msg time="2024-05-15T15:14:08.491069" level="INFO">Clicking element '//*[@id="root"]/div/div[1]/div/div/div[4]/ul/li[1]'.</msg>
<arg>${button_shop}</arg>
<doc>Click the element identified by ``locator``.</doc>
<status status="PASS" start="2024-05-15T15:14:08.490060" elapsed="0.082177"/>
</kw>
<kw name="Location Should Be" owner="SeleniumLibrary">
<msg time="2024-05-15T15:14:08.582236" level="INFO">Current location is 'https://dapper-pastelito-04ff24.netlify.app/shop'.</msg>
<arg>${URL_SHOP}</arg>
<doc>Verifies that the current URL is exactly ``url``.</doc>
<status status="PASS" start="2024-05-15T15:14:08.573237" elapsed="0.008999"/>
</kw>
<kw name="Wait Until Page Contains Element" owner="SeleniumLibrary">
<arg>${menu_bar}</arg>
<doc>Waits until the element ``locator`` appears on the current page.</doc>
<status status="PASS" start="2024-05-15T15:14:08.582236" elapsed="0.012999"/>
</kw>
<kw name="Wait Until Page Contains Element" owner="SeleniumLibrary">
<arg>${product_container}</arg>
<doc>Waits until the element ``locator`` appears on the current page.</doc>
<status status="PASS" start="2024-05-15T15:14:08.595235" elapsed="0.011002"/>
</kw>
<kw name="Wait Until Element Is Visible" owner="SeleniumLibrary">
<arg>xpath=/html/body/div/div/div[2]/div[2]/div[3]/div/div[2]/a/div</arg>
<doc>Waits until the element ``locator`` is visible.</doc>
<status status="PASS" start="2024-05-15T15:14:08.606237" elapsed="0.679052"/>
</kw>
<kw name="Get Text" owner="SeleniumLibrary">
<msg time="2024-05-15T15:14:09.302965" level="INFO">${valuehead} = Stylish Luxury Digital Watch -</msg>
<var>${valuehead}</var>
<arg>xpath=/html/body/div/div/div[2]/div[2]/div[3]/div/div[2]/a/div</arg>
<doc>Returns the text value of the element identified by ``locator``.</doc>
<status status="PASS" start="2024-05-15T15:14:09.286290" elapsed="0.016675"/>
</kw>
<kw name="Split String" owner="String">
<msg time="2024-05-15T15:14:09.302965" level="INFO">${valuehead} = ['Stylish Luxury Digital Watch ', '']</msg>
<var>${valuehead}</var>
<arg>${valuehead}</arg>
<arg>-</arg>
<doc>Splits the ``string`` using ``separator`` as a delimiter string.</doc>
<status status="PASS" start="2024-05-15T15:14:09.302965" elapsed="0.000000"/>
</kw>
<kw name="Set Variable" owner="BuiltIn">
<msg time="2024-05-15T15:14:09.303963" level="INFO">${valuehead} = Stylish Luxury Digital Watch </msg>
<var>${valuehead}</var>
<arg>${valuehead[0]}</arg>
<doc>Returns the given values which can then be assigned to a variables.</doc>
<status status="PASS" start="2024-05-15T15:14:09.303963" elapsed="0.000000"/>
</kw>
<kw name="Strip String" owner="String">
<msg time="2024-05-15T15:14:09.304966" level="INFO">${valuehead} = Stylish Luxury Digital Watch</msg>
<var>${valuehead}</var>
<arg>${valuehead}</arg>
<doc>Remove leading and/or trailing whitespaces from the given string.</doc>
<status status="PASS" start="2024-05-15T15:14:09.304966" elapsed="0.000000"/>
</kw>
<kw name="Get Text" owner="SeleniumLibrary">
<msg time="2024-05-15T15:14:09.319039" level="INFO">${valueprice} = $51.85</msg>
<var>${valueprice}</var>
<arg>xpath=/html/body/div/div/div[2]/div[2]/div[3]/div/div[2]/span/p[1]</arg>
<doc>Returns the text value of the element identified by ``locator``.</doc>
<status status="PASS" start="2024-05-15T15:14:09.305967" elapsed="0.014118"/>
</kw>
<kw name="Click Element" owner="SeleniumLibrary">
<msg time="2024-05-15T15:14:09.320085" level="INFO">Clicking element 'xpath=/html/body/div/div/div[2]/div[2]/div[3]/div/div[2]/a/div'.</msg>
<arg>xpath=/html/body/div/div/div[2]/div[2]/div[3]/div/div[2]/a/div</arg>
<doc>Click the element identified by ``locator``.</doc>
<status status="PASS" start="2024-05-15T15:14:09.320085" elapsed="0.046340"/>
</kw>
<kw name="Get Text" owner="SeleniumLibrary">
<msg time="2024-05-15T15:14:09.406400" level="INFO">${valuehead1} = Stylish Luxury Digital Watch</msg>
<var>${valuehead1}</var>
<arg>xpath=/html/body/div/div/div[2]/div[1]/div[1]/div[2]/div/div[1]/h1</arg>
<doc>Returns the text value of the element identified by ``locator``.</doc>
<status status="PASS" start="2024-05-15T15:14:09.366425" elapsed="0.039975"/>
</kw>
<kw name="Page Should Contain" owner="SeleniumLibrary">
<msg time="2024-05-15T15:14:09.416642" level="INFO">Current page contains text 'Stylish Luxury Digital Watch'.</msg>
<arg>${valuehead1}</arg>
<doc>Verifies that current page contains ``text``.</doc>
<status status="PASS" start="2024-05-15T15:14:09.407393" elapsed="0.009249"/>
</kw>
<kw name="Get Text" owner="SeleniumLibrary">
<msg time="2024-05-15T15:14:09.430636" level="INFO">${valueprice1} = $51.85</msg>
<var>${valueprice1}</var>
<arg>xpath=/html/body/div/div/div[2]/div[1]/div[1]/div[2]/div/div[3]/span</arg>
<doc>Returns the text value of the element identified by ``locator``.</doc>
<status status="PASS" start="2024-05-15T15:14:09.417643" elapsed="0.012993"/>
</kw>
<kw name="Page Should Contain" owner="SeleniumLibrary">
<msg time="2024-05-15T15:14:09.440804" level="INFO">Current page contains text '$51.85'.</msg>
<arg>${valueprice1}</arg>
<doc>Verifies that current page contains ``text``.</doc>
<status status="PASS" start="2024-05-15T15:14:09.431691" elapsed="0.009113"/>
</kw>
<kw name="Should Be Equal As Strings" owner="BuiltIn">
<arg>${valueprice}</arg>
<arg>${valueprice1}</arg>
<doc>Fails if objects are unequal after converting them to strings.</doc>
<status status="PASS" start="2024-05-15T15:14:09.441731" elapsed="0.000000"/>
</kw>
<kw name="Should Be Equal As Strings" owner="BuiltIn">
<arg>${valuehead}</arg>
<arg>${valuehead1}</arg>
<doc>Fails if objects are unequal after converting them to strings.</doc>
<status status="PASS" start="2024-05-15T15:14:09.441731" elapsed="0.000000"/>
</kw>
<kw name="Wait Until Keyword Succeeds" owner="BuiltIn">
<kw name="Page Should Contain Element" owner="SeleniumLibrary">
<msg time="2024-05-15T15:14:09.449730" level="INFO">Current page contains element '//*[@id="root"]/div/div[2]/div[1]/div[1]'.</msg>
<arg>${product_infor}</arg>
<doc>Verifies that element ``locator`` is found on the current page.</doc>
<status status="PASS" start="2024-05-15T15:14:09.442799" elapsed="0.008002"/>
</kw>
<arg>10s</arg>
<arg>1s</arg>
<arg>Page Should Contain Element</arg>
<arg>${product_infor}</arg>
<doc>Runs the specified keyword and retries if it fails.</doc>
<status status="PASS" start="2024-05-15T15:14:09.442799" elapsed="0.008002"/>
</kw>
<kw name="Wait Until Keyword Succeeds" owner="BuiltIn">
<kw name="Page Should Contain Element" owner="SeleniumLibrary">
<msg time="2024-05-15T15:14:09.460442" level="INFO">Current page contains element '//*[@id="root"]/div/div[2]/div[2]/div'.</msg>
<arg>${product_related}</arg>
<doc>Verifies that element ``locator`` is found on the current page.</doc>
<status status="PASS" start="2024-05-15T15:14:09.450801" elapsed="0.009641"/>
</kw>
<arg>10s</arg>
<arg>1s</arg>
<arg>Page Should Contain Element</arg>
<arg>${product_related}</arg>
<doc>Runs the specified keyword and retries if it fails.</doc>
<status status="PASS" start="2024-05-15T15:14:09.450801" elapsed="0.009641"/>
</kw>
<kw name="Get Element Count" owner="SeleniumLibrary">
<msg time="2024-05-15T15:14:09.470441" level="INFO">${count_item} = 5</msg>
<var>${count_item}</var>
<arg>locator=//*[contains(@class, "ui segment")]</arg>
<doc>Returns the number of elements matching ``locator``.</doc>
<status status="PASS" start="2024-05-15T15:14:09.461512" elapsed="0.008929"/>
</kw>
<kw name="Should Be True" owner="BuiltIn">
<arg>${count_item} &gt; 0</arg>
<doc>Fails if the given condition is not true.</doc>
<status status="PASS" start="2024-05-15T15:14:09.471527" elapsed="0.000000"/>
</kw>
<kw name="Click Element" owner="SeleniumLibrary">
<msg time="2024-05-15T15:14:09.472519" level="INFO">Clicking element '//*[@id="root"]/div/div[1]/div/div/div[4]/ul/li[1]'.</msg>
<arg>${button_shop}</arg>
<doc>Click the element identified by ``locator``.</doc>
<status status="PASS" start="2024-05-15T15:14:09.471527" elapsed="0.043445"/>
</kw>
<kw name="Location Should Be" owner="SeleniumLibrary">
<msg time="2024-05-15T15:14:09.518982" level="INFO">Current location is 'https://dapper-pastelito-04ff24.netlify.app/shop'.</msg>
<arg>${URL_SHOP}</arg>
<doc>Verifies that the current URL is exactly ``url``.</doc>
<status status="PASS" start="2024-05-15T15:14:09.514972" elapsed="0.005000"/>
</kw>
<kw name="Wait Until Page Contains Element" owner="SeleniumLibrary">
<arg>${menu_bar}</arg>
<doc>Waits until the element ``locator`` appears on the current page.</doc>
<status status="PASS" start="2024-05-15T15:14:09.519972" elapsed="0.009001"/>
</kw>
<kw name="Wait Until Page Contains Element" owner="SeleniumLibrary">
<arg>${product_container}</arg>
<doc>Waits until the element ``locator`` appears on the current page.</doc>
<status status="PASS" start="2024-05-15T15:14:09.528973" elapsed="0.008017"/>
</kw>
<kw name="Wait Until Element Is Visible" owner="SeleniumLibrary">
<arg>xpath=/html/body/div/div/div[2]/div[2]/div[2]/div/div[2]/a/div</arg>
<doc>Waits until the element ``locator`` is visible.</doc>
<status status="PASS" start="2024-05-15T15:14:09.538026" elapsed="0.700163"/>
</kw>
<kw name="Get Text" owner="SeleniumLibrary">
<msg time="2024-05-15T15:14:10.251158" level="INFO">${value_head} = Golden Watch Pearls Bracelet Watch -</msg>
<var>${value_head}</var>
<arg>xpath=/html/body/div/div/div[2]/div[2]/div[2]/div/div[2]/a/div</arg>
<doc>Returns the text value of the element identified by ``locator``.</doc>
<status status="PASS" start="2024-05-15T15:14:10.239197" elapsed="0.011961"/>
</kw>
<kw name="Get Text" owner="SeleniumLibrary">
<msg time="2024-05-15T15:14:10.265899" level="INFO">${value_price} = $38.75</msg>
<var>${value_price}</var>
<arg>xpath=/html/body/div/div/div[2]/div[2]/div[2]/div/div[2]/span/p[1]</arg>
<doc>Returns the text value of the element identified by ``locator``.</doc>
<status status="PASS" start="2024-05-15T15:14:10.252169" elapsed="0.013730"/>
</kw>
<kw name="Click Element" owner="SeleniumLibrary">
<msg time="2024-05-15T15:14:10.266889" level="INFO">Clicking element 'xpath=/html/body/div/div/div[2]/div[2]/div[2]/div/div[2]/a/div'.</msg>
<arg>xpath=/html/body/div/div/div[2]/div[2]/div[2]/div/div[2]/a/div</arg>
<doc>Click the element identified by ``locator``.</doc>
<status status="PASS" start="2024-05-15T15:14:10.266889" elapsed="0.044261"/>
</kw>
<kw name="Get Text" owner="SeleniumLibrary">
<msg time="2024-05-15T15:14:10.330130" level="INFO">${value_head1} = Golden Watch Pearls Bracelet Watch</msg>
<var>${value_head1}</var>
<arg>xpath=/html/body/div/div/div[2]/div[1]/div[1]/div[2]/div/div[1]/h1</arg>
<doc>Returns the text value of the element identified by ``locator``.</doc>
<status status="PASS" start="2024-05-15T15:14:10.312159" elapsed="0.017971"/>
</kw>
<kw name="Page Should Contain" owner="SeleniumLibrary">
<msg time="2024-05-15T15:14:10.346159" level="INFO">Current page contains text 'Golden Watch Pearls Bracelet Watch'.</msg>
<arg>${value_head1}</arg>
<doc>Verifies that current page contains ``text``.</doc>
<status status="PASS" start="2024-05-15T15:14:10.331132" elapsed="0.015027"/>
</kw>
<kw name="Split String" owner="String">
<msg time="2024-05-15T15:14:10.346159" level="INFO">${value_head} = ['Golden Watch Pearls Bracelet Watch ', '']</msg>
<var>${value_head}</var>
<arg>${value_head}</arg>
<arg>-</arg>
<doc>Splits the ``string`` using ``separator`` as a delimiter string.</doc>
<status status="PASS" start="2024-05-15T15:14:10.346159" elapsed="0.000000"/>
</kw>
<kw name="Set Variable" owner="BuiltIn">
<msg time="2024-05-15T15:14:10.347156" level="INFO">${value_head} = Golden Watch Pearls Bracelet Watch </msg>
<var>${value_head}</var>
<arg>${value_head[0]}</arg>
<doc>Returns the given values which can then be assigned to a variables.</doc>
<status status="PASS" start="2024-05-15T15:14:10.347156" elapsed="0.000000"/>
</kw>
<kw name="Strip String" owner="String">
<msg time="2024-05-15T15:14:10.348155" level="INFO">${value_head} = Golden Watch Pearls Bracelet Watch</msg>
<var>${value_head}</var>
<arg>${value_head}</arg>
<doc>Remove leading and/or trailing whitespaces from the given string.</doc>
<status status="PASS" start="2024-05-15T15:14:10.348155" elapsed="0.000000"/>
</kw>
<kw name="Get Text" owner="SeleniumLibrary">
<msg time="2024-05-15T15:14:10.361710" level="INFO">${value_price1} = $38.75</msg>
<var>${value_price1}</var>
<arg>xpath=/html/body/div/div/div[2]/div[1]/div[1]/div[2]/div/div[3]/span</arg>
<doc>Returns the text value of the element identified by ``locator``.</doc>
<status status="PASS" start="2024-05-15T15:14:10.348155" elapsed="0.013555"/>
</kw>
<kw name="Page Should Contain" owner="SeleniumLibrary">
<msg time="2024-05-15T15:14:10.371648" level="INFO">Current page contains text '$38.75'.</msg>
<arg>${value_price1}</arg>
<doc>Verifies that current page contains ``text``.</doc>
<status status="PASS" start="2024-05-15T15:14:10.361710" elapsed="0.010951"/>
</kw>
<kw name="Should Be Equal As Strings" owner="BuiltIn">
<arg>${value_price}</arg>
<arg>${value_price1}</arg>
<doc>Fails if objects are unequal after converting them to strings.</doc>
<status status="PASS" start="2024-05-15T15:14:10.372661" elapsed="0.000000"/>
</kw>
<kw name="Should Be Equal As Strings" owner="BuiltIn">
<arg>${value_head}</arg>
<arg>${value_head1}</arg>
<doc>Fails if objects are unequal after converting them to strings.</doc>
<status status="PASS" start="2024-05-15T15:14:10.373721" elapsed="0.000000"/>
</kw>
<kw name="Wait Until Keyword Succeeds" owner="BuiltIn">
<kw name="Page Should Contain Element" owner="SeleniumLibrary">
<msg time="2024-05-15T15:14:10.378714" level="INFO">Current page contains element '//*[@id="root"]/div/div[2]/div[1]/div[1]'.</msg>
<arg>${product_infor}</arg>
<doc>Verifies that element ``locator`` is found on the current page.</doc>
<status status="PASS" start="2024-05-15T15:14:10.373721" elapsed="0.006005"/>
</kw>
<arg>10s</arg>
<arg>1s</arg>
<arg>Page Should Contain Element</arg>
<arg>${product_infor}</arg>
<doc>Runs the specified keyword and retries if it fails.</doc>
<status status="PASS" start="2024-05-15T15:14:10.373721" elapsed="0.006005"/>
</kw>
<kw name="Scroll Element Into View" owner="SeleniumLibrary">
<arg>${product_related}</arg>
<doc>Scrolls the element identified by ``locator`` into view.</doc>
<status status="PASS" start="2024-05-15T15:14:10.379726" elapsed="0.277857"/>
</kw>
<kw name="Wait Until Keyword Succeeds" owner="BuiltIn">
<kw name="Page Should Contain Element" owner="SeleniumLibrary">
<msg time="2024-05-15T15:14:10.673577" level="INFO">Current page contains element '//*[@id="root"]/div/div[2]/div[2]/div'.</msg>
<arg>${product_related}</arg>
<doc>Verifies that element ``locator`` is found on the current page.</doc>
<status status="PASS" start="2024-05-15T15:14:10.659583" elapsed="0.013994"/>
</kw>
<arg>10s</arg>
<arg>1s</arg>
<arg>Page Should Contain Element</arg>
<arg>${product_related}</arg>
<doc>Runs the specified keyword and retries if it fails.</doc>
<status status="PASS" start="2024-05-15T15:14:10.658581" elapsed="0.014996"/>
</kw>
<kw name="Get Element Count" owner="SeleniumLibrary">
<msg time="2024-05-15T15:14:10.683570" level="INFO">${count_item} = 5</msg>
<var>${count_item}</var>
<arg>locator=//*[contains(@class, "ui segment")]</arg>
<doc>Returns the number of elements matching ``locator``.</doc>
<status status="PASS" start="2024-05-15T15:14:10.674677" elapsed="0.008893"/>
</kw>
<kw name="Should Be True" owner="BuiltIn">
<arg>${count_item} &gt; 0</arg>
<doc>Fails if the given condition is not true.</doc>
<status status="PASS" start="2024-05-15T15:14:10.683570" elapsed="0.001110"/>
</kw>
<kw name="Click Element" owner="SeleniumLibrary">
<msg time="2024-05-15T15:14:10.684680" level="INFO">Clicking element '//*[@id="root"]/div/div[1]/div/div/div[4]/ul/li[1]'.</msg>
<arg>${button_shop}</arg>
<doc>Click the element identified by ``locator``.</doc>
<status status="PASS" start="2024-05-15T15:14:10.684680" elapsed="0.034884"/>
</kw>
<kw name="Location Should Be" owner="SeleniumLibrary">
<msg time="2024-05-15T15:14:10.726565" level="INFO">Current location is 'https://dapper-pastelito-04ff24.netlify.app/shop'.</msg>
<arg>${URL_SHOP}</arg>
<doc>Verifies that the current URL is exactly ``url``.</doc>
<status status="PASS" start="2024-05-15T15:14:10.720563" elapsed="0.007021"/>
</kw>
<kw name="Wait Until Page Contains Element" owner="SeleniumLibrary">
<arg>${menu_bar}</arg>
<doc>Waits until the element ``locator`` appears on the current page.</doc>
<status status="PASS" start="2024-05-15T15:14:10.727584" elapsed="0.005980"/>
</kw>
<kw name="Wait Until Page Contains Element" owner="SeleniumLibrary">
<arg>${product_container}</arg>
<doc>Waits until the element ``locator`` appears on the current page.</doc>
<status status="PASS" start="2024-05-15T15:14:10.733564" elapsed="0.007013"/>
</kw>
<kw name="Wait Until Element Is Visible" owner="SeleniumLibrary">
<arg>xpath=/html/body/div/div/div[2]/div[2]/div[4]/div/div[2]/a/div</arg>
<doc>Waits until the element ``locator`` is visible.</doc>
<status status="PASS" start="2024-05-15T15:14:10.741597" elapsed="0.661146"/>
</kw>
<kw name="Get Text" owner="SeleniumLibrary">
<msg time="2024-05-15T15:14:11.415326" level="INFO">${value_head3} = Fashion Magnetic Wrist Watch -</msg>
<var>${value_head3}</var>
<arg>xpath=/html/body/div/div/div[2]/div[2]/div[4]/div/div[2]/a/div</arg>
<doc>Returns the text value of the element identified by ``locator``.</doc>
<status status="PASS" start="2024-05-15T15:14:11.403778" elapsed="0.011548"/>
</kw>
<kw name="Get Text" owner="SeleniumLibrary">
<msg time="2024-05-15T15:14:11.429340" level="INFO">${value_price3} = $49.99</msg>
<var>${value_price3}</var>
<arg>xpath=/html/body/div/div/div[2]/div[2]/div[4]/div/div[2]/span/p[1]</arg>
<doc>Returns the text value of the element identified by ``locator``.</doc>
<status status="PASS" start="2024-05-15T15:14:11.416342" elapsed="0.012998"/>
</kw>
<kw name="Click Element" owner="SeleniumLibrary">
<msg time="2024-05-15T15:14:11.430341" level="INFO">Clicking element 'xpath=/html/body/div/div/div[2]/div[2]/div[4]/div/div[2]/a/div'.</msg>
<arg>xpath=/html/body/div/div/div[2]/div[2]/div[4]/div/div[2]/a/div</arg>
<doc>Click the element identified by ``locator``.</doc>
<status status="PASS" start="2024-05-15T15:14:11.430341" elapsed="0.040170"/>
</kw>
<kw name="Get Text" owner="SeleniumLibrary">
<msg time="2024-05-15T15:14:11.490515" level="INFO">${value_head13} = Fashion Magnetic Wrist Watch</msg>
<var>${value_head13}</var>
<arg>xpath=/html/body/div/div/div[2]/div[1]/div[1]/div[2]/div/div[1]/h1</arg>
<doc>Returns the text value of the element identified by ``locator``.</doc>
<status status="PASS" start="2024-05-15T15:14:11.470511" elapsed="0.020004"/>
</kw>
<kw name="Page Should Contain" owner="SeleniumLibrary">
<msg time="2024-05-15T15:14:11.504523" level="INFO">Current page contains text 'Fashion Magnetic Wrist Watch'.</msg>
<arg>${value_head13}</arg>
<doc>Verifies that current page contains ``text``.</doc>
<status status="PASS" start="2024-05-15T15:14:11.491515" elapsed="0.013008"/>
</kw>
<kw name="Split String" owner="String">
<msg time="2024-05-15T15:14:11.505513" level="INFO">${value_head3} = ['Fashion Magnetic Wrist Watch ', '']</msg>
<var>${value_head3}</var>
<arg>${value_head3}</arg>
<arg>-</arg>
<doc>Splits the ``string`` using ``separator`` as a delimiter string.</doc>
<status status="PASS" start="2024-05-15T15:14:11.504523" elapsed="0.000990"/>
</kw>
<kw name="Set Variable" owner="BuiltIn">
<msg time="2024-05-15T15:14:11.507513" level="INFO">${value_head3} = Fashion Magnetic Wrist Watch </msg>
<var>${value_head3}</var>
<arg>${value_head3[0]}</arg>
<doc>Returns the given values which can then be assigned to a variables.</doc>
<status status="PASS" start="2024-05-15T15:14:11.506517" elapsed="0.002013"/>
</kw>
<kw name="Strip String" owner="String">
<msg time="2024-05-15T15:14:11.508530" level="INFO">${value_head3} = Fashion Magnetic Wrist Watch</msg>
<var>${value_head3}</var>
<arg>${value_head3}</arg>
<doc>Remove leading and/or trailing whitespaces from the given string.</doc>
<status status="PASS" start="2024-05-15T15:14:11.508530" elapsed="0.000000"/>
</kw>
<kw name="Get Text" owner="SeleniumLibrary">
<msg time="2024-05-15T15:14:11.522689" level="INFO">${value_price13} = $49.99</msg>
<var>${value_price13}</var>
<arg>xpath=/html/body/div/div/div[2]/div[1]/div[1]/div[2]/div/div[3]/span</arg>
<doc>Returns the text value of the element identified by ``locator``.</doc>
<status status="PASS" start="2024-05-15T15:14:11.508530" elapsed="0.015137"/>
</kw>
<kw name="Page Should Contain" owner="SeleniumLibrary">
<msg time="2024-05-15T15:14:11.534749" level="INFO">Current page contains text '$49.99'.</msg>
<arg>${value_price13}</arg>
<doc>Verifies that current page contains ``text``.</doc>
<status status="PASS" start="2024-05-15T15:14:11.523667" elapsed="0.011082"/>
</kw>
<kw name="Should Be Equal As Strings" owner="BuiltIn">
<arg>${value_price3}</arg>
<arg>${value_price13}</arg>
<doc>Fails if objects are unequal after converting them to strings.</doc>
<status status="PASS" start="2024-05-15T15:14:11.535633" elapsed="0.000000"/>
</kw>
<kw name="Should Be Equal As Strings" owner="BuiltIn">
<arg>${value_head3}</arg>
<arg>${value_head13}</arg>
<doc>Fails if objects are unequal after converting them to strings.</doc>
<status status="PASS" start="2024-05-15T15:14:11.536632" elapsed="0.000000"/>
</kw>
<kw name="Wait Until Keyword Succeeds" owner="BuiltIn">
<kw name="Page Should Contain Element" owner="SeleniumLibrary">
<msg time="2024-05-15T15:14:11.546081" level="INFO">Current page contains element '//*[@id="root"]/div/div[2]/div[1]/div[1]'.</msg>
<arg>${product_infor}</arg>
<doc>Verifies that element ``locator`` is found on the current page.</doc>
<status status="PASS" start="2024-05-15T15:14:11.538675" elapsed="0.007406"/>
</kw>
<arg>10s</arg>
<arg>1s</arg>
<arg>Page Should Contain Element</arg>
<arg>${product_infor}</arg>
<doc>Runs the specified keyword and retries if it fails.</doc>
<status status="PASS" start="2024-05-15T15:14:11.537634" elapsed="0.008447"/>
</kw>
<kw name="Get Element Count" owner="SeleniumLibrary">
<msg time="2024-05-15T15:14:11.552081" level="INFO">${count_item} = 5</msg>
<var>${count_item}</var>
<arg>locator=//*[contains(@class, "ui segment")]</arg>
<doc>Returns the number of elements matching ``locator``.</doc>
<status status="PASS" start="2024-05-15T15:14:11.546081" elapsed="0.006000"/>
</kw>
<kw name="Should Be True" owner="BuiltIn">
<arg>${count_item} &gt; 0</arg>
<doc>Fails if the given condition is not true.</doc>
<status status="PASS" start="2024-05-15T15:14:11.552081" elapsed="0.001003"/>
</kw>
<status status="PASS" start="2024-05-15T15:14:08.489073" elapsed="3.064011"/>
</kw>
<kw name="Test droplist and verify" owner="product_detail_page">
<kw name="Get Text" owner="SeleniumLibrary">
<msg time="2024-05-15T15:14:11.569084" level="INFO">${stock_element} = Stock Available: 46</msg>
<var>${stock_element}</var>
<arg>xpath=/html/body/div/div/div[2]/div[1]/div[1]/div[2]/div/div[4]</arg>
<doc>Returns the text value of the element identified by ``locator``.</doc>
<status status="PASS" start="2024-05-15T15:14:11.554081" elapsed="0.015003"/>
</kw>
<kw name="Get Substring" owner="String">
<msg time="2024-05-15T15:14:11.570098" level="INFO">${number_string} = 46</msg>
<var>${number_string}</var>
<arg>${stock_element}</arg>
<arg>17</arg>
<doc>Returns a substring from ``start`` index to ``end`` index.</doc>
<status status="PASS" start="2024-05-15T15:14:11.569084" elapsed="0.001014"/>
</kw>
<kw name="Convert To Integer" owner="BuiltIn">
<msg time="2024-05-15T15:14:11.571098" level="INFO">${stock_number} = 46</msg>
<var>${stock_number}</var>
<arg>${number_string}</arg>
<doc>Converts the given item to an integer number.</doc>
<status status="PASS" start="2024-05-15T15:14:11.570098" elapsed="0.001000"/>
</kw>
<kw name="Should Be Equal As Numbers" owner="BuiltIn">
<msg time="2024-05-15T15:14:11.572098" level="INFO">Argument types are:
&lt;class 'int'&gt;
&lt;class 'str'&gt;</msg>
<arg>${stock_number}</arg>
<arg>46</arg>
<doc>Fails if objects are unequal after converting them to real numbers.</doc>
<status status="PASS" start="2024-05-15T15:14:11.572098" elapsed="0.000000"/>
</kw>
<kw name="Wait Until Page Contains Element" owner="SeleniumLibrary">
<arg>xpath=/html/body/div/div/div[2]/div[1]/div[1]/div[2]/div/div[5]/span/div/i</arg>
<doc>Waits until the element ``locator`` appears on the current page.</doc>
<status status="PASS" start="2024-05-15T15:14:11.572098" elapsed="0.008999"/>
</kw>
<kw name="Click Element" owner="SeleniumLibrary">
<msg time="2024-05-15T15:14:11.582097" level="INFO">Clicking element 'xpath=/html/body/div/div/div[2]/div[1]/div[1]/div[2]/div/div[5]/span/div/i'.</msg>
<arg>xpath=/html/body/div/div/div[2]/div[1]/div[1]/div[2]/div/div[5]/span/div/i</arg>
<doc>Click the element identified by ``locator``.</doc>
<status status="PASS" start="2024-05-15T15:14:11.582097" elapsed="0.035016"/>
</kw>
<kw name="Wait Until Element Is Visible" owner="SeleniumLibrary">
<arg>xpath=/html/body/div/div/div[2]/div[1]/div[1]/div[2]/div/div[5]/span/div/div[2]</arg>
<doc>Waits until the element ``locator`` is visible.</doc>
<status status="PASS" start="2024-05-15T15:14:11.618096" elapsed="0.017002"/>
</kw>
<kw name="Get WebElements" owner="SeleniumLibrary">
<msg time="2024-05-15T15:14:11.648117" level="INFO">${elements} = [&lt;selenium.webdriver.remote.webelement.WebElement (session="fac062b067ee31ba35c3c11e57c121d6", element="f.C1115C9369009E7F3A6122B322AD5BDB.d.008403BEB4D265179B5C6D92E863CACB.e.247")&gt;, &lt;selenium.webdri...</msg>
<var>${elements}</var>
<arg>xpath=/html/body/div/div/div[2]/div[1]/div[1]/div[2]/div/div[5]/span/div/div[2]/*</arg>
<doc>Returns a list of WebElement objects matching the ``locator``.</doc>
<status status="PASS" start="2024-05-15T15:14:11.636100" elapsed="0.012017"/>
</kw>
<kw name="Get Length" owner="BuiltIn">
<msg time="2024-05-15T15:14:11.649110" level="INFO">Length is 46.</msg>
<msg time="2024-05-15T15:14:11.649110" level="INFO">${element_count} = 46</msg>
<var>${element_count}</var>
<arg>${elements}</arg>
<doc>Returns and logs the length of the given item as an integer.</doc>
<status status="PASS" start="2024-05-15T15:14:11.649110" elapsed="0.000000"/>
</kw>
<kw name="Should Be Equal As Strings" owner="BuiltIn">
<arg>${element_count}</arg>
<arg>${stock_number}</arg>
<doc>Fails if objects are unequal after converting them to strings.</doc>
<status status="PASS" start="2024-05-15T15:14:11.650110" elapsed="0.000000"/>
</kw>
<status status="PASS" start="2024-05-15T15:14:11.554081" elapsed="0.096029"/>
</kw>
<kw name="Closing my browser" owner="common" type="TEARDOWN">
<kw name="Close Browser" owner="SeleniumLibrary">
<doc>Closes the current browser.</doc>
<status status="PASS" start="2024-05-15T15:14:11.651110" elapsed="2.153374"/>
</kw>
<status status="PASS" start="2024-05-15T15:14:11.650110" elapsed="2.155378"/>
</kw>
<status status="PASS" start="2024-05-15T15:14:05.565570" elapsed="8.240912"/>
</test>
<test id="s1-t3" name="TC3: Select products from list and add to cart and verify" line="18">
<kw name="Opening my browser" owner="common" type="SETUP">
<kw name="Open Browser" owner="SeleniumLibrary">
<msg time="2024-05-15T15:14:13.810600" level="INFO">Opening browser 'Chrome' to base url 'https://dapper-pastelito-04ff24.netlify.app/'.</msg>
<arg>${URL_HOME}</arg>
<arg>${BROWSER}</arg>
<doc>Opens a new browser instance to the optional ``url``.</doc>
<status status="PASS" start="2024-05-15T15:14:13.809478" elapsed="3.894741"/>
</kw>
<kw name="Location Should Be" owner="SeleniumLibrary">
<msg time="2024-05-15T15:14:17.710182" level="INFO">Current location is 'https://dapper-pastelito-04ff24.netlify.app/'.</msg>
<arg>${URL_HOME}</arg>
<doc>Verifies that the current URL is exactly ``url``.</doc>
<status status="PASS" start="2024-05-15T15:14:17.704219" elapsed="0.005963"/>
</kw>
<kw name="Maximize Browser Window" owner="SeleniumLibrary">
<doc>Maximizes current browser window.</doc>
<status status="PASS" start="2024-05-15T15:14:17.710182" elapsed="0.032038"/>
</kw>
<status status="PASS" start="2024-05-15T15:14:13.808480" elapsed="3.933740"/>
</kw>
<kw name="Select products from list and add to cart and verify" owner="product_detail_page">
<kw name="Click Element" owner="SeleniumLibrary">
<msg time="2024-05-15T15:14:17.744241" level="INFO">Clicking element '//*[@id="root"]/div/div[1]/div/div/div[4]/ul/li[1]'.</msg>
<arg>${button_shop}</arg>
<doc>Click the element identified by ``locator``.</doc>
<status status="PASS" start="2024-05-15T15:14:17.743210" elapsed="0.076534"/>
</kw>
<kw name="Location Should Be" owner="SeleniumLibrary">
<msg time="2024-05-15T15:14:17.827752" level="INFO">Current location is 'https://dapper-pastelito-04ff24.netlify.app/shop'.</msg>
<arg>${URL_SHOP}</arg>
<doc>Verifies that the current URL is exactly ``url``.</doc>
<status status="PASS" start="2024-05-15T15:14:17.819744" elapsed="0.009016"/>
</kw>
<kw name="Wait Until Page Contains Element" owner="SeleniumLibrary">
<arg>${menu_bar}</arg>
<doc>Waits until the element ``locator`` appears on the current page.</doc>
<status status="PASS" start="2024-05-15T15:14:17.828760" elapsed="0.010978"/>
</kw>
<kw name="Wait Until Page Contains Element" owner="SeleniumLibrary">
<arg>${product_container}</arg>
<doc>Waits until the element ``locator`` appears on the current page.</doc>
<status status="PASS" start="2024-05-15T15:14:17.840745" elapsed="0.010998"/>
</kw>
<kw name="Wait Until Element Is Visible" owner="SeleniumLibrary">
<arg>xpath=/html/body/div/div/div[2]/div[2]/div[4]/div/div[2]/a/div</arg>
<doc>Waits until the element ``locator`` is visible.</doc>
<status status="PASS" start="2024-05-15T15:14:17.851743" elapsed="0.684608"/>
</kw>
<kw name="Get Text" owner="SeleniumLibrary">
<msg time="2024-05-15T15:14:18.558365" level="INFO">${value_head3} = Fashion Magnetic Wrist Watch -</msg>
<var>${value_head3}</var>
<arg>xpath=/html/body/div/div/div[2]/div[2]/div[4]/div/div[2]/a/div</arg>
<doc>Returns the text value of the element identified by ``locator``.</doc>
<status status="PASS" start="2024-05-15T15:14:18.537353" elapsed="0.021012"/>
</kw>
<kw name="Get Text" owner="SeleniumLibrary">
<msg time="2024-05-15T15:14:18.582547" level="INFO">${value_price3} = $49.99</msg>
<var>${value_price3}</var>
<arg>xpath=/html/body/div/div/div[2]/div[2]/div[4]/div/div[2]/span/p[1]</arg>
<doc>Returns the text value of the element identified by ``locator``.</doc>
<status status="PASS" start="2024-05-15T15:14:18.558365" elapsed="0.024182"/>
</kw>
<kw name="Click Element" owner="SeleniumLibrary">
<msg time="2024-05-15T15:14:18.583550" level="INFO">Clicking element 'xpath=/html/body/div/div/div[2]/div[2]/div[4]/div/div[2]/a/div'.</msg>
<arg>xpath=/html/body/div/div/div[2]/div[2]/div[4]/div/div[2]/a/div</arg>
<doc>Click the element identified by ``locator``.</doc>
<status status="PASS" start="2024-05-15T15:14:18.583550" elapsed="0.062998"/>
</kw>
<kw name="Get Text" owner="SeleniumLibrary">
<msg time="2024-05-15T15:14:18.705610" level="INFO">${value_head13} = Fashion Magnetic Wrist Watch</msg>
<var>${value_head13}</var>
<arg>xpath=/html/body/div/div/div[2]/div[1]/div[1]/div[2]/div/div[1]/h1</arg>
<doc>Returns the text value of the element identified by ``locator``.</doc>
<status status="PASS" start="2024-05-15T15:14:18.647553" elapsed="0.058057"/>
</kw>
<kw name="Page Should Contain" owner="SeleniumLibrary">
<msg time="2024-05-15T15:14:18.722607" level="INFO">Current page contains text 'Fashion Magnetic Wrist Watch'.</msg>
<arg>${value_head13}</arg>
<doc>Verifies that current page contains ``text``.</doc>
<status status="PASS" start="2024-05-15T15:14:18.706606" elapsed="0.016001"/>
</kw>
<kw name="Split String" owner="String">
<msg time="2024-05-15T15:14:18.723608" level="INFO">${value_head3} = ['Fashion Magnetic Wrist Watch ', '']</msg>
<var>${value_head3}</var>
<arg>${value_head3}</arg>
<arg>-</arg>
<doc>Splits the ``string`` using ``separator`` as a delimiter string.</doc>
<status status="PASS" start="2024-05-15T15:14:18.722607" elapsed="0.001001"/>
</kw>
<kw name="Set Variable" owner="BuiltIn">
<msg time="2024-05-15T15:14:18.725617" level="INFO">${value_head3} = Fashion Magnetic Wrist Watch </msg>
<var>${value_head3}</var>
<arg>${value_head3[0]}</arg>
<doc>Returns the given values which can then be assigned to a variables.</doc>
<status status="PASS" start="2024-05-15T15:14:18.724610" elapsed="0.001007"/>
</kw>
<kw name="Strip String" owner="String">
<msg time="2024-05-15T15:14:18.726606" level="INFO">${value_head3} = Fashion Magnetic Wrist Watch</msg>
<var>${value_head3}</var>
<arg>${value_head3}</arg>
<doc>Remove leading and/or trailing whitespaces from the given string.</doc>
<status status="PASS" start="2024-05-15T15:14:18.726606" elapsed="0.000000"/>
</kw>
<kw name="Get Text" owner="SeleniumLibrary">
<msg time="2024-05-15T15:14:18.757972" level="INFO">${value_price13} = $49.99</msg>
<var>${value_price13}</var>
<arg>xpath=/html/body/div/div/div[2]/div[1]/div[1]/div[2]/div/div[3]/span</arg>
<doc>Returns the text value of the element identified by ``locator``.</doc>
<status status="PASS" start="2024-05-15T15:14:18.727606" elapsed="0.030366"/>
</kw>
<kw name="Page Should Contain" owner="SeleniumLibrary">
<msg time="2024-05-15T15:14:18.772514" level="INFO">Current page contains text '$49.99'.</msg>
<arg>${value_price13}</arg>
<doc>Verifies that current page contains ``text``.</doc>
<status status="PASS" start="2024-05-15T15:14:18.758969" elapsed="0.013545"/>
</kw>
<kw name="Should Be Equal As Strings" owner="BuiltIn">
<arg>${value_price3}</arg>
<arg>${value_price13}</arg>
<doc>Fails if objects are unequal after converting them to strings.</doc>
<status status="PASS" start="2024-05-15T15:14:18.773514" elapsed="0.000000"/>
</kw>
<kw name="Should Be Equal As Strings" owner="BuiltIn">
<arg>${value_head3}</arg>
<arg>${value_head13}</arg>
<doc>Fails if objects are unequal after converting them to strings.</doc>
<status status="PASS" start="2024-05-15T15:14:18.774514" elapsed="0.000000"/>
</kw>
<kw name="Wait Until Keyword Succeeds" owner="BuiltIn">
<kw name="Page Should Contain Element" owner="SeleniumLibrary">
<msg time="2024-05-15T15:14:18.787522" level="INFO">Current page contains element '//*[@id="root"]/div/div[2]/div[1]/div[1]'.</msg>
<arg>${product_infor}</arg>
<doc>Verifies that element ``locator`` is found on the current page.</doc>
<status status="PASS" start="2024-05-15T15:14:18.775514" elapsed="0.012008"/>
</kw>
<arg>10s</arg>
<arg>1s</arg>
<arg>Page Should Contain Element</arg>
<arg>${product_infor}</arg>
<doc>Runs the specified keyword and retries if it fails.</doc>
<status status="PASS" start="2024-05-15T15:14:18.774514" elapsed="0.014030"/>
</kw>
<kw name="Get Element Count" owner="SeleniumLibrary">
<msg time="2024-05-15T15:14:18.799514" level="INFO">${count_item} = 5</msg>
<var>${count_item}</var>
<arg>locator=//*[contains(@class, "ui segment")]</arg>
<doc>Returns the number of elements matching ``locator``.</doc>
<status status="PASS" start="2024-05-15T15:14:18.788544" elapsed="0.010970"/>
</kw>
<kw name="Should Be True" owner="BuiltIn">
<arg>${count_item} &gt; 0</arg>
<doc>Fails if the given condition is not true.</doc>
<status status="PASS" start="2024-05-15T15:14:18.800516" elapsed="0.000000"/>
</kw>
<kw name="Get Text" owner="SeleniumLibrary">
<msg time="2024-05-15T15:14:18.816678" level="INFO">${stock_element} = Stock Available: 46</msg>
<var>${stock_element}</var>
<arg>xpath=/html/body/div/div/div[2]/div[1]/div[1]/div[2]/div/div[4]</arg>
<doc>Returns the text value of the element identified by ``locator``.</doc>
<status status="PASS" start="2024-05-15T15:14:18.801515" elapsed="0.016209"/>
</kw>
<kw name="Get Substring" owner="String">
<msg time="2024-05-15T15:14:18.817724" level="INFO">${number_string} = 46</msg>
<var>${number_string}</var>
<arg>${stock_element}</arg>
<arg>17</arg>
<doc>Returns a substring from ``start`` index to ``end`` index.</doc>
<status status="PASS" start="2024-05-15T15:14:18.817724" elapsed="0.000000"/>
</kw>
<kw name="Convert To Integer" owner="BuiltIn">
<msg time="2024-05-15T15:14:18.818716" level="INFO">${stock_number} = 46</msg>
<var>${stock_number}</var>
<arg>${number_string}</arg>
<doc>Converts the given item to an integer number.</doc>
<status status="PASS" start="2024-05-15T15:14:18.818716" elapsed="0.000000"/>
</kw>
<kw name="Should Be Equal As Numbers" owner="BuiltIn">
<msg time="2024-05-15T15:14:18.818716" level="INFO">Argument types are:
&lt;class 'int'&gt;
&lt;class 'str'&gt;</msg>
<arg>${stock_number}</arg>
<arg>46</arg>
<doc>Fails if objects are unequal after converting them to real numbers.</doc>
<status status="PASS" start="2024-05-15T15:14:18.818716" elapsed="0.000000"/>
</kw>
<kw name="Wait Until Page Contains Element" owner="SeleniumLibrary">
<arg>xpath=/html/body/div/div/div[2]/div[1]/div[1]/div[2]/div/div[5]/span/div/i</arg>
<doc>Waits until the element ``locator`` appears on the current page.</doc>
<status status="PASS" start="2024-05-15T15:14:18.819715" elapsed="0.007987"/>
</kw>
<kw name="Click Element" owner="SeleniumLibrary">
<msg time="2024-05-15T15:14:18.828715" level="INFO">Clicking element 'xpath=/html/body/div/div/div[2]/div[1]/div[1]/div[2]/div/div[5]/span/div/i'.</msg>
<arg>xpath=/html/body/div/div/div[2]/div[1]/div[1]/div[2]/div/div[5]/span/div/i</arg>
<doc>Click the element identified by ``locator``.</doc>
<status status="PASS" start="2024-05-15T15:14:18.827702" elapsed="0.040701"/>
</kw>
<kw name="Wait Until Element Is Visible" owner="SeleniumLibrary">
<arg>xpath=/html/body/div/div/div[2]/div[1]/div[1]/div[2]/div/div[5]/span/div/div[2]</arg>
<doc>Waits until the element ``locator`` is visible.</doc>
<status status="PASS" start="2024-05-15T15:14:18.868403" elapsed="0.027442"/>
</kw>
<kw name="Get WebElements" owner="SeleniumLibrary">
<msg time="2024-05-15T15:14:18.907828" level="INFO">${elements} = [&lt;selenium.webdriver.remote.webelement.WebElement (session="8c63b5ccdac8f6290af5df30c51f74f6", element="f.F206EA00ECB055C4C6FDFC4B3E32D21B.d.03B514DEFAFEE7FFBD325A65DDC87C32.e.108")&gt;, &lt;selenium.webdri...</msg>
<var>${elements}</var>
<arg>xpath=/html/body/div/div/div[2]/div[1]/div[1]/div[2]/div/div[5]/span/div/div[2]/*</arg>
<doc>Returns a list of WebElement objects matching the ``locator``.</doc>
<status status="PASS" start="2024-05-15T15:14:18.895845" elapsed="0.011983"/>
</kw>
<kw name="Get Length" owner="BuiltIn">
<msg time="2024-05-15T15:14:18.908827" level="INFO">Length is 46.</msg>
<msg time="2024-05-15T15:14:18.908827" level="INFO">${element_count} = 46</msg>
<var>${element_count}</var>
<arg>${elements}</arg>
<doc>Returns and logs the length of the given item as an integer.</doc>
<status status="PASS" start="2024-05-15T15:14:18.908827" elapsed="0.000000"/>
</kw>
<kw name="Should Be Equal As Strings" owner="BuiltIn">
<arg>${element_count}</arg>
<arg>${stock_number}</arg>
<doc>Fails if objects are unequal after converting them to strings.</doc>
<status status="PASS" start="2024-05-15T15:14:18.909829" elapsed="0.000000"/>
</kw>
<kw name="Execute Javascript" owner="SeleniumLibrary">
<msg time="2024-05-15T15:14:18.909829" level="INFO">Executing JavaScript:
window.scrollTo(0, window.scrollY + 300)
Without any arguments.</msg>
<arg>window.scrollTo(0, window.scrollY + 300)</arg>
<doc>Executes the given JavaScript code with possible arguments.</doc>
<status status="PASS" start="2024-05-15T15:14:18.909829" elapsed="0.006001"/>
</kw>
<kw name="Wait Until Page Contains Element" owner="SeleniumLibrary">
<arg>xpath=/html/body/div/div/div[2]/div[1]/div[1]/div[2]/div/div[5]/span/div/i</arg>
<doc>Waits until the element ``locator`` appears on the current page.</doc>
<status status="PASS" start="2024-05-15T15:14:18.915830" elapsed="0.008999"/>
</kw>
<kw name="Click Element" owner="SeleniumLibrary">
<msg time="2024-05-15T15:14:18.925830" level="INFO">Clicking element 'xpath=/html/body/div/div/div[2]/div[1]/div[1]/div[2]/div/div[5]/span/div/i'.</msg>
<arg>xpath=/html/body/div/div/div[2]/div[1]/div[1]/div[2]/div/div[5]/span/div/i</arg>
<doc>Click the element identified by ``locator``.</doc>
<status status="PASS" start="2024-05-15T15:14:18.925830" elapsed="0.035086"/>
</kw>
<kw name="Wait Until Page Contains Element" owner="SeleniumLibrary">
<arg>xpath=/html/body/div/div/div[2]/div[1]/div[1]/div[2]/div/div[5]/span/div/div[2]/div[5]/span</arg>
<doc>Waits until the element ``locator`` appears on the current page.</doc>
<status status="PASS" start="2024-05-15T15:14:18.960916" elapsed="0.011568"/>
</kw>
<kw name="Click Element" owner="SeleniumLibrary">
<msg time="2024-05-15T15:14:18.973620" level="INFO">Clicking element 'xpath=/html/body/div/div/div[2]/div[1]/div[1]/div[2]/div/div[5]/span/div/i'.</msg>
<arg>xpath=/html/body/div/div/div[2]/div[1]/div[1]/div[2]/div/div[5]/span/div/i</arg>
<doc>Click the element identified by ``locator``.</doc>
<status status="PASS" start="2024-05-15T15:14:18.973620" elapsed="0.032443"/>
</kw>
<kw name="Wait Until Page Contains Element" owner="SeleniumLibrary">
<arg>xpath=/html/body/div/div/div[2]/div[1]/div[1]/div[2]/div/div[5]</arg>
<doc>Waits until the element ``locator`` appears on the current page.</doc>
<status status="PASS" start="2024-05-15T15:14:19.007066" elapsed="0.009065"/>
</kw>
<kw name="Click Element" owner="SeleniumLibrary">
<msg time="2024-05-15T15:14:19.016131" level="INFO">Clicking element 'xpath=/html/body/div/div/div[2]/div[1]/div[1]/div[2]/div/div[5]/span/div/div[2]/div[5]'.</msg>
<arg>xpath=/html/body/div/div/div[2]/div[1]/div[1]/div[2]/div/div[5]/span/div/div[2]/div[5]</arg>
<doc>Click the element identified by ``locator``.</doc>
<status status="PASS" start="2024-05-15T15:14:19.016131" elapsed="0.036020"/>
</kw>
<kw name="Get Text" owner="SeleniumLibrary">
<msg time="2024-05-15T15:14:19.067166" level="INFO">${getvalue_validate} = 5</msg>
<var>${getvalue_validate}</var>
<arg>xpath=/html/body/div/div/div[2]/div[1]/div[1]/div[2]/div/div[5]/span/div/div[1]</arg>
<doc>Returns the text value of the element identified by ``locator``.</doc>
<status status="PASS" start="2024-05-15T15:14:19.052151" elapsed="0.015015"/>
</kw>
<kw name="Click Element" owner="SeleniumLibrary">
<msg time="2024-05-15T15:14:19.068698" level="INFO">Clicking element 'xpath=/html/body/div/div/div[2]/div[1]/div[1]/div[2]/div/div[6]/button'.</msg>
<arg>xpath=/html/body/div/div/div[2]/div[1]/div[1]/div[2]/div/div[6]/button</arg>
<doc>Click the element identified by ``locator``.</doc>
<status status="PASS" start="2024-05-15T15:14:19.067166" elapsed="0.038684"/>
</kw>
<kw name="Wait Until Element Is Enabled" owner="SeleniumLibrary">
<arg>xpath=/html/body/div/div/div[2]/div[1]/div[1]/div[2]/div/div[6]/button</arg>
<doc>Waits until the element ``locator`` is enabled.</doc>
<status status="PASS" start="2024-05-15T15:14:19.106823" elapsed="1.640936"/>
</kw>
<kw name="Wait Until Element Is Visible" owner="SeleniumLibrary">
<arg>xpath=/html/body/div[1]/div/div[1]/div/div/div[4]/ul/li[2]/a/div</arg>
<doc>Waits until the element ``locator`` is visible.</doc>
<status status="PASS" start="2024-05-15T15:14:20.747759" elapsed="0.015191"/>
</kw>
<kw name="Get Text" owner="SeleniumLibrary">
<msg time="2024-05-15T15:14:20.775532" level="INFO">${element_text} = 5</msg>
<var>${element_text}</var>
<arg>xpath=/html/body/div[1]/div/div[1]/div/div/div[4]/ul/li[2]/a/div</arg>
<doc>Returns the text value of the element identified by ``locator``.</doc>
<status status="PASS" start="2024-05-15T15:14:20.763951" elapsed="0.011581"/>
</kw>
<kw name="Should Be Equal As Strings" owner="BuiltIn">
<arg>${element_text}</arg>
<arg>${getvalue_validate}</arg>
<doc>Fails if objects are unequal after converting them to strings.</doc>
<status status="PASS" start="2024-05-15T15:14:20.776530" elapsed="0.000000"/>
</kw>
<kw name="Click Element" owner="SeleniumLibrary">
<msg time="2024-05-15T15:14:20.776530" level="INFO">Clicking element '//*[@id="root"]/div/div[1]/div/div/div[4]/ul/li[2]/a'.</msg>
<arg>${cart_tab_btn}</arg>
<doc>Click the element identified by ``locator``.</doc>
<status status="PASS" start="2024-05-15T15:14:20.776530" elapsed="0.040998"/>
</kw>
<kw name="Wait Until Page Contains Element" owner="SeleniumLibrary">
<arg>//*[@id="root"]/div/div[2]/div/div[1]/table</arg>
<doc>Waits until the element ``locator`` appears on the current page.</doc>
<status status="PASS" start="2024-05-15T15:14:20.817528" elapsed="0.013037"/>
</kw>
<kw name="Get Text" owner="SeleniumLibrary">
<msg time="2024-05-15T15:14:20.847528" level="INFO">${quantity_value} = 5</msg>
<var>${quantity_value}</var>
<arg>xpath=//*[@id="root"]/div/div[2]/div/div[1]/table/tbody/tr/td[4]/div/div/span</arg>
<doc>Returns the text value of the element identified by ``locator``.</doc>
<status status="PASS" start="2024-05-15T15:14:20.831627" elapsed="0.015901"/>
</kw>
<kw name="Should Be Equal As Strings" owner="BuiltIn">
<arg>${quantity_value}</arg>
<arg>${element_text}</arg>
<doc>Fails if objects are unequal after converting them to strings.</doc>
<status status="PASS" start="2024-05-15T15:14:20.847528" elapsed="0.000996"/>
</kw>
<kw name="Get Text" owner="SeleniumLibrary">
<msg time="2024-05-15T15:14:20.864565" level="INFO">${element_textexpect} = Fashion Magnetic Wrist Watch</msg>
<var>${element_textexpect}</var>
<arg>xpath=/html/body/div/div/div[2]/div/div[1]/table/tbody/tr/td[3]/a/h2</arg>
<doc>Returns the text value of the element identified by ``locator``.</doc>
<status status="PASS" start="2024-05-15T15:14:20.848524" elapsed="0.017059"/>
</kw>
<kw name="Should Be Equal As Strings" owner="BuiltIn">
<arg>${value_head13}</arg>
<arg>${element_textexpect}</arg>
<doc>Fails if objects are unequal after converting them to strings.</doc>
<status status="PASS" start="2024-05-15T15:14:20.865583" elapsed="0.000000"/>
</kw>
<status status="PASS" start="2024-05-15T15:14:17.743210" elapsed="3.122373"/>
</kw>
<kw name="Closing my browser" owner="common" type="TEARDOWN">
<kw name="Close Browser" owner="SeleniumLibrary">
<doc>Closes the current browser.</doc>
<status status="PASS" start="2024-05-15T15:14:20.866566" elapsed="2.148270"/>
</kw>
<status status="PASS" start="2024-05-15T15:14:20.866566" elapsed="2.149369"/>
</kw>
<status status="PASS" start="2024-05-15T15:14:13.807490" elapsed="9.209440"/>
</test>
<test id="s1-t4" name="TC4: Select all products from list and add to cart and verify" line="21">
<kw name="Opening my browser" owner="common" type="SETUP">
<kw name="Open Browser" owner="SeleniumLibrary">
<msg time="2024-05-15T15:14:23.022932" level="INFO">Opening browser 'Chrome' to base url 'https://dapper-pastelito-04ff24.netlify.app/'.</msg>
<arg>${URL_HOME}</arg>
<arg>${BROWSER}</arg>
<doc>Opens a new browser instance to the optional ``url``.</doc>
<status status="PASS" start="2024-05-15T15:14:23.021824" elapsed="2.172536"/>
</kw>
<kw name="Location Should Be" owner="SeleniumLibrary">
<msg time="2024-05-15T15:14:25.201370" level="INFO">Current location is 'https://dapper-pastelito-04ff24.netlify.app/'.</msg>
<arg>${URL_HOME}</arg>
<doc>Verifies that the current URL is exactly ``url``.</doc>
<status status="PASS" start="2024-05-15T15:14:25.195494" elapsed="0.005876"/>
</kw>
<kw name="Maximize Browser Window" owner="SeleniumLibrary">
<doc>Maximizes current browser window.</doc>
<status status="PASS" start="2024-05-15T15:14:25.202370" elapsed="0.034368"/>
</kw>
<status status="PASS" start="2024-05-15T15:14:23.019831" elapsed="2.217902"/>
</kw>
<kw name="Select all products from list and add to cart and verify" owner="product_detail_page">
<kw name="Click Element" owner="SeleniumLibrary">
<msg time="2024-05-15T15:14:25.239736" level="INFO">Clicking element '//*[@id="root"]/div/div[1]/div/div/div[4]/ul/li[1]'.</msg>
<arg>${button_shop}</arg>
<doc>Click the element identified by ``locator``.</doc>
<status status="PASS" start="2024-05-15T15:14:25.239736" elapsed="0.072283"/>
</kw>
<kw name="Location Should Be" owner="SeleniumLibrary">
<msg time="2024-05-15T15:14:25.316015" level="INFO">Current location is 'https://dapper-pastelito-04ff24.netlify.app/shop'.</msg>
<arg>${URL_SHOP}</arg>
<doc>Verifies that the current URL is exactly ``url``.</doc>
<status status="PASS" start="2024-05-15T15:14:25.312019" elapsed="0.003996"/>
</kw>
<kw name="Wait Until Page Contains Element" owner="SeleniumLibrary">
<arg>${menu_bar}</arg>
<doc>Waits until the element ``locator`` appears on the current page.</doc>
<status status="PASS" start="2024-05-15T15:14:25.317016" elapsed="0.010998"/>
</kw>
<kw name="Wait Until Page Contains Element" owner="SeleniumLibrary">
<arg>${product_container}</arg>
<doc>Waits until the element ``locator`` appears on the current page.</doc>
<status status="PASS" start="2024-05-15T15:14:25.329018" elapsed="0.010002"/>
</kw>
<kw name="Wait Until Element Is Visible" owner="SeleniumLibrary">
<arg>xpath=/html/body/div/div/div[2]/div[2]/div[4]/div/div[2]/a/div</arg>
<doc>Waits until the element ``locator`` is visible.</doc>
<status status="PASS" start="2024-05-15T15:14:25.339020" elapsed="0.924483"/>
</kw>
<kw name="Get Text" owner="SeleniumLibrary">
<msg time="2024-05-15T15:14:26.288038" level="INFO">${value_head3} = Fashion Magnetic Wrist Watch -</msg>
<var>${value_head3}</var>
<arg>xpath=/html/body/div/div/div[2]/div[2]/div[4]/div/div[2]/a/div</arg>
<doc>Returns the text value of the element identified by ``locator``.</doc>
<status status="PASS" start="2024-05-15T15:14:26.263503" elapsed="0.024535"/>
</kw>
<kw name="Get Text" owner="SeleniumLibrary">
<msg time="2024-05-15T15:14:26.313038" level="INFO">${value_price3} = $49.99</msg>
<var>${value_price3}</var>
<arg>xpath=/html/body/div/div/div[2]/div[2]/div[4]/div/div[2]/span/p[1]</arg>
<doc>Returns the text value of the element identified by ``locator``.</doc>
<status status="PASS" start="2024-05-15T15:14:26.289037" elapsed="0.024001"/>
</kw>
<kw name="Click Element" owner="SeleniumLibrary">
<msg time="2024-05-15T15:14:26.313038" level="INFO">Clicking element 'xpath=/html/body/div/div/div[2]/div[2]/div[4]/div/div[2]/a/div'.</msg>
<arg>xpath=/html/body/div/div/div[2]/div[2]/div[4]/div/div[2]/a/div</arg>
<doc>Click the element identified by ``locator``.</doc>
<status status="PASS" start="2024-05-15T15:14:26.313038" elapsed="0.056033"/>
</kw>
<kw name="Get Text" owner="SeleniumLibrary">
<msg time="2024-05-15T15:14:26.415836" level="INFO">${value_head13} = Fashion Magnetic Wrist Watch</msg>
<var>${value_head13}</var>
<arg>xpath=/html/body/div/div/div[2]/div[1]/div[1]/div[2]/div/div[1]/h1</arg>
<doc>Returns the text value of the element identified by ``locator``.</doc>
<status status="PASS" start="2024-05-15T15:14:26.370068" elapsed="0.045768"/>
</kw>
<kw name="Page Should Contain" owner="SeleniumLibrary">
<msg time="2024-05-15T15:14:26.427836" level="INFO">Current page contains text 'Fashion Magnetic Wrist Watch'.</msg>
<arg>${value_head13}</arg>
<doc>Verifies that current page contains ``text``.</doc>
<status status="PASS" start="2024-05-15T15:14:26.416857" elapsed="0.011979"/>
</kw>
<kw name="Split String" owner="String">
<msg time="2024-05-15T15:14:26.428836" level="INFO">${value_head3} = ['Fashion Magnetic Wrist Watch ', '']</msg>
<var>${value_head3}</var>
<arg>${value_head3}</arg>
<arg>-</arg>
<doc>Splits the ``string`` using ``separator`` as a delimiter string.</doc>
<status status="PASS" start="2024-05-15T15:14:26.428836" elapsed="0.001000"/>
</kw>
<kw name="Set Variable" owner="BuiltIn">
<msg time="2024-05-15T15:14:26.429836" level="INFO">${value_head3} = Fashion Magnetic Wrist Watch </msg>
<var>${value_head3}</var>
<arg>${value_head3[0]}</arg>
<doc>Returns the given values which can then be assigned to a variables.</doc>
<status status="PASS" start="2024-05-15T15:14:26.429836" elapsed="0.001000"/>
</kw>
<kw name="Strip String" owner="String">
<msg time="2024-05-15T15:14:26.430836" level="INFO">${value_head3} = Fashion Magnetic Wrist Watch</msg>
<var>${value_head3}</var>
<arg>${value_head3}</arg>
<doc>Remove leading and/or trailing whitespaces from the given string.</doc>
<status status="PASS" start="2024-05-15T15:14:26.430836" elapsed="0.000000"/>
</kw>
<kw name="Get Text" owner="SeleniumLibrary">
<msg time="2024-05-15T15:14:26.454840" level="INFO">${value_price13} = $49.99</msg>
<var>${value_price13}</var>
<arg>xpath=/html/body/div/div/div[2]/div[1]/div[1]/div[2]/div/div[3]/span</arg>
<doc>Returns the text value of the element identified by ``locator``.</doc>
<status status="PASS" start="2024-05-15T15:14:26.430836" elapsed="0.024004"/>
</kw>
<kw name="Page Should Contain" owner="SeleniumLibrary">
<msg time="2024-05-15T15:14:26.465837" level="INFO">Current page contains text '$49.99'.</msg>
<arg>${value_price13}</arg>
<doc>Verifies that current page contains ``text``.</doc>
<status status="PASS" start="2024-05-15T15:14:26.454840" elapsed="0.010997"/>
</kw>
<kw name="Should Be Equal As Strings" owner="BuiltIn">
<arg>${value_price3}</arg>
<arg>${value_price13}</arg>
<doc>Fails if objects are unequal after converting them to strings.</doc>
<status status="PASS" start="2024-05-15T15:14:26.466838" elapsed="0.000000"/>
</kw>
<kw name="Should Be Equal As Strings" owner="BuiltIn">
<arg>${value_head3}</arg>
<arg>${value_head13}</arg>
<doc>Fails if objects are unequal after converting them to strings.</doc>
<status status="PASS" start="2024-05-15T15:14:26.466838" elapsed="0.001022"/>
</kw>
<kw name="Wait Until Keyword Succeeds" owner="BuiltIn">
<kw name="Page Should Contain Element" owner="SeleniumLibrary">
<msg time="2024-05-15T15:14:26.484372" level="INFO">Current page contains element '//*[@id="root"]/div/div[2]/div[1]/div[1]'.</msg>
<arg>${product_infor}</arg>
<doc>Verifies that element ``locator`` is found on the current page.</doc>
<status status="PASS" start="2024-05-15T15:14:26.467860" elapsed="0.016512"/>
</kw>
<arg>10s</arg>
<arg>1s</arg>
<arg>Page Should Contain Element</arg>
<arg>${product_infor}</arg>
<doc>Runs the specified keyword and retries if it fails.</doc>
<status status="PASS" start="2024-05-15T15:14:26.467860" elapsed="0.016512"/>
</kw>
<kw name="Get Element Count" owner="SeleniumLibrary">
<msg time="2024-05-15T15:14:26.495371" level="INFO">${count_item} = 5</msg>
<var>${count_item}</var>
<arg>locator=//*[contains(@class, "ui segment")]</arg>
<doc>Returns the number of elements matching ``locator``.</doc>
<status status="PASS" start="2024-05-15T15:14:26.484372" elapsed="0.012018"/>
</kw>
<kw name="Should Be True" owner="BuiltIn">
<arg>${count_item} &gt; 0</arg>
<doc>Fails if the given condition is not true.</doc>
<status status="PASS" start="2024-05-15T15:14:26.496390" elapsed="0.000000"/>
</kw>
<kw name="Get Text" owner="SeleniumLibrary">
<msg time="2024-05-15T15:14:26.511372" level="INFO">${stock_element} = Stock Available: 46</msg>
<var>${stock_element}</var>
<arg>xpath=/html/body/div/div/div[2]/div[1]/div[1]/div[2]/div/div[4]</arg>
<doc>Returns the text value of the element identified by ``locator``.</doc>
<status status="PASS" start="2024-05-15T15:14:26.496390" elapsed="0.014982"/>
</kw>
<kw name="Get Substring" owner="String">
<msg time="2024-05-15T15:14:26.512391" level="INFO">${number_string} = 46</msg>
<var>${number_string}</var>
<arg>${stock_element}</arg>
<arg>17</arg>
<doc>Returns a substring from ``start`` index to ``end`` index.</doc>
<status status="PASS" start="2024-05-15T15:14:26.512391" elapsed="0.000000"/>
</kw>
<kw name="Convert To Integer" owner="BuiltIn">
<msg time="2024-05-15T15:14:26.512391" level="INFO">${stock_number} = 46</msg>
<var>${stock_number}</var>
<arg>${number_string}</arg>
<doc>Converts the given item to an integer number.</doc>
<status status="PASS" start="2024-05-15T15:14:26.512391" elapsed="0.000998"/>
</kw>
<kw name="Should Be Equal As Numbers" owner="BuiltIn">
<msg time="2024-05-15T15:14:26.513389" level="INFO">Argument types are:
&lt;class 'int'&gt;
&lt;class 'str'&gt;</msg>
<arg>${stock_number}</arg>
<arg>46</arg>
<doc>Fails if objects are unequal after converting them to real numbers.</doc>
<status status="PASS" start="2024-05-15T15:14:26.513389" elapsed="0.000000"/>
</kw>
<kw name="Wait Until Page Contains Element" owner="SeleniumLibrary">
<arg>xpath=/html/body/div/div/div[2]/div[1]/div[1]/div[2]/div/div[5]/span/div/i</arg>
<doc>Waits until the element ``locator`` appears on the current page.</doc>
<status status="PASS" start="2024-05-15T15:14:26.513389" elapsed="0.009006"/>
</kw>
<kw name="Click Element" owner="SeleniumLibrary">
<msg time="2024-05-15T15:14:26.523391" level="INFO">Clicking element 'xpath=/html/body/div/div/div[2]/div[1]/div[1]/div[2]/div/div[5]/span/div/i'.</msg>
<arg>xpath=/html/body/div/div/div[2]/div[1]/div[1]/div[2]/div/div[5]/span/div/i</arg>
<doc>Click the element identified by ``locator``.</doc>
<status status="PASS" start="2024-05-15T15:14:26.523391" elapsed="0.042982"/>
</kw>
<kw name="Wait Until Element Is Visible" owner="SeleniumLibrary">
<arg>xpath=/html/body/div/div/div[2]/div[1]/div[1]/div[2]/div/div[5]/span/div/div[2]</arg>
<doc>Waits until the element ``locator`` is visible.</doc>
<status status="PASS" start="2024-05-15T15:14:26.567375" elapsed="0.023114"/>
</kw>
<kw name="Get WebElements" owner="SeleniumLibrary">
<msg time="2024-05-15T15:14:26.603490" level="INFO">${elements} = [&lt;selenium.webdriver.remote.webelement.WebElement (session="929afff6a31a365136db07c6711df8e3", element="f.054A0D69CB2ED3B7ABF60E629006F324.d.3957AACB206527E9E8BBA287B2CD1992.e.112")&gt;, &lt;selenium.webdri...</msg>
<var>${elements}</var>
<arg>xpath=/html/body/div/div/div[2]/div[1]/div[1]/div[2]/div/div[5]/span/div/div[2]/*</arg>
<doc>Returns a list of WebElement objects matching the ``locator``.</doc>
<status status="PASS" start="2024-05-15T15:14:26.590489" elapsed="0.013001"/>
</kw>
<kw name="Get Length" owner="BuiltIn">
<msg time="2024-05-15T15:14:26.603490" level="INFO">Length is 46.</msg>
<msg time="2024-05-15T15:14:26.603490" level="INFO">${element_count} = 46</msg>
<var>${element_count}</var>
<arg>${elements}</arg>
<doc>Returns and logs the length of the given item as an integer.</doc>
<status status="PASS" start="2024-05-15T15:14:26.603490" elapsed="0.000998"/>
</kw>
<kw name="Should Be Equal As Strings" owner="BuiltIn">
<arg>${element_count}</arg>
<arg>${stock_number}</arg>
<doc>Fails if objects are unequal after converting them to strings.</doc>
<status status="PASS" start="2024-05-15T15:14:26.604488" elapsed="0.000000"/>
</kw>
<kw name="Execute Javascript" owner="SeleniumLibrary">
<msg time="2024-05-15T15:14:26.605489" level="INFO">Executing JavaScript:
window.scrollTo(0, window.scrollY + 300)
Without any arguments.</msg>
<arg>window.scrollTo(0, window.scrollY + 300)</arg>
<doc>Executes the given JavaScript code with possible arguments.</doc>
<status status="PASS" start="2024-05-15T15:14:26.604488" elapsed="0.006003"/>
</kw>
<kw name="Wait Until Page Contains Element" owner="SeleniumLibrary">
<arg>xpath=/html/body/div/div/div[2]/div[1]/div[1]/div[2]/div/div[5]/span/div/i</arg>
<doc>Waits until the element ``locator`` appears on the current page.</doc>
<status status="PASS" start="2024-05-15T15:14:26.610491" elapsed="0.006998"/>
</kw>
<kw name="Click Element" owner="SeleniumLibrary">
<msg time="2024-05-15T15:14:26.618510" level="INFO">Clicking element 'xpath=/html/body/div/div/div[2]/div[1]/div[1]/div[2]/div/div[5]/span/div/i'.</msg>
<arg>xpath=/html/body/div/div/div[2]/div[1]/div[1]/div[2]/div/div[5]/span/div/i</arg>
<doc>Click the element identified by ``locator``.</doc>
<status status="PASS" start="2024-05-15T15:14:26.618510" elapsed="0.036982"/>
</kw>
<kw name="Execute Javascript" owner="SeleniumLibrary">
<msg time="2024-05-15T15:14:26.656510" level="INFO">Executing JavaScript:
document.evaluate('//span[text()="46"]', document, null, XPathResult.FIRST_ORDERED_NODE_TYPE, null).singleNodeValue.click()
Without any arguments.</msg>
<arg>document.evaluate('//span[text()="46"]', document, null, XPathResult.FIRST_ORDERED_NODE_TYPE, null).singleNodeValue.click()</arg>
<doc>Executes the given JavaScript code with possible arguments.</doc>
<status status="PASS" start="2024-05-15T15:14:26.656510" elapsed="0.010979"/>
</kw>
<kw name="Click Element" owner="SeleniumLibrary">
<msg time="2024-05-15T15:14:26.668528" level="INFO">Clicking element 'xpath=/html/body/div/div/div[2]/div[1]/div[1]/div[2]/div/div[5]/span/div/i'.</msg>
<arg>xpath=/html/body/div/div/div[2]/div[1]/div[1]/div[2]/div/div[5]/span/div/i</arg>
<doc>Click the element identified by ``locator``.</doc>
<status status="PASS" start="2024-05-15T15:14:26.668528" elapsed="0.039482"/>
</kw>
<kw name="Get Text" owner="SeleniumLibrary">
<msg time="2024-05-15T15:14:26.723008" level="INFO">${getvalue_validate} = 46</msg>
<var>${getvalue_validate}</var>
[...]
<var>${src}</var>
<arg>${image}</arg>
<arg>src</arg>
<doc>Returns the value of ``attribute`` from the element ``locator``.</doc>
<status status="PASS" start="2024-05-15T15:14:52.176971" elapsed="0.006001"/>
</kw>
<kw name="Should Contain" owner="BuiltIn">
<arg>${src}</arg>
<arg>https://cdn.dummyjson.com/product-images/</arg>
<doc>Fails if ``container`` does not contain ``item`` one or more times.</doc>
<status status="PASS" start="2024-05-15T15:14:52.182972" elapsed="0.000000"/>
</kw>
<var name="${image}">&lt;selenium.webdriver.remote.webelement.WebElement (session="18c46d3c9d9263f63fbe3c568a84b49d", element="f.E2DC05624F6332DA99CA1C1AD0AFC2D6.d.DC360D1A1521A9D2C63801A2FD0FDC88.e.101")&gt;</var>
<status status="PASS" start="2024-05-15T15:14:52.176971" elapsed="0.006001"/>
</iter>
<iter>
<kw name="Get Element Attribute" owner="SeleniumLibrary">
<msg time="2024-05-15T15:14:52.188970" level="INFO">${src} = https://cdn.dummyjson.com/product-images/67/thumbnail.jpg</msg>
<var>${src}</var>
<arg>${image}</arg>
<arg>src</arg>
<doc>Returns the value of ``attribute`` from the element ``locator``.</doc>
<status status="PASS" start="2024-05-15T15:14:52.183970" elapsed="0.005000"/>
</kw>
<kw name="Should Contain" owner="BuiltIn">
<arg>${src}</arg>
<arg>https://cdn.dummyjson.com/product-images/</arg>
<doc>Fails if ``container`` does not contain ``item`` one or more times.</doc>
<status status="PASS" start="2024-05-15T15:14:52.188970" elapsed="0.000999"/>
</kw>
<var name="${image}">&lt;selenium.webdriver.remote.webelement.WebElement (session="18c46d3c9d9263f63fbe3c568a84b49d", element="f.E2DC05624F6332DA99CA1C1AD0AFC2D6.d.DC360D1A1521A9D2C63801A2FD0FDC88.e.102")&gt;</var>
<status status="PASS" start="2024-05-15T15:14:52.183970" elapsed="0.005999"/>
</iter>
<iter>
<kw name="Get Element Attribute" owner="SeleniumLibrary">
<msg time="2024-05-15T15:14:52.194973" level="INFO">${src} = https://cdn.dummyjson.com/product-images/66/thumbnail.jpg</msg>
<var>${src}</var>
<arg>${image}</arg>
<arg>src</arg>
<doc>Returns the value of ``attribute`` from the element ``locator``.</doc>
<status status="PASS" start="2024-05-15T15:14:52.189969" elapsed="0.005004"/>
</kw>
<kw name="Should Contain" owner="BuiltIn">
<arg>${src}</arg>
<arg>https://cdn.dummyjson.com/product-images/</arg>
<doc>Fails if ``container`` does not contain ``item`` one or more times.</doc>
<status status="PASS" start="2024-05-15T15:14:52.194973" elapsed="0.000000"/>
</kw>
<var name="${image}">&lt;selenium.webdriver.remote.webelement.WebElement (session="18c46d3c9d9263f63fbe3c568a84b49d", element="f.E2DC05624F6332DA99CA1C1AD0AFC2D6.d.DC360D1A1521A9D2C63801A2FD0FDC88.e.103")&gt;</var>
<status status="PASS" start="2024-05-15T15:14:52.189969" elapsed="0.006002"/>
</iter>
<iter>
<kw name="Get Element Attribute" owner="SeleniumLibrary">
<msg time="2024-05-15T15:14:52.199970" level="INFO">${src} = https://cdn.dummyjson.com/product-images/68/thumbnail.webp</msg>
<var>${src}</var>
<arg>${image}</arg>
<arg>src</arg>
<doc>Returns the value of ``attribute`` from the element ``locator``.</doc>
<status status="PASS" start="2024-05-15T15:14:52.195971" elapsed="0.005003"/>
</kw>
<kw name="Should Contain" owner="BuiltIn">
<arg>${src}</arg>
<arg>https://cdn.dummyjson.com/product-images/</arg>
<doc>Fails if ``container`` does not contain ``item`` one or more times.</doc>
<status status="PASS" start="2024-05-15T15:14:52.200974" elapsed="0.000000"/>
</kw>
<var name="${image}">&lt;selenium.webdriver.remote.webelement.WebElement (session="18c46d3c9d9263f63fbe3c568a84b49d", element="f.E2DC05624F6332DA99CA1C1AD0AFC2D6.d.DC360D1A1521A9D2C63801A2FD0FDC88.e.104")&gt;</var>
<status status="PASS" start="2024-05-15T15:14:52.195971" elapsed="0.005003"/>
</iter>
<iter>
<kw name="Get Element Attribute" owner="SeleniumLibrary">
<msg time="2024-05-15T15:14:52.206569" level="INFO">${src} = https://cdn.dummyjson.com/product-images/69/thumbnail.jpg</msg>
<var>${src}</var>
<arg>${image}</arg>
<arg>src</arg>
<doc>Returns the value of ``attribute`` from the element ``locator``.</doc>
<status status="PASS" start="2024-05-15T15:14:52.202555" elapsed="0.005027"/>
</kw>
<kw name="Should Contain" owner="BuiltIn">
<arg>${src}</arg>
<arg>https://cdn.dummyjson.com/product-images/</arg>
<doc>Fails if ``container`` does not contain ``item`` one or more times.</doc>
<status status="PASS" start="2024-05-15T15:14:52.207582" elapsed="0.000000"/>
</kw>
<var name="${image}">&lt;selenium.webdriver.remote.webelement.WebElement (session="18c46d3c9d9263f63fbe3c568a84b49d", element="f.E2DC05624F6332DA99CA1C1AD0AFC2D6.d.DC360D1A1521A9D2C63801A2FD0FDC88.e.105")&gt;</var>
<status status="PASS" start="2024-05-15T15:14:52.202246" elapsed="0.005336"/>
</iter>
<iter>
<kw name="Get Element Attribute" owner="SeleniumLibrary">
<msg time="2024-05-15T15:14:52.213569" level="INFO">${src} = https://cdn.dummyjson.com/product-images/70/thumbnail.jpg</msg>
<var>${src}</var>
<arg>${image}</arg>
<arg>src</arg>
<doc>Returns the value of ``attribute`` from the element ``locator``.</doc>
<status status="PASS" start="2024-05-15T15:14:52.208574" elapsed="0.004995"/>
</kw>
<kw name="Should Contain" owner="BuiltIn">
<arg>${src}</arg>
<arg>https://cdn.dummyjson.com/product-images/</arg>
<doc>Fails if ``container`` does not contain ``item`` one or more times.</doc>
<status status="PASS" start="2024-05-15T15:14:52.213569" elapsed="0.000000"/>
</kw>
<var name="${image}">&lt;selenium.webdriver.remote.webelement.WebElement (session="18c46d3c9d9263f63fbe3c568a84b49d", element="f.E2DC05624F6332DA99CA1C1AD0AFC2D6.d.DC360D1A1521A9D2C63801A2FD0FDC88.e.106")&gt;</var>
<status status="PASS" start="2024-05-15T15:14:52.207582" elapsed="0.005987"/>
</iter>
<iter>
<kw name="Get Element Attribute" owner="SeleniumLibrary">
<msg time="2024-05-15T15:14:52.218574" level="INFO">${src} = https://cdn.dummyjson.com/product-images/66/thumbnail.jpg</msg>
<var>${src}</var>
<arg>${image}</arg>
<arg>src</arg>
<doc>Returns the value of ``attribute`` from the element ``locator``.</doc>
<status status="PASS" start="2024-05-15T15:14:52.214565" elapsed="0.004009"/>
</kw>
<kw name="Should Contain" owner="BuiltIn">
<arg>${src}</arg>
<arg>https://cdn.dummyjson.com/product-images/</arg>
<doc>Fails if ``container`` does not contain ``item`` one or more times.</doc>
<status status="PASS" start="2024-05-15T15:14:52.218574" elapsed="0.000000"/>
</kw>
<var name="${image}">&lt;selenium.webdriver.remote.webelement.WebElement (session="18c46d3c9d9263f63fbe3c568a84b49d", element="f.E2DC05624F6332DA99CA1C1AD0AFC2D6.d.DC360D1A1521A9D2C63801A2FD0FDC88.e.107")&gt;</var>
<status status="PASS" start="2024-05-15T15:14:52.214565" elapsed="0.005008"/>
</iter>
<iter>
<kw name="Get Element Attribute" owner="SeleniumLibrary">
<msg time="2024-05-15T15:14:52.224590" level="INFO">${src} = https://cdn.dummyjson.com/product-images/68/thumbnail.webp</msg>
<var>${src}</var>
<arg>${image}</arg>
<arg>src</arg>
<doc>Returns the value of ``attribute`` from the element ``locator``.</doc>
<status status="PASS" start="2024-05-15T15:14:52.219573" elapsed="0.005017"/>
</kw>
<kw name="Should Contain" owner="BuiltIn">
<arg>${src}</arg>
<arg>https://cdn.dummyjson.com/product-images/</arg>
<doc>Fails if ``container`` does not contain ``item`` one or more times.</doc>
<status status="PASS" start="2024-05-15T15:14:52.224590" elapsed="0.000985"/>
</kw>
<var name="${image}">&lt;selenium.webdriver.remote.webelement.WebElement (session="18c46d3c9d9263f63fbe3c568a84b49d", element="f.E2DC05624F6332DA99CA1C1AD0AFC2D6.d.DC360D1A1521A9D2C63801A2FD0FDC88.e.108")&gt;</var>
<status status="PASS" start="2024-05-15T15:14:52.219573" elapsed="0.006002"/>
</iter>
<iter>
<kw name="Get Element Attribute" owner="SeleniumLibrary">
<msg time="2024-05-15T15:14:52.230143" level="INFO">${src} = https://cdn.dummyjson.com/product-images/69/thumbnail.jpg</msg>
<var>${src}</var>
<arg>${image}</arg>
<arg>src</arg>
<doc>Returns the value of ``attribute`` from the element ``locator``.</doc>
<status status="PASS" start="2024-05-15T15:14:52.225575" elapsed="0.005607"/>
</kw>
<kw name="Should Contain" owner="BuiltIn">
<arg>${src}</arg>
<arg>https://cdn.dummyjson.com/product-images/</arg>
<doc>Fails if ``container`` does not contain ``item`` one or more times.</doc>
<status status="PASS" start="2024-05-15T15:14:52.231182" elapsed="0.000000"/>
</kw>
<var name="${image}">&lt;selenium.webdriver.remote.webelement.WebElement (session="18c46d3c9d9263f63fbe3c568a84b49d", element="f.E2DC05624F6332DA99CA1C1AD0AFC2D6.d.DC360D1A1521A9D2C63801A2FD0FDC88.e.109")&gt;</var>
<status status="PASS" start="2024-05-15T15:14:52.225575" elapsed="0.005607"/>
</iter>
<iter>
<kw name="Get Element Attribute" owner="SeleniumLibrary">
<msg time="2024-05-15T15:14:52.236165" level="INFO">${src} = https://cdn.dummyjson.com/product-images/70/thumbnail.jpg</msg>
<var>${src}</var>
<arg>${image}</arg>
<arg>src</arg>
<doc>Returns the value of ``attribute`` from the element ``locator``.</doc>
<status status="PASS" start="2024-05-15T15:14:52.231182" elapsed="0.005997"/>
</kw>
<kw name="Should Contain" owner="BuiltIn">
<arg>${src}</arg>
<arg>https://cdn.dummyjson.com/product-images/</arg>
<doc>Fails if ``container`` does not contain ``item`` one or more times.</doc>
<status status="PASS" start="2024-05-15T15:14:52.237179" elapsed="0.000000"/>
</kw>
<var name="${image}">&lt;selenium.webdriver.remote.webelement.WebElement (session="18c46d3c9d9263f63fbe3c568a84b49d", element="f.E2DC05624F6332DA99CA1C1AD0AFC2D6.d.DC360D1A1521A9D2C63801A2FD0FDC88.e.110")&gt;</var>
<status status="PASS" start="2024-05-15T15:14:52.231182" elapsed="0.005997"/>
</iter>
<var>${image}</var>
<value>@{images}</value>
<status status="PASS" start="2024-05-15T15:14:52.095266" elapsed="0.141913"/>
</for>
<status status="PASS" start="2024-05-15T15:14:52.079578" elapsed="0.157601"/>
</kw>
<kw name="Test Product Titles" owner="product_detail_page">
<kw name="Get WebElements" owner="SeleniumLibrary">
<msg time="2024-05-15T15:14:52.246161" level="INFO">${titles} = [&lt;selenium.webdriver.remote.webelement.WebElement (session="18c46d3c9d9263f63fbe3c568a84b49d", element="f.E2DC05624F6332DA99CA1C1AD0AFC2D6.d.DC360D1A1521A9D2C63801A2FD0FDC88.e.112")&gt;, &lt;selenium.webdri...</msg>
<var>${titles}</var>
<arg>xpath://div[@class="column"]//div[@class="ui header rp-title"]</arg>
<doc>Returns a list of WebElement objects matching the ``locator``.</doc>
<status status="PASS" start="2024-05-15T15:14:52.238179" elapsed="0.009000"/>
</kw>
<for flavor="IN">
<iter>
<kw name="Get Text" owner="SeleniumLibrary">
<msg time="2024-05-15T15:14:52.253164" level="INFO">${text} = Steel Analog Couple Watches</msg>
<var>${text}</var>
<arg>${title}</arg>
<doc>Returns the text value of the element identified by ``locator``.</doc>
<status status="PASS" start="2024-05-15T15:14:52.247179" elapsed="0.005985"/>
</kw>
<kw name="Run Keyword If" owner="BuiltIn">
<kw name="Should Not Be Empty" owner="BuiltIn">
<msg time="2024-05-15T15:14:52.254179" level="INFO">Length is 27.</msg>
<arg>${text}</arg>
<doc>Verifies that the given item is not empty.</doc>
<status status="PASS" start="2024-05-15T15:14:52.253164" elapsed="0.001015"/>
</kw>
<arg>'${text}' != ''</arg>
<arg>Should Not Be Empty</arg>
<arg>${text}</arg>
<doc>Runs the given keyword with the given arguments, if ``condition`` is true.</doc>
<status status="PASS" start="2024-05-15T15:14:52.253164" elapsed="0.001015"/>
</kw>
<var name="${title}">&lt;selenium.webdriver.remote.webelement.WebElement (session="18c46d3c9d9263f63fbe3c568a84b49d", element="f.E2DC05624F6332DA99CA1C1AD0AFC2D6.d.DC360D1A1521A9D2C63801A2FD0FDC88.e.112")&gt;</var>
<status status="PASS" start="2024-05-15T15:14:52.247179" elapsed="0.007000"/>
</iter>
<iter>
<kw name="Get Text" owner="SeleniumLibrary">
<msg time="2024-05-15T15:14:52.259186" level="INFO">${text} = Stylish Luxury Digital Watch</msg>
<var>${text}</var>
<arg>${title}</arg>
<doc>Returns the text value of the element identified by ``locator``.</doc>
<status status="PASS" start="2024-05-15T15:14:52.254179" elapsed="0.005007"/>
</kw>
<kw name="Run Keyword If" owner="BuiltIn">
<kw name="Should Not Be Empty" owner="BuiltIn">
<msg time="2024-05-15T15:14:52.260187" level="INFO">Length is 28.</msg>
<arg>${text}</arg>
<doc>Verifies that the given item is not empty.</doc>
<status status="PASS" start="2024-05-15T15:14:52.260187" elapsed="0.000000"/>
</kw>
<arg>'${text}' != ''</arg>
<arg>Should Not Be Empty</arg>
<arg>${text}</arg>
<doc>Runs the given keyword with the given arguments, if ``condition`` is true.</doc>
<status status="PASS" start="2024-05-15T15:14:52.260187" elapsed="0.000000"/>
</kw>
<var name="${title}">&lt;selenium.webdriver.remote.webelement.WebElement (session="18c46d3c9d9263f63fbe3c568a84b49d", element="f.E2DC05624F6332DA99CA1C1AD0AFC2D6.d.DC360D1A1521A9D2C63801A2FD0FDC88.e.113")&gt;</var>
<status status="PASS" start="2024-05-15T15:14:52.254179" elapsed="0.006008"/>
</iter>
<iter>
<kw name="Get Text" owner="SeleniumLibrary">
<msg time="2024-05-15T15:14:52.266163" level="INFO">${text} = Golden Watch Pearls Bracelet Watch</msg>
<var>${text}</var>
<arg>${title}</arg>
<doc>Returns the text value of the element identified by ``locator``.</doc>
<status status="PASS" start="2024-05-15T15:14:52.261180" elapsed="0.004983"/>
</kw>
<kw name="Run Keyword If" owner="BuiltIn">
<kw name="Should Not Be Empty" owner="BuiltIn">
<msg time="2024-05-15T15:14:52.267179" level="INFO">Length is 34.</msg>
<arg>${text}</arg>
<doc>Verifies that the given item is not empty.</doc>
<status status="PASS" start="2024-05-15T15:14:52.266163" elapsed="0.001016"/>
</kw>
<arg>'${text}' != ''</arg>
<arg>Should Not Be Empty</arg>
<arg>${text}</arg>
<doc>Runs the given keyword with the given arguments, if ``condition`` is true.</doc>
<status status="PASS" start="2024-05-15T15:14:52.266163" elapsed="0.001016"/>
</kw>
<var name="${title}">&lt;selenium.webdriver.remote.webelement.WebElement (session="18c46d3c9d9263f63fbe3c568a84b49d", element="f.E2DC05624F6332DA99CA1C1AD0AFC2D6.d.DC360D1A1521A9D2C63801A2FD0FDC88.e.114")&gt;</var>
<status status="PASS" start="2024-05-15T15:14:52.261180" elapsed="0.005999"/>
</iter>
<iter>
<kw name="Get Text" owner="SeleniumLibrary">
<msg time="2024-05-15T15:14:52.272497" level="INFO">${text} = Stainless Steel Women</msg>
<var>${text}</var>
<arg>${title}</arg>
<doc>Returns the text value of the element identified by ``locator``.</doc>
<status status="PASS" start="2024-05-15T15:14:52.267179" elapsed="0.005318"/>
</kw>
<kw name="Run Keyword If" owner="BuiltIn">
<kw name="Should Not Be Empty" owner="BuiltIn">
<msg time="2024-05-15T15:14:52.273551" level="INFO">Length is 21.</msg>
<arg>${text}</arg>
<doc>Verifies that the given item is not empty.</doc>
<status status="PASS" start="2024-05-15T15:14:52.273551" elapsed="0.000000"/>
</kw>
<arg>'${text}' != ''</arg>
<arg>Should Not Be Empty</arg>
<arg>${text}</arg>
<doc>Runs the given keyword with the given arguments, if ``condition`` is true.</doc>
<status status="PASS" start="2024-05-15T15:14:52.273551" elapsed="0.000000"/>
</kw>
<var name="${title}">&lt;selenium.webdriver.remote.webelement.WebElement (session="18c46d3c9d9263f63fbe3c568a84b49d", element="f.E2DC05624F6332DA99CA1C1AD0AFC2D6.d.DC360D1A1521A9D2C63801A2FD0FDC88.e.115")&gt;</var>
<status status="PASS" start="2024-05-15T15:14:52.267179" elapsed="0.006372"/>
</iter>
<iter>
<kw name="Get Text" owner="SeleniumLibrary">
<msg time="2024-05-15T15:14:52.281659" level="INFO">${text} = </msg>
<var>${text}</var>
<arg>${title}</arg>
<doc>Returns the text value of the element identified by ``locator``.</doc>
<status status="PASS" start="2024-05-15T15:14:52.274536" elapsed="0.007123"/>
</kw>
<kw name="Run Keyword If" owner="BuiltIn">
<arg>'${text}' != ''</arg>
<arg>Should Not Be Empty</arg>
<arg>${text}</arg>
<doc>Runs the given keyword with the given arguments, if ``condition`` is true.</doc>
<status status="PASS" start="2024-05-15T15:14:52.281659" elapsed="0.000000"/>
</kw>
<var name="${title}">&lt;selenium.webdriver.remote.webelement.WebElement (session="18c46d3c9d9263f63fbe3c568a84b49d", element="f.E2DC05624F6332DA99CA1C1AD0AFC2D6.d.DC360D1A1521A9D2C63801A2FD0FDC88.e.116")&gt;</var>
<status status="PASS" start="2024-05-15T15:14:52.274536" elapsed="0.007123"/>
</iter>
<iter>
<kw name="Get Text" owner="SeleniumLibrary">
<msg time="2024-05-15T15:14:52.287607" level="INFO">${text} = </msg>
<var>${text}</var>
<arg>${title}</arg>
<doc>Returns the text value of the element identified by ``locator``.</doc>
<status status="PASS" start="2024-05-15T15:14:52.282654" elapsed="0.004953"/>
</kw>
<kw name="Run Keyword If" owner="BuiltIn">
<arg>'${text}' != ''</arg>
<arg>Should Not Be Empty</arg>
<arg>${text}</arg>
<doc>Runs the given keyword with the given arguments, if ``condition`` is true.</doc>
<status status="PASS" start="2024-05-15T15:14:52.287607" elapsed="0.001041"/>
</kw>
<var name="${title}">&lt;selenium.webdriver.remote.webelement.WebElement (session="18c46d3c9d9263f63fbe3c568a84b49d", element="f.E2DC05624F6332DA99CA1C1AD0AFC2D6.d.DC360D1A1521A9D2C63801A2FD0FDC88.e.117")&gt;</var>
<status status="PASS" start="2024-05-15T15:14:52.282654" elapsed="0.005994"/>
</iter>
<iter>
<kw name="Get Text" owner="SeleniumLibrary">
<msg time="2024-05-15T15:14:52.294590" level="INFO">${text} = </msg>
<var>${text}</var>
<arg>${title}</arg>
<doc>Returns the text value of the element identified by ``locator``.</doc>
<status status="PASS" start="2024-05-15T15:14:52.288648" elapsed="0.005942"/>
</kw>
<kw name="Run Keyword If" owner="BuiltIn">
<arg>'${text}' != ''</arg>
<arg>Should Not Be Empty</arg>
<arg>${text}</arg>
<doc>Runs the given keyword with the given arguments, if ``condition`` is true.</doc>
<status status="PASS" start="2024-05-15T15:14:52.294590" elapsed="0.000000"/>
</kw>
<var name="${title}">&lt;selenium.webdriver.remote.webelement.WebElement (session="18c46d3c9d9263f63fbe3c568a84b49d", element="f.E2DC05624F6332DA99CA1C1AD0AFC2D6.d.DC360D1A1521A9D2C63801A2FD0FDC88.e.118")&gt;</var>
<status status="PASS" start="2024-05-15T15:14:52.288648" elapsed="0.005942"/>
</iter>
<iter>
<kw name="Get Text" owner="SeleniumLibrary">
<msg time="2024-05-15T15:14:52.300608" level="INFO">${text} = </msg>
<var>${text}</var>
<arg>${title}</arg>
<doc>Returns the text value of the element identified by ``locator``.</doc>
<status status="PASS" start="2024-05-15T15:14:52.295653" elapsed="0.004955"/>
</kw>
<kw name="Run Keyword If" owner="BuiltIn">
<arg>'${text}' != ''</arg>
<arg>Should Not Be Empty</arg>
<arg>${text}</arg>
<doc>Runs the given keyword with the given arguments, if ``condition`` is true.</doc>
<status status="PASS" start="2024-05-15T15:14:52.300608" elapsed="0.000000"/>
</kw>
<var name="${title}">&lt;selenium.webdriver.remote.webelement.WebElement (session="18c46d3c9d9263f63fbe3c568a84b49d", element="f.E2DC05624F6332DA99CA1C1AD0AFC2D6.d.DC360D1A1521A9D2C63801A2FD0FDC88.e.119")&gt;</var>
<status status="PASS" start="2024-05-15T15:14:52.294590" elapsed="0.006018"/>
</iter>
<var>${title}</var>
<value>@{titles}</value>
<status status="PASS" start="2024-05-15T15:14:52.247179" elapsed="0.054474"/>
</for>
<status status="PASS" start="2024-05-15T15:14:52.238179" elapsed="0.063474"/>
</kw>
<kw name="Closing my browser" owner="common" type="TEARDOWN">
<kw name="Close Browser" owner="SeleniumLibrary">
<doc>Closes the current browser.</doc>
<status status="PASS" start="2024-05-15T15:14:52.301653" elapsed="2.131900"/>
</kw>
<status status="PASS" start="2024-05-15T15:14:52.301653" elapsed="2.132563"/>
</kw>
<status status="PASS" start="2024-05-15T15:14:48.656017" elapsed="5.779231"/>
</test>
<doc>Module1 - Shop page</doc>
<status status="PASS" start="2024-05-15T15:13:53.910591" elapsed="60.525659"/>
</suite>
<statistics>
<total>
<stat pass="7" fail="0" skip="0">All Tests</stat>
</total>
<tag>
</tag>
<suite>
<stat pass="7" fail="0" skip="0" id="s1" name="Product Detail Page">Product Detail Page</stat>
</suite>
</statistics>
<errors>
</errors>
</robot>
